#
# There is insufficient memory for the Java Runtime Environment to continue.
# Native memory allocation (malloc) failed to allocate 75837440 bytes for committing reserved memory.
# Possible reasons:
#   The system is out of physical RAM or swap space
#   In 32 bit mode, the process size limit was hit
# Possible solutions:
#   Reduce memory load on the system
#   Increase physical memory or swap space
#   Check if swap backing store is full
#   Use 64 bit Java on a 64 bit OS
#   Decrease Java heap size (-Xmx/-Xms)
#   Decrease number of Java threads
#   Decrease Java thread stack sizes (-Xss)
#   Set larger code cache with -XX:ReservedCodeCacheSize=
# This output file may be truncated or incomplete.
#
#  Out of Memory Error (os_linux.cpp:2798), pid=5893, tid=139812302075648
#
# JRE version: OpenJDK Runtime Environment (7.0_65-b32) (build 1.7.0_65-b32)
# Java VM: OpenJDK 64-Bit Server VM (24.65-b04 mixed mode linux-amd64 compressed oops)
# Derivative: IcedTea 2.5.3
# Distribution: Ubuntu 14.04 LTS, package 7u71-2.5.3-0ubuntu0.14.04.1
# Failed to write core dump. Core dumps have been disabled. To enable core dumping, try "ulimit -c unlimited" before starting Java again
#

---------------  T H R E A D  ---------------

Current thread (0x00007f2890092800):  VMThread [stack: 0x00007f289689b000,0x00007f289699c000] [id=5896]

Stack: [0x00007f289689b000,0x00007f289699c000],  sp=0x00007f289699a590,  free space=1021k
Native frames: (J=compiled Java code, j=interpreted, Vv=VM code, C=native code)
V  [libjvm.so+0x948b05]  VMError::report_and_die()+0x175
V  [libjvm.so+0x48bc34]  report_vm_out_of_memory(char const*, int, unsigned long, char const*)+0x74
V  [libjvm.so+0x7c7bfb]  os::pd_commit_memory(char*, unsigned long, unsigned long, bool)+0xeb
V  [libjvm.so+0x7c26bf]  os::commit_memory(char*, unsigned long, unsigned long, bool)+0x1f
V  [libjvm.so+0x9459f4]  VirtualSpace::expand_by(unsigned long, bool)+0x1c4
V  [libjvm.so+0x561b1e]  OneContigSpaceCardGeneration::grow_by(unsigned long)+0x1e
V  [libjvm.so+0x561e66]  OneContigSpaceCardGeneration::expand(unsigned long, unsigned long)+0x96
V  [libjvm.so+0x5535f0]  GenCollectedHeap::do_collection(bool, bool, unsigned long, bool, int)+0x7a0
V  [libjvm.so+0x425812]  GenCollectorPolicy::satisfy_failed_allocation(unsigned long, bool)+0xb2
V  [libjvm.so+0x949e01]  VM_GenCollectForAllocation::doit()+0x81
V  [libjvm.so+0x94e9f7]  VM_Operation::evaluate()+0x47
V  [libjvm.so+0x94d368]  VMThread::evaluate_operation(VM_Operation*)+0x318
V  [libjvm.so+0x94d7c9]  VMThread::loop()+0x219
V  [libjvm.so+0x94dc12]  VMThread::run()+0x72
V  [libjvm.so+0x7c4ac2]  java_start(Thread*)+0xf2

VM_Operation (0x00007f289449ea40): GenCollectForAllocation, mode: safepoint, requested by thread 0x00007f289087d800


---------------  P R O C E S S  ---------------

Java Threads: ( => current thread )
  0x00007f2884006000 JavaThread "Keep-Alive-Timer" daemon [_thread_blocked, id=5915, stack(0x00007f288cad1000,0x00007f288cbd2000)]
  0x00007f2878003000 JavaThread "Netty IO #0" daemon [_thread_in_native, id=5913, stack(0x00007f28940a0000,0x00007f28941a1000)]
  0x00007f2878004800 JavaThread "Thread-5" [_thread_blocked, id=5910, stack(0x00007f28941a1000,0x00007f28942a2000)]
  0x00007f2878001000 JavaThread "Server console handler" daemon [_thread_blocked, id=5909, stack(0x00007f28942a2000,0x00007f28943a3000)]
  0x00007f289000a000 JavaThread "DestroyJavaVM" [_thread_blocked, id=5895, stack(0x00007f289a256000,0x00007f289a357000)]
  0x00007f289087d800 JavaThread "Server thread" [_thread_blocked, id=5908, stack(0x00007f28943a3000,0x00007f28944a4000)]
  0x00007f289087c000 JavaThread "Server Infinisleeper" daemon [_thread_blocked, id=5907, stack(0x00007f28944a4000,0x00007f28945a5000)]
  0x00007f289080b000 JavaThread "process reaper" daemon [_thread_blocked, id=5906, stack(0x00007f28945a5000,0x00007f28945de000)]
  0x00007f28902c0000 JavaThread "Snooper Timer" daemon [_thread_blocked, id=5904, stack(0x00007f28945de000,0x00007f28946df000)]
  0x00007f28900cc800 JavaThread "Service Thread" daemon [_thread_blocked, id=5902, stack(0x00007f2896295000,0x00007f2896396000)]
  0x00007f28900c9800 JavaThread "C2 CompilerThread1" daemon [_thread_blocked, id=5901, stack(0x00007f2896396000,0x00007f2896497000)]
  0x00007f28900c7800 JavaThread "C2 CompilerThread0" daemon [_thread_blocked, id=5900, stack(0x00007f2896497000,0x00007f2896598000)]
  0x00007f28900c5800 JavaThread "Signal Dispatcher" daemon [_thread_blocked, id=5899, stack(0x00007f2896598000,0x00007f2896699000)]
  0x00007f2890099000 JavaThread "Finalizer" daemon [_thread_blocked, id=5898, stack(0x00007f2896699000,0x00007f289679a000)]
  0x00007f2890097000 JavaThread "Reference Handler" daemon [_thread_blocked, id=5897, stack(0x00007f289679a000,0x00007f289689b000)]

Other Threads:
=>0x00007f2890092800 VMThread [stack: 0x00007f289689b000,0x00007f289699c000] [id=5896]
  0x00007f28900d7800 WatcherThread [stack: 0x00007f2896194000,0x00007f2896295000] [id=5903]

VM state:at safepoint (normal execution)

VM Mutex/Monitor currently owned by a thread:  ([mutex/lock_event])
[0x00007f2890006360] Threads_lock - owner thread: 0x00007f2890092800
[0x00007f2890006860] Heap_lock - owner thread: 0x00007f289087d800

Heap
 def new generation   total 95232K, used 0K [0x00000000d9800000, 0x00000000dff50000, 0x00000000e2e00000)
  eden space 84672K,   0% used [0x00000000d9800000, 0x00000000d9800000, 0x00000000deab0000)
  from space 10560K,   0% used [0x00000000deab0000, 0x00000000deab0000, 0x00000000df500000)
  to   space 10560K,   0% used [0x00000000df500000, 0x00000000df500000, 0x00000000dff50000)
 tenured generation   total 233140K, used 218966K [0x00000000e2e00000, 0x00000000f11ad000, 0x00000000f5a00000)
   the space 233140K,  93% used [0x00000000e2e00000, 0x00000000f03d58e8, 0x00000000f03d5a00, 0x00000000f11ad000)
 compacting perm gen  total 60544K, used 60429K [0x00000000f5a00000, 0x00000000f9520000, 0x0000000100000000)
   the space 60544K,  99% used [0x00000000f5a00000, 0x00000000f9503650, 0x00000000f9503800, 0x00000000f9520000)
No shared spaces configured.

Card table byte_map: [0x00007f2896d52000,0x00007f2896e87000] byte_map_base: 0x00007f2896686000

Polling page: 0x00007f289a361000

Code Cache  [0x00007f288d000000, 0x00007f288d270000, 0x00007f2890000000)
 total_blobs=967 nmethods=518 adapters=401 free_code_cache=47407Kb largest_free_block=48481728

Compilation events (10 events):
Event: 17.658 Thread 0x00007f28900c7800 nmethod 583 0x00007f288d13ccd0 code [0x00007f288d13ce20, 0x00007f288d13cf28]
Event: 17.659 Thread 0x00007f28900c7800  584             java.util.jar.JarFile$1::hasMoreElements (10 bytes)
Event: 17.665 Thread 0x00007f28900c7800 nmethod 584 0x00007f288d149590 code [0x00007f288d1496e0, 0x00007f288d1499d8]
Event: 17.665 Thread 0x00007f28900c7800  585   !         java.util.zip.ZipFile$1::hasMoreElements (41 bytes)
Event: 17.666 Thread 0x00007f28900c7800 nmethod 585 0x00007f288d148f90 code [0x00007f288d1490e0, 0x00007f288d1493f8]
Event: 17.666 Thread 0x00007f28900c7800  586             java.util.jar.JarFile$1::nextElement (5 bytes)
Event: 17.679 Thread 0x00007f28900c9800 nmethod 581 0x00007f288d177790 code [0x00007f288d177a60, 0x00007f288d1786a0]
Event: 17.679 Thread 0x00007f28900c9800  587             java.util.jar.JarFile$1::nextElement (26 bytes)
Event: 17.692 Thread 0x00007f28900c7800 nmethod 586 0x00007f288d14a590 code [0x00007f288d14a740, 0x00007f288d14add0]
Event: 17.692 Thread 0x00007f28900c7800  588             java.util.zip.ZipFile$1::nextElement (5 bytes)

GC Heap History (10 events):
Event: 13.066 GC heap after
Heap after GC invocations=39 (full 6):
 def new generation   total 59008K, used 6528K [0x00000000d9800000, 0x00000000dd800000, 0x00000000e2e00000)
  eden space 52480K,   0% used [0x00000000d9800000, 0x00000000d9800000, 0x00000000dcb40000)
  from space 6528K, 100% used [0x00000000dd1a0000, 0x00000000dd800000, 0x00000000dd800000)
  to   space 6528K,   0% used [0x00000000dcb40000, 0x00000000dcb40000, 0x00000000dd1a0000)
 tenured generation   total 130940K, used 123208K [0x00000000e2e00000, 0x00000000eaddf000, 0x00000000f5a00000)
   the space 130940K,  94% used [0x00000000e2e00000, 0x00000000ea652010, 0x00000000ea652200, 0x00000000eaddf000)
 compacting perm gen  total 54784K, used 54545K [0x00000000f5a00000, 0x00000000f8f80000, 0x0000000100000000)
   the space 54784K,  99% used [0x00000000f5a00000, 0x00000000f8f447e0, 0x00000000f8f44800, 0x00000000f8f80000)
No shared spaces configured.
}
Event: 13.203 GC heap before
{Heap before GC invocations=39 (full 6):
 def new generation   total 59008K, used 22378K [0x00000000d9800000, 0x00000000dd800000, 0x00000000e2e00000)
  eden space 52480K,  30% used [0x00000000d9800000, 0x00000000da77a988, 0x00000000dcb40000)
  from space 6528K, 100% used [0x00000000dd1a0000, 0x00000000dd800000, 0x00000000dd800000)
  to   space 6528K,   0% used [0x00000000dcb40000, 0x00000000dcb40000, 0x00000000dd1a0000)
 tenured generation   total 130940K, used 123208K [0x00000000e2e00000, 0x00000000eaddf000, 0x00000000f5a00000)
   the space 130940K,  94% used [0x00000000e2e00000, 0x00000000ea652010, 0x00000000ea652200, 0x00000000eaddf000)
 compacting perm gen  total 55104K, used 55103K [0x00000000f5a00000, 0x00000000f8fd0000, 0x0000000100000000)
   the space 55104K,  99% used [0x00000000f5a00000, 0x00000000f8fcfe30, 0x00000000f8fd0000, 0x00000000f8fd0000)
No shared spaces configured.
Event: 13.609 GC heap after
Heap after GC invocations=40 (full 7):
 def new generation   total 95232K, used 0K [0x00000000d9800000, 0x00000000dff50000, 0x00000000e2e00000)
  eden space 84672K,   0% used [0x00000000d9800000, 0x00000000d9800000, 0x00000000deab0000)
  from space 10560K,   0% used [0x00000000deab0000, 0x00000000deab0000, 0x00000000df500000)
  to   space 10560K,   0% used [0x00000000df500000, 0x00000000df500000, 0x00000000dff50000)
 tenured generation   total 211544K, used 126924K [0x00000000e2e00000, 0x00000000efc96000, 0x00000000f5a00000)
   the space 211544K,  59% used [0x00000000e2e00000, 0x00000000ea9f3068, 0x00000000ea9f3200, 0x00000000efc96000)
 compacting perm gen  total 55104K, used 55103K [0x00000000f5a00000, 0x00000000f8fd0000, 0x0000000100000000)
   the space 55104K,  99% used [0x00000000f5a00000, 0x00000000f8fcfe30, 0x00000000f8fd0000, 0x00000000f8fd0000)
No shared spaces configured.
}
Event: 14.354 GC heap before
{Heap before GC invocations=40 (full 7):
 def new generation   total 95232K, used 84672K [0x00000000d9800000, 0x00000000dff50000, 0x00000000e2e00000)
  eden space 84672K, 100% used [0x00000000d9800000, 0x00000000deab0000, 0x00000000deab0000)
  from space 10560K,   0% used [0x00000000deab0000, 0x00000000deab0000, 0x00000000df500000)
  to   space 10560K,   0% used [0x00000000df500000, 0x00000000df500000, 0x00000000dff50000)
 tenured generation   total 211544K, used 126924K [0x00000000e2e00000, 0x00000000efc96000, 0x00000000f5a00000)
   the space 211544K,  59% used [0x00000000e2e00000, 0x00000000ea9f3068, 0x00000000ea9f3200, 0x00000000efc96000)
 compacting perm gen  total 57984K, used 57830K [0x00000000f5a00000, 0x00000000f92a0000, 0x0000000100000000)
   the space 57984K,  99% used [0x00000000f5a00000, 0x00000000f92798e0, 0x00000000f9279a00, 0x00000000f92a0000)
No shared spaces configured.
Event: 14.440 GC heap after
Heap after GC invocations=41 (full 7):
 def new generation   total 95232K, used 10559K [0x00000000d9800000, 0x00000000dff50000, 0x00000000e2e00000)
  eden space 84672K,   0% used [0x00000000d9800000, 0x00000000d9800000, 0x00000000deab0000)
  from space 10560K,  99% used [0x00000000df500000, 0x00000000dff4fff8, 0x00000000dff50000)
  to   space 10560K,   0% used [0x00000000deab0000, 0x00000000deab0000, 0x00000000df500000)
 tenured generation   total 211544K, used 148305K [0x00000000e2e00000, 0x00000000efc96000, 0x00000000f5a00000)
   the space 211544K,  70% used [0x00000000e2e00000, 0x00000000ebed4528, 0x00000000ebed4600, 0x00000000efc96000)
 compacting perm gen  total 57984K, used 57830K [0x00000000f5a00000, 0x00000000f92a0000, 0x0000000100000000)
   the space 57984K,  99% used [0x00000000f5a00000, 0x00000000f92798e0, 0x00000000f9279a00, 0x00000000f92a0000)
No shared spaces configured.
}
Event: 15.256 GC heap before
{Heap before GC invocations=41 (full 7):
 def new generation   total 95232K, used 95231K [0x00000000d9800000, 0x00000000dff50000, 0x00000000e2e00000)
  eden space 84672K, 100% used [0x00000000d9800000, 0x00000000deab0000, 0x00000000deab0000)
  from space 10560K,  99% used [0x00000000df500000, 0x00000000dff4fff8, 0x00000000dff50000)
  to   space 10560K,   0% used [0x00000000deab0000, 0x00000000deab0000, 0x00000000df500000)
 tenured generation   total 211544K, used 148305K [0x00000000e2e00000, 0x00000000efc96000, 0x00000000f5a00000)
   the space 211544K,  70% used [0x00000000e2e00000, 0x00000000ebed4528, 0x00000000ebed4600, 0x00000000efc96000)
 compacting perm gen  total 59584K, used 59333K [0x00000000f5a00000, 0x00000000f9430000, 0x0000000100000000)
   the space 59584K,  99% used [0x00000000f5a00000, 0x00000000f93f16a8, 0x00000000f93f1800, 0x00000000f9430000)
No shared spaces configured.
Event: 15.380 GC heap after
Heap after GC invocations=42 (full 7):
 def new generation   total 95232K, used 10560K [0x00000000d9800000, 0x00000000dff50000, 0x00000000e2e00000)
  eden space 84672K,   0% used [0x00000000d9800000, 0x00000000d9800000, 0x00000000deab0000)
  from space 10560K, 100% used [0x00000000deab0000, 0x00000000df500000, 0x00000000df500000)
  to   space 10560K,   0% used [0x00000000df500000, 0x00000000df500000, 0x00000000dff50000)
 tenured generation   total 211544K, used 173541K [0x00000000e2e00000, 0x00000000efc96000, 0x00000000f5a00000)
   the space 211544K,  82% used [0x00000000e2e00000, 0x00000000ed7795f0, 0x00000000ed779600, 0x00000000efc96000)
 compacting perm gen  total 59584K, used 59333K [0x00000000f5a00000, 0x00000000f9430000, 0x0000000100000000)
   the space 59584K,  99% used [0x00000000f5a00000, 0x00000000f93f16a8, 0x00000000f93f1800, 0x00000000f9430000)
No shared spaces configured.
}
Event: 16.439 GC heap before
{Heap before GC invocations=42 (full 7):
 def new generation   total 95232K, used 95232K [0x00000000d9800000, 0x00000000dff50000, 0x00000000e2e00000)
  eden space 84672K, 100% used [0x00000000d9800000, 0x00000000deab0000, 0x00000000deab0000)
  from space 10560K, 100% used [0x00000000deab0000, 0x00000000df500000, 0x00000000df500000)
  to   space 10560K,   0% used [0x00000000df500000, 0x00000000df500000, 0x00000000dff50000)
 tenured generation   total 211544K, used 173541K [0x00000000e2e00000, 0x00000000efc96000, 0x00000000f5a00000)
   the space 211544K,  82% used [0x00000000e2e00000, 0x00000000ed7795f0, 0x00000000ed779600, 0x00000000efc96000)
 compacting perm gen  total 59904K, used 59738K [0x00000000f5a00000, 0x00000000f9480000, 0x0000000100000000)
   the space 59904K,  99% used [0x00000000f5a00000, 0x00000000f9456a30, 0x00000000f9456c00, 0x00000000f9480000)
No shared spaces configured.
Event: 16.575 GC heap after
Heap after GC invocations=43 (full 7):
 def new generation   total 95232K, used 10559K [0x00000000d9800000, 0x00000000dff50000, 0x00000000e2e00000)
  eden space 84672K,   0% used [0x00000000d9800000, 0x00000000d9800000, 0x00000000deab0000)
  from space 10560K,  99% used [0x00000000df500000, 0x00000000dff4fff8, 0x00000000dff50000)
  to   space 10560K,   0% used [0x00000000deab0000, 0x00000000deab0000, 0x00000000df500000)
 tenured generation   total 211544K, used 198555K [0x00000000e2e00000, 0x00000000efc96000, 0x00000000f5a00000)
   the space 211544K,  93% used [0x00000000e2e00000, 0x00000000eefe6d98, 0x00000000eefe6e00, 0x00000000efc96000)
 compacting perm gen  total 59904K, used 59738K [0x00000000f5a00000, 0x00000000f9480000, 0x0000000100000000)
   the space 59904K,  99% used [0x00000000f5a00000, 0x00000000f9456a30, 0x00000000f9456c00, 0x00000000f9480000)
No shared spaces configured.
}
Event: 17.695 GC heap before
{Heap before GC invocations=43 (full 7):
 def new generation   total 95232K, used 95231K [0x00000000d9800000, 0x00000000dff50000, 0x00000000e2e00000)
  eden space 84672K, 100% used [0x00000000d9800000, 0x00000000deab0000, 0x00000000deab0000)
  from space 10560K,  99% used [0x00000000df500000, 0x00000000dff4fff8, 0x00000000dff50000)
  to   space 10560K,   0% used [0x00000000deab0000, 0x00000000deab0000, 0x00000000df500000)
 tenured generation   total 211544K, used 198555K [0x00000000e2e00000, 0x00000000efc96000, 0x00000000f5a00000)
   the space 211544K,  93% used [0x00000000e2e00000, 0x00000000eefe6d98, 0x00000000eefe6e00, 0x00000000efc96000)
 compacting perm gen  total 60544K, used 60431K [0x00000000f5a00000, 0x00000000f9520000, 0x0000000100000000)
   the space 60544K,  99% used [0x00000000f5a00000, 0x00000000f9503db8, 0x00000000f9503e00, 0x00000000f9520000)
No shared spaces configured.

Deoptimization events (10 events):
Event: 16.717 Thread 0x00007f289087d800 Uncommon trap: reason=bimorphic action=maybe_recompile pc=0x00007f288d17ea70 method=org.jruby.compiler.ASTInspector.inspect(Lorg/jruby/ast/Node;)V @ 3087
Event: 16.717 Thread 0x00007f289087d800 Uncommon trap: reason=bimorphic action=maybe_recompile pc=0x00007f288d17ea70 method=org.jruby.compiler.ASTInspector.inspect(Lorg/jruby/ast/Node;)V @ 3087
Event: 16.717 Thread 0x00007f289087d800 Uncommon trap: reason=bimorphic action=maybe_recompile pc=0x00007f288d17ea70 method=org.jruby.compiler.ASTInspector.inspect(Lorg/jruby/ast/Node;)V @ 3087
Event: 16.717 Thread 0x00007f289087d800 Uncommon trap: reason=bimorphic action=maybe_recompile pc=0x00007f288d17ea70 method=org.jruby.compiler.ASTInspector.inspect(Lorg/jruby/ast/Node;)V @ 3087
Event: 16.814 Thread 0x00007f289087d800 Uncommon trap: reason=class_check action=maybe_recompile pc=0x00007f288d064e20 method=java.lang.String.equals(Ljava/lang/Object;)Z @ 8
Event: 16.862 Thread 0x00007f289087d800 Uncommon trap: reason=class_check action=maybe_recompile pc=0x00007f288d064e20 method=java.lang.String.equals(Ljava/lang/Object;)Z @ 8
Event: 16.862 Thread 0x00007f289087d800 Uncommon trap: reason=class_check action=maybe_recompile pc=0x00007f288d064e20 method=java.lang.String.equals(Ljava/lang/Object;)Z @ 8
Event: 16.863 Thread 0x00007f289087d800 Uncommon trap: reason=class_check action=maybe_recompile pc=0x00007f288d064e20 method=java.lang.String.equals(Ljava/lang/Object;)Z @ 8
Event: 17.349 Thread 0x00007f289087d800 Uncommon trap: reason=class_check action=maybe_recompile pc=0x00007f288d1a591c method=org.jruby.compiler.ASTInspector.inspect(Lorg/jruby/ast/Node;)V @ 2336
Event: 17.349 Thread 0x00007f289087d800 Uncommon trap: reason=class_check action=maybe_recompile pc=0x00007f288d1a591c method=org.jruby.compiler.ASTInspector.inspect(Lorg/jruby/ast/Node;)V @ 2336

Internal exceptions (10 events):
Event: 17.382 Thread 0x00007f289087d800 Threw 0x00000000dd591bb8 at /build/buildd/openjdk-7-7u71-2.5.3/build/openjdk/hotspot/src/share/vm/prims/jvm.cpp:1284
Event: 17.382 Thread 0x00007f289087d800 Threw 0x00000000dd5925d8 at /build/buildd/openjdk-7-7u71-2.5.3/build/openjdk/hotspot/src/share/vm/prims/jvm.cpp:1284
Event: 17.383 Thread 0x00007f289087d800 Threw 0x00000000dd5972e0 at /build/buildd/openjdk-7-7u71-2.5.3/build/openjdk/hotspot/src/share/vm/prims/jvm.cpp:1284
Event: 17.383 Thread 0x00007f289087d800 Threw 0x00000000dd597d70 at /build/buildd/openjdk-7-7u71-2.5.3/build/openjdk/hotspot/src/share/vm/prims/jvm.cpp:1284
Event: 17.383 Thread 0x00007f289087d800 Threw 0x00000000dd59b9b8 at /build/buildd/openjdk-7-7u71-2.5.3/build/openjdk/hotspot/src/share/vm/prims/jvm.cpp:1284
Event: 17.391 Thread 0x00007f289087d800 Threw 0x00000000dd59c408 at /build/buildd/openjdk-7-7u71-2.5.3/build/openjdk/hotspot/src/share/vm/prims/jvm.cpp:1284
Event: 17.391 Thread 0x00007f289087d800 Threw 0x00000000dd59f380 at /build/buildd/openjdk-7-7u71-2.5.3/build/openjdk/hotspot/src/share/vm/prims/jvm.cpp:1284
Event: 17.391 Thread 0x00007f289087d800 Threw 0x00000000dd59fd50 at /build/buildd/openjdk-7-7u71-2.5.3/build/openjdk/hotspot/src/share/vm/prims/jvm.cpp:1284
Event: 17.686 Thread 0x00007f289087d800 Threw 0x00000000dea95cb8 at /build/buildd/openjdk-7-7u71-2.5.3/build/openjdk/hotspot/src/share/vm/prims/jvm.cpp:1284
Event: 17.686 Thread 0x00007f289087d800 Threw 0x00000000dea966d8 at /build/buildd/openjdk-7-7u71-2.5.3/build/openjdk/hotspot/src/share/vm/prims/jvm.cpp:1284

Events (10 events):
Event: 17.391 loading class 0x00007f2878211ea0 done
Event: 17.396 loading class 0x00007f28900d01e0
Event: 17.396 loading class 0x00007f28900d01e0 done
Event: 17.396 loading class 0x00007f2890084a70
Event: 17.396 loading class 0x00007f2890084a70 done
Event: 17.646 Thread 0x00007f28900c7800 flushing nmethod 0x00007f288d13ccd0
Event: 17.646 Thread 0x00007f28900c7800 flushing nmethod 0x00007f288d148dd0
Event: 17.686 loading class 0x00007f28784b8eb0
Event: 17.686 loading class 0x00007f28784b8eb0 done
Event: 17.695 Executing VM operation: GenCollectForAllocation


Dynamic libraries:
00400000-00401000 r-xp 00000000 fd:01 939968                             /usr/lib/jvm/java-7-openjdk-amd64/jre/bin/java
00600000-00601000 r--p 00000000 fd:01 939968                             /usr/lib/jvm/java-7-openjdk-amd64/jre/bin/java
00601000-00602000 rw-p 00001000 fd:01 939968                             /usr/lib/jvm/java-7-openjdk-amd64/jre/bin/java
00fe0000-01001000 rw-p 00000000 00:00 0                                  [heap]
d9800000-dff50000 rw-p 00000000 00:00 0 
dff50000-e2e00000 rw-p 00000000 00:00 0 
e2e00000-f11ad000 rw-p 00000000 00:00 0 
f5a00000-f9520000 rw-p 00000000 00:00 0 
f9520000-100000000 rw-p 00000000 00:00 0 
7f2870000000-7f28709ec000 rw-p 00000000 00:00 0 
7f28709ec000-7f2874000000 ---p 00000000 00:00 0 
7f2874000000-7f2874021000 rw-p 00000000 00:00 0 
7f2874021000-7f2878000000 ---p 00000000 00:00 0 
7f2878000000-7f28784d3000 rw-p 00000000 00:00 0 
7f28784d3000-7f287c000000 ---p 00000000 00:00 0 
7f287c000000-7f287cc2a000 rw-p 00000000 00:00 0 
7f287cc2a000-7f2880000000 ---p 00000000 00:00 0 
7f2880000000-7f2880021000 rw-p 00000000 00:00 0 
7f2880021000-7f2884000000 ---p 00000000 00:00 0 
7f2884000000-7f2884021000 rw-p 00000000 00:00 0 
7f2884021000-7f2888000000 ---p 00000000 00:00 0 
7f2888000000-7f28882a7000 rw-p 00000000 00:00 0 
7f28882a7000-7f288c000000 ---p 00000000 00:00 0 
7f288c9a3000-7f288cad1000 r--s 011d3000 fd:01 787194                     /srv/minecraft/minecraft_server/craftbukkit.jar
7f288cad1000-7f288cad4000 ---p 00000000 00:00 0 
7f288cad4000-7f288cbd2000 rw-p 00000000 00:00 0                          [stack:5915]
7f288cbd2000-7f288cbd7000 r-xp 00000000 fd:01 393583                     /lib/x86_64-linux-gnu/libnss_dns-2.19.so
7f288cbd7000-7f288cdd6000 ---p 00005000 fd:01 393583                     /lib/x86_64-linux-gnu/libnss_dns-2.19.so
7f288cdd6000-7f288cdd7000 r--p 00004000 fd:01 393583                     /lib/x86_64-linux-gnu/libnss_dns-2.19.so
7f288cdd7000-7f288cdd8000 rw-p 00005000 fd:01 393583                     /lib/x86_64-linux-gnu/libnss_dns-2.19.so
7f288cdd8000-7f288ceff000 r--s 013c7000 fd:01 787302                     /srv/minecraft/minecraft_server/plugins/purugin-0.7.1-bukkit-1.7.2-R0.3.jar
7f288ceff000-7f288cf02000 ---p 00000000 00:00 0 
7f288cf02000-7f288d000000 rw-p 00000000 00:00 0 
7f288d000000-7f288d270000 rwxp 00000000 00:00 0 
7f288d270000-7f2890883000 rw-p 00000000 00:00 0 
7f2890883000-7f2894000000 ---p 00000000 00:00 0 
7f28940a0000-7f28940a3000 ---p 00000000 00:00 0 
7f28940a3000-7f28941a1000 rw-p 00000000 00:00 0                          [stack:5913]
7f28941a1000-7f28941a4000 ---p 00000000 00:00 0 
7f28941a4000-7f28942a2000 rw-p 00000000 00:00 0                          [stack:5910]
7f28942a2000-7f28942a5000 ---p 00000000 00:00 0 
7f28942a5000-7f28943a3000 rw-p 00000000 00:00 0                          [stack:5909]
7f28943a3000-7f28943a6000 ---p 00000000 00:00 0 
7f28943a6000-7f28944a4000 rw-p 00000000 00:00 0                          [stack:5908]
7f28944a4000-7f28944a7000 ---p 00000000 00:00 0 
7f28944a7000-7f28945a5000 rw-p 00000000 00:00 0                          [stack:5907]
7f28945a5000-7f28945a8000 ---p 00000000 00:00 0 
7f28945a8000-7f28945de000 rw-p 00000000 00:00 0                          [stack:5906]
7f28945de000-7f28945e1000 ---p 00000000 00:00 0 
7f28945e1000-7f28946df000 rw-p 00000000 00:00 0                          [stack:5904]
7f28946df000-7f28946ef000 r-xp 00000000 fd:01 939889                     /usr/lib/jvm/java-7-openjdk-amd64/jre/lib/amd64/libnio.so
7f28946ef000-7f28948ef000 ---p 00010000 fd:01 939889                     /usr/lib/jvm/java-7-openjdk-amd64/jre/lib/amd64/libnio.so
7f28948ef000-7f28948f0000 r--p 00010000 fd:01 939889                     /usr/lib/jvm/java-7-openjdk-amd64/jre/lib/amd64/libnio.so
7f28948f0000-7f28948f1000 rw-p 00011000 fd:01 939889                     /usr/lib/jvm/java-7-openjdk-amd64/jre/lib/amd64/libnio.so
7f28948f1000-7f289492e000 r-xp 00000000 fd:01 393459                     /lib/x86_64-linux-gnu/libpcre.so.3.13.1
7f289492e000-7f2894b2d000 ---p 0003d000 fd:01 393459                     /lib/x86_64-linux-gnu/libpcre.so.3.13.1
7f2894b2d000-7f2894b2e000 r--p 0003c000 fd:01 393459                     /lib/x86_64-linux-gnu/libpcre.so.3.13.1
7f2894b2e000-7f2894b2f000 rw-p 0003d000 fd:01 393459                     /lib/x86_64-linux-gnu/libpcre.so.3.13.1
7f2894b2f000-7f2894b36000 r-xp 00000000 fd:01 920338                     /usr/lib/x86_64-linux-gnu/libffi.so.6.0.1
7f2894b36000-7f2894d35000 ---p 00007000 fd:01 920338                     /usr/lib/x86_64-linux-gnu/libffi.so.6.0.1
7f2894d35000-7f2894d36000 r--p 00006000 fd:01 920338                     /usr/lib/x86_64-linux-gnu/libffi.so.6.0.1
7f2894d36000-7f2894d37000 rw-p 00007000 fd:01 920338                     /usr/lib/x86_64-linux-gnu/libffi.so.6.0.1
7f2894d37000-7f2894d4e000 r-xp 00000000 fd:01 393396                     /lib/x86_64-linux-gnu/libresolv-2.19.so
7f2894d4e000-7f2894f4e000 ---p 00017000 fd:01 393396                     /lib/x86_64-linux-gnu/libresolv-2.19.so
7f2894f4e000-7f2894f4f000 r--p 00017000 fd:01 393396                     /lib/x86_64-linux-gnu/libresolv-2.19.so
7f2894f4f000-7f2894f50000 rw-p 00018000 fd:01 393396                     /lib/x86_64-linux-gnu/libresolv-2.19.so
7f2894f50000-7f2894f52000 rw-p 00000000 00:00 0 
7f2894f52000-7f2894f72000 r-xp 00000000 fd:01 393377                     /lib/x86_64-linux-gnu/libselinux.so.1
7f2894f72000-7f2895171000 ---p 00020000 fd:01 393377                     /lib/x86_64-linux-gnu/libselinux.so.1
7f2895171000-7f2895172000 r--p 0001f000 fd:01 393377                     /lib/x86_64-linux-gnu/libselinux.so.1
7f2895172000-7f2895173000 rw-p 00020000 fd:01 393377                     /lib/x86_64-linux-gnu/libselinux.so.1
7f2895173000-7f2895175000 rw-p 00000000 00:00 0 
7f2895175000-7f2895178000 r-xp 00000000 fd:01 929358                     /usr/lib/x86_64-linux-gnu/libgmodule-2.0.so.0.4000.0
7f2895178000-7f2895377000 ---p 00003000 fd:01 929358                     /usr/lib/x86_64-linux-gnu/libgmodule-2.0.so.0.4000.0
7f2895377000-7f2895378000 r--p 00002000 fd:01 929358                     /usr/lib/x86_64-linux-gnu/libgmodule-2.0.so.0.4000.0
7f2895378000-7f2895379000 rw-p 00003000 fd:01 929358                     /usr/lib/x86_64-linux-gnu/libgmodule-2.0.so.0.4000.0
7f2895379000-7f289547f000 r-xp 00000000 fd:01 398033                     /lib/x86_64-linux-gnu/libglib-2.0.so.0.4000.0
7f289547f000-7f289567e000 ---p 00106000 fd:01 398033                     /lib/x86_64-linux-gnu/libglib-2.0.so.0.4000.0
7f289567e000-7f289567f000 r--p 00105000 fd:01 398033                     /lib/x86_64-linux-gnu/libglib-2.0.so.0.4000.0
7f289567f000-7f2895680000 rw-p 00106000 fd:01 398033                     /lib/x86_64-linux-gnu/libglib-2.0.so.0.4000.0
7f2895680000-7f2895681000 rw-p 00000000 00:00 0 
7f2895681000-7f28956d0000 r-xp 00000000 fd:01 929356                     /usr/lib/x86_64-linux-gnu/libgobject-2.0.so.0.4000.0
7f28956d0000-7f28958d0000 ---p 0004f000 fd:01 929356                     /usr/lib/x86_64-linux-gnu/libgobject-2.0.so.0.4000.0
7f28958d0000-7f28958d1000 r--p 0004f000 fd:01 929356                     /usr/lib/x86_64-linux-gnu/libgobject-2.0.so.0.4000.0
7f28958d1000-7f28958d2000 rw-p 00050000 fd:01 929356                     /usr/lib/x86_64-linux-gnu/libgobject-2.0.so.0.4000.0
7f28958d2000-7f2895a3d000 r-xp 00000000 fd:01 929357                     /usr/lib/x86_64-linux-gnu/libgio-2.0.so.0.4000.0
7f2895a3d000-7f2895c3d000 ---p 0016b000 fd:01 929357                     /usr/lib/x86_64-linux-gnu/libgio-2.0.so.0.4000.0
7f2895c3d000-7f2895c41000 r--p 0016b000 fd:01 929357                     /usr/lib/x86_64-linux-gnu/libgio-2.0.so.0.4000.0
7f2895c41000-7f2895c43000 rw-p 0016f000 fd:01 929357                     /usr/lib/x86_64-linux-gnu/libgio-2.0.so.0.4000.0
7f2895c43000-7f2895c45000 rw-p 00000000 00:00 0 
7f2895c45000-7f2895c5c000 r-xp 00000000 fd:01 939874                     /usr/lib/jvm/java-7-openjdk-amd64/jre/lib/amd64/libnet.so
7f2895c5c000-7f2895e5b000 ---p 00017000 fd:01 939874                     /usr/lib/jvm/java-7-openjdk-amd64/jre/lib/amd64/libnet.so
7f2895e5b000-7f2895e5c000 r--p 00016000 fd:01 939874                     /usr/lib/jvm/java-7-openjdk-amd64/jre/lib/amd64/libnet.so
7f2895e5c000-7f2895e5d000 rw-p 00017000 fd:01 939874                     /usr/lib/jvm/java-7-openjdk-amd64/jre/lib/amd64/libnet.so
7f2895e5d000-7f2895e65000 r-xp 00000000 fd:01 939890                     /usr/lib/jvm/java-7-openjdk-amd64/jre/lib/amd64/libmanagement.so
7f2895e65000-7f2896064000 ---p 00008000 fd:01 939890                     /usr/lib/jvm/java-7-openjdk-amd64/jre/lib/amd64/libmanagement.so
7f2896064000-7f2896065000 r--p 00007000 fd:01 939890                     /usr/lib/jvm/java-7-openjdk-amd64/jre/lib/amd64/libmanagement.so
7f2896065000-7f2896066000 rw-p 00008000 fd:01 939890                     /usr/lib/jvm/java-7-openjdk-amd64/jre/lib/amd64/libmanagement.so
7f2896066000-7f2896194000 r--s 011d3000 fd:01 787194                     /srv/minecraft/minecraft_server/craftbukkit.jar
7f2896194000-7f2896195000 ---p 00000000 00:00 0 
7f2896195000-7f2896295000 rw-p 00000000 00:00 0                          [stack:5903]
7f2896295000-7f2896298000 ---p 00000000 00:00 0 
7f2896298000-7f2896396000 rw-p 00000000 00:00 0                          [stack:5902]
7f2896396000-7f2896399000 ---p 00000000 00:00 0 
7f2896399000-7f2896497000 rw-p 00000000 00:00 0                          [stack:5901]
7f2896497000-7f289649a000 ---p 00000000 00:00 0 
7f289649a000-7f2896598000 rw-p 00000000 00:00 0                          [stack:5900]
7f2896598000-7f289659b000 ---p 00000000 00:00 0 
7f289659b000-7f2896699000 rw-p 00000000 00:00 0                          [stack:5899]
7f2896699000-7f289669c000 ---p 00000000 00:00 0 
7f289669c000-7f289679a000 rw-p 00000000 00:00 0                          [stack:5898]
7f289679a000-7f289679d000 ---p 00000000 00:00 0 
7f289679d000-7f289689b000 rw-p 00000000 00:00 0                          [stack:5897]
7f289689b000-7f289689c000 ---p 00000000 00:00 0 
7f289689c000-7f28969e5000 rw-p 00000000 00:00 0                          [stack:5896]
7f28969e5000-7f2896b96000 r--s 01d25000 fd:01 939937                     /usr/lib/jvm/java-7-openjdk-amd64/jre/lib/rt.jar
7f2896b96000-7f2896c85000 rw-p 00000000 00:00 0 
7f2896c85000-7f2896cbb000 rw-p 00000000 00:00 0 
7f2896cbb000-7f2896d2d000 rw-p 00000000 00:00 0 
7f2896d2d000-7f2896d52000 rw-p 00000000 00:00 0 
7f2896d52000-7f2896d86000 rw-p 00000000 00:00 0 
7f2896d86000-7f2896d9d000 rw-p 00000000 00:00 0 
7f2896d9d000-7f2896e0f000 rw-p 00000000 00:00 0 
7f2896e0f000-7f2896e33000 rw-p 00000000 00:00 0 
7f2896e33000-7f2896e51000 rw-p 00000000 00:00 0 
7f2896e51000-7f2896e86000 rw-p 00000000 00:00 0 
7f2896e86000-7f2896e87000 rw-p 00000000 00:00 0 
7f2896e87000-7f2896e8f000 r-xp 00000000 fd:01 939866                     /usr/lib/jvm/java-7-openjdk-amd64/jre/lib/amd64/libzip.so
7f2896e8f000-7f289708e000 ---p 00008000 fd:01 939866                     /usr/lib/jvm/java-7-openjdk-amd64/jre/lib/amd64/libzip.so
7f289708e000-7f289708f000 r--p 00007000 fd:01 939866                     /usr/lib/jvm/java-7-openjdk-amd64/jre/lib/amd64/libzip.so
7f289708f000-7f2897090000 rw-p 00008000 fd:01 939866                     /usr/lib/jvm/java-7-openjdk-amd64/jre/lib/amd64/libzip.so
7f2897090000-7f289709b000 r-xp 00000000 fd:01 393625                     /lib/x86_64-linux-gnu/libnss_files-2.19.so
7f289709b000-7f289729a000 ---p 0000b000 fd:01 393625                     /lib/x86_64-linux-gnu/libnss_files-2.19.so
7f289729a000-7f289729b000 r--p 0000a000 fd:01 393625                     /lib/x86_64-linux-gnu/libnss_files-2.19.so
7f289729b000-7f289729c000 rw-p 0000b000 fd:01 393625                     /lib/x86_64-linux-gnu/libnss_files-2.19.so
7f289729c000-7f28972a7000 r-xp 00000000 fd:01 393627                     /lib/x86_64-linux-gnu/libnss_nis-2.19.so
7f28972a7000-7f28974a6000 ---p 0000b000 fd:01 393627                     /lib/x86_64-linux-gnu/libnss_nis-2.19.so
7f28974a6000-7f28974a7000 r--p 0000a000 fd:01 393627                     /lib/x86_64-linux-gnu/libnss_nis-2.19.so
7f28974a7000-7f28974a8000 rw-p 0000b000 fd:01 393627                     /lib/x86_64-linux-gnu/libnss_nis-2.19.so
7f28974a8000-7f28974bf000 r-xp 00000000 fd:01 393398                     /lib/x86_64-linux-gnu/libnsl-2.19.so
7f28974bf000-7f28976be000 ---p 00017000 fd:01 393398                     /lib/x86_64-linux-gnu/libnsl-2.19.so
7f28976be000-7f28976bf000 r--p 00016000 fd:01 393398                     /lib/x86_64-linux-gnu/libnsl-2.19.so
7f28976bf000-7f28976c0000 rw-p 00017000 fd:01 393398                     /lib/x86_64-linux-gnu/libnsl-2.19.so
7f28976c0000-7f28976c2000 rw-p 00000000 00:00 0 
7f28976c2000-7f28976cb000 r-xp 00000000 fd:01 393378                     /lib/x86_64-linux-gnu/libnss_compat-2.19.so
7f28976cb000-7f28978ca000 ---p 00009000 fd:01 393378                     /lib/x86_64-linux-gnu/libnss_compat-2.19.so
7f28978ca000-7f28978cb000 r--p 00008000 fd:01 393378                     /lib/x86_64-linux-gnu/libnss_compat-2.19.so
7f28978cb000-7f28978cc000 rw-p 00009000 fd:01 393378                     /lib/x86_64-linux-gnu/libnss_compat-2.19.so
7f28978cc000-7f28978f7000 r-xp 00000000 fd:01 939873                     /usr/lib/jvm/java-7-openjdk-amd64/jre/lib/amd64/libjava.so
7f28978f7000-7f2897af6000 ---p 0002b000 fd:01 939873                     /usr/lib/jvm/java-7-openjdk-amd64/jre/lib/amd64/libjava.so
7f2897af6000-7f2897af7000 r--p 0002a000 fd:01 939873                     /usr/lib/jvm/java-7-openjdk-amd64/jre/lib/amd64/libjava.so
7f2897af7000-7f2897af9000 rw-p 0002b000 fd:01 939873                     /usr/lib/jvm/java-7-openjdk-amd64/jre/lib/amd64/libjava.so
7f2897af9000-7f2897b09000 r-xp 00000000 fd:01 939888                     /usr/lib/jvm/java-7-openjdk-amd64/jre/lib/amd64/libverify.so
7f2897b09000-7f2897d08000 ---p 00010000 fd:01 939888                     /usr/lib/jvm/java-7-openjdk-amd64/jre/lib/amd64/libverify.so
7f2897d08000-7f2897d0a000 r--p 0000f000 fd:01 939888                     /usr/lib/jvm/java-7-openjdk-amd64/jre/lib/amd64/libverify.so
7f2897d0a000-7f2897d0b000 rw-p 00011000 fd:01 939888                     /usr/lib/jvm/java-7-openjdk-amd64/jre/lib/amd64/libverify.so
7f2897d0b000-7f2897d12000 r-xp 00000000 fd:01 393482                     /lib/x86_64-linux-gnu/librt-2.19.so
7f2897d12000-7f2897f11000 ---p 00007000 fd:01 393482                     /lib/x86_64-linux-gnu/librt-2.19.so
7f2897f11000-7f2897f12000 r--p 00006000 fd:01 393482                     /lib/x86_64-linux-gnu/librt-2.19.so
7f2897f12000-7f2897f13000 rw-p 00007000 fd:01 393482                     /lib/x86_64-linux-gnu/librt-2.19.so
7f2897f13000-7f2897f29000 r-xp 00000000 fd:01 393365                     /lib/x86_64-linux-gnu/libgcc_s.so.1
7f2897f29000-7f2898128000 ---p 00016000 fd:01 393365                     /lib/x86_64-linux-gnu/libgcc_s.so.1
7f2898128000-7f2898129000 rw-p 00015000 fd:01 393365                     /lib/x86_64-linux-gnu/libgcc_s.so.1
7f2898129000-7f289822e000 r-xp 00000000 fd:01 393618                     /lib/x86_64-linux-gnu/libm-2.19.so
7f289822e000-7f289842d000 ---p 00105000 fd:01 393618                     /lib/x86_64-linux-gnu/libm-2.19.so
7f289842d000-7f289842e000 r--p 00104000 fd:01 393618                     /lib/x86_64-linux-gnu/libm-2.19.so
7f289842e000-7f289842f000 rw-p 00105000 fd:01 393618                     /lib/x86_64-linux-gnu/libm-2.19.so
7f289842f000-7f2898515000 r-xp 00000000 fd:01 920378                     /usr/lib/x86_64-linux-gnu/libstdc++.so.6.0.19
7f2898515000-7f2898714000 ---p 000e6000 fd:01 920378                     /usr/lib/x86_64-linux-gnu/libstdc++.so.6.0.19
7f2898714000-7f289871c000 r--p 000e5000 fd:01 920378                     /usr/lib/x86_64-linux-gnu/libstdc++.so.6.0.19
7f289871c000-7f289871e000 rw-p 000ed000 fd:01 920378                     /usr/lib/x86_64-linux-gnu/libstdc++.so.6.0.19
7f289871e000-7f2898733000 rw-p 00000000 00:00 0 
7f2898733000-7f2899249000 r-xp 00000000 fd:01 939895                     /usr/lib/jvm/java-7-openjdk-amd64/jre/lib/amd64/server/libjvm.so
7f2899249000-7f2899448000 ---p 00b16000 fd:01 939895                     /usr/lib/jvm/java-7-openjdk-amd64/jre/lib/amd64/server/libjvm.so
7f2899448000-7f28994e2000 r--p 00b15000 fd:01 939895                     /usr/lib/jvm/java-7-openjdk-amd64/jre/lib/amd64/server/libjvm.so
7f28994e2000-7f2899505000 rw-p 00baf000 fd:01 939895                     /usr/lib/jvm/java-7-openjdk-amd64/jre/lib/amd64/server/libjvm.so
7f2899505000-7f2899533000 rw-p 00000000 00:00 0 
7f2899533000-7f289954b000 r-xp 00000000 fd:01 393502                     /lib/x86_64-linux-gnu/libz.so.1.2.8
7f289954b000-7f289974a000 ---p 00018000 fd:01 393502                     /lib/x86_64-linux-gnu/libz.so.1.2.8
7f289974a000-7f289974b000 r--p 00017000 fd:01 393502                     /lib/x86_64-linux-gnu/libz.so.1.2.8
7f289974b000-7f289974c000 rw-p 00018000 fd:01 393502                     /lib/x86_64-linux-gnu/libz.so.1.2.8
7f289974c000-7f2899765000 r-xp 00000000 fd:01 395321                     /lib/x86_64-linux-gnu/libpthread-2.19.so
7f2899765000-7f2899964000 ---p 00019000 fd:01 395321                     /lib/x86_64-linux-gnu/libpthread-2.19.so
7f2899964000-7f2899965000 r--p 00018000 fd:01 395321                     /lib/x86_64-linux-gnu/libpthread-2.19.so
7f2899965000-7f2899966000 rw-p 00019000 fd:01 395321                     /lib/x86_64-linux-gnu/libpthread-2.19.so
7f2899966000-7f289996a000 rw-p 00000000 00:00 0 
7f289996a000-7f289996d000 r-xp 00000000 fd:01 393633                     /lib/x86_64-linux-gnu/libdl-2.19.so
7f289996d000-7f2899b6c000 ---p 00003000 fd:01 393633                     /lib/x86_64-linux-gnu/libdl-2.19.so
7f2899b6c000-7f2899b6d000 r--p 00002000 fd:01 393633                     /lib/x86_64-linux-gnu/libdl-2.19.so
7f2899b6d000-7f2899b6e000 rw-p 00003000 fd:01 393633                     /lib/x86_64-linux-gnu/libdl-2.19.so
7f2899b6e000-7f2899d29000 r-xp 00000000 fd:01 393589                     /lib/x86_64-linux-gnu/libc-2.19.so
7f2899d29000-7f2899f29000 ---p 001bb000 fd:01 393589                     /lib/x86_64-linux-gnu/libc-2.19.so
7f2899f29000-7f2899f2d000 r--p 001bb000 fd:01 393589                     /lib/x86_64-linux-gnu/libc-2.19.so
7f2899f2d000-7f2899f2f000 rw-p 001bf000 fd:01 393589                     /lib/x86_64-linux-gnu/libc-2.19.so
7f2899f2f000-7f2899f34000 rw-p 00000000 00:00 0 
7f2899f34000-7f2899f41000 r-xp 00000000 fd:01 939871                     /usr/lib/jvm/java-7-openjdk-amd64/jre/lib/amd64/jli/libjli.so
7f2899f41000-7f289a140000 ---p 0000d000 fd:01 939871                     /usr/lib/jvm/java-7-openjdk-amd64/jre/lib/amd64/jli/libjli.so
7f289a140000-7f289a141000 r--p 0000c000 fd:01 939871                     /usr/lib/jvm/java-7-openjdk-amd64/jre/lib/amd64/jli/libjli.so
7f289a141000-7f289a142000 rw-p 0000d000 fd:01 939871                     /usr/lib/jvm/java-7-openjdk-amd64/jre/lib/amd64/jli/libjli.so
7f289a142000-7f289a165000 r-xp 00000000 fd:01 393590                     /lib/x86_64-linux-gnu/ld-2.19.so
7f289a16e000-7f289a171000 r--s 00017000 fd:01 939916                     /usr/lib/jvm/java-7-openjdk-amd64/jre/lib/jce.jar
7f289a171000-7f289a176000 r--s 0004c000 fd:01 939914                     /usr/lib/jvm/java-7-openjdk-amd64/jre/lib/jsse.jar
7f289a176000-7f289a17f000 r--s 000b9000 fd:01 939857                     /usr/lib/jvm/java-7-openjdk-amd64/jre/lib/resources.jar
7f289a17f000-7f289a183000 r--s 0003c000 fd:01 939933                     /usr/lib/jvm/java-7-openjdk-amd64/jre/lib/ext/sunpkcs11.jar
7f289a183000-7f289a187000 r--s 00085000 fd:01 939934                     /usr/lib/jvm/java-7-openjdk-amd64/jre/lib/ext/localedata.jar
7f289a187000-7f289a18b000 r--s 00034000 fd:01 939935                     /usr/lib/jvm/java-7-openjdk-amd64/jre/lib/ext/sunjce_provider.jar
7f289a18b000-7f289a18e000 r--s 0000f000 fd:01 939931                     /usr/lib/jvm/java-7-openjdk-amd64/jre/lib/ext/icedtea-sound.jar
7f289a18e000-7f289a198000 rw-p 00000000 00:00 0 
7f289a198000-7f289a24e000 rw-p 00000000 00:00 0 
7f289a24e000-7f289a256000 rw-s 00000000 fd:01 274152                     /tmp/hsperfdata_minecraft/5893
7f289a256000-7f289a259000 ---p 00000000 00:00 0 
7f289a259000-7f289a35d000 rw-p 00000000 00:00 0                          [stack:5895]
7f289a35d000-7f289a35e000 r--s 00002000 fd:01 939936                     /usr/lib/jvm/java-7-openjdk-amd64/jre/lib/ext/dnsns.jar
7f289a35e000-7f289a360000 r--s 00012000 fd:01 939932                     /usr/lib/jvm/java-7-openjdk-amd64/jre/lib/ext/zipfs.jar
7f289a360000-7f289a361000 rw-p 00000000 00:00 0 
7f289a361000-7f289a362000 ---p 00000000 00:00 0 
7f289a362000-7f289a364000 rw-p 00000000 00:00 0 
7f289a364000-7f289a365000 r--p 00022000 fd:01 393590                     /lib/x86_64-linux-gnu/ld-2.19.so
7f289a365000-7f289a366000 rw-p 00023000 fd:01 393590                     /lib/x86_64-linux-gnu/ld-2.19.so
7f289a366000-7f289a367000 rw-p 00000000 00:00 0 
7fff3224f000-7fff32270000 rw-p 00000000 00:00 0                          [stack]
7fff3233a000-7fff3233c000 r-xp 00000000 00:00 0                          [vdso]
ffffffffff600000-ffffffffff601000 r-xp 00000000 00:00 0                  [vsyscall]

VM Arguments:
jvm_args: -Xms32M -Xmx450M 
java_command: craftbukkit.jar nogui
Launcher Type: SUN_STANDARD

Environment Variables:
PATH=/usr/local/sbin:/usr/local/bin:/usr/bin:/usr/sbin:/sbin:/bin

Signal Handlers:
SIGSEGV: [libjvm.so+0x9495e0], sa_mask[0]=0x7ffbfeff, sa_flags=0x10000004
SIGBUS: [libjvm.so+0x9495e0], sa_mask[0]=0x7ffbfeff, sa_flags=0x10000004
SIGFPE: [libjvm.so+0x7c3410], sa_mask[0]=0x7ffbfeff, sa_flags=0x10000004
SIGPIPE: [libjvm.so+0x7c3410], sa_mask[0]=0x7ffbfeff, sa_flags=0x10000004
SIGXFSZ: [libjvm.so+0x7c3410], sa_mask[0]=0x7ffbfeff, sa_flags=0x10000004
SIGILL: [libjvm.so+0x7c3410], sa_mask[0]=0x7ffbfeff, sa_flags=0x10000004
SIGUSR1: SIG_DFL, sa_mask[0]=0x00000000, sa_flags=0x00000000
SIGUSR2: [libjvm.so+0x7c32b0], sa_mask[0]=0x00000000, sa_flags=0x10000004
SIGHUP: [libjvm.so+0x7c3490], sa_mask[0]=0x7ffbfeff, sa_flags=0x10000004
SIGINT: [libjvm.so+0x7c3490], sa_mask[0]=0x7ffbfeff, sa_flags=0x10000004
SIGTERM: [libjvm.so+0x7c3490], sa_mask[0]=0x7ffbfeff, sa_flags=0x10000004
SIGQUIT: [libjvm.so+0x7c3490], sa_mask[0]=0x7ffbfeff, sa_flags=0x10000004
SIGTRAP: SIG_DFL, sa_mask[0]=0x00000000, sa_flags=0x00000000


---------------  S Y S T E M  ---------------

OS:Ubuntu 14.04 (trusty)
uname:Linux 3.13.0-37-generic #64-Ubuntu SMP Mon Sep 22 21:28:38 UTC 2014 x86_64
libc:glibc 2.19 NPTL 2.19 
rlimit: STACK 8192k, CORE 0k, NPROC 3750, NOFILE 4096, AS infinity
load average:2.36 1.29 0.59

/proc/meminfo:
MemTotal:         501808 kB
MemFree:            5856 kB
Buffers:             192 kB
Cached:            16340 kB
SwapCached:            0 kB
Active:           459616 kB
Inactive:           8572 kB
Active(anon):     451804 kB
Inactive(anon):      236 kB
Active(file):       7812 kB
Inactive(file):     8336 kB
Unevictable:           0 kB
Mlocked:               0 kB
SwapTotal:             0 kB
SwapFree:              0 kB
Dirty:                56 kB
Writeback:             0 kB
AnonPages:        451716 kB
Mapped:            11708 kB
Shmem:               324 kB
Slab:              14692 kB
SReclaimable:       7356 kB
SUnreclaim:         7336 kB
KernelStack:         696 kB
PageTables:         2664 kB
NFS_Unstable:          0 kB
Bounce:                0 kB
WritebackTmp:          0 kB
CommitLimit:      250904 kB
Committed_AS:     467880 kB
VmallocTotal:   34359738367 kB
VmallocUsed:        7884 kB
VmallocChunk:   34359721404 kB
HardwareCorrupted:     0 kB
AnonHugePages:         0 kB
HugePages_Total:       0
HugePages_Free:        0
HugePages_Rsvd:        0
HugePages_Surp:        0
Hugepagesize:       2048 kB
DirectMap4k:       36856 kB
DirectMap2M:      487424 kB
DirectMap1G:           0 kB


CPU:total 1 (1 cores per cpu, 1 threads per core) family 6 model 62 stepping 4, cmov, cx8, fxsr, mmx, sse, sse2, sse3, ssse3, sse4.1, sse4.2, popcnt, avx, aes, erms, tsc

/proc/cpuinfo:
processor	: 0
vendor_id	: GenuineIntel
cpu family	: 6
model		: 62
model name	: Intel(R) Xeon(R) CPU E5-2630L v2 @ 2.40GHz
stepping	: 4
microcode	: 0x1
cpu MHz		: 2399.998
cache size	: 15360 KB
physical id	: 0
siblings	: 1
core id		: 0
cpu cores	: 1
apicid		: 0
initial apicid	: 0
fpu		: yes
fpu_exception	: yes
cpuid level	: 13
wp		: yes
flags		: fpu vme de pse tsc msr pae mce cx8 apic sep mtrr pge mca cmov pat pse36 clflush mmx fxsr sse sse2 ss syscall nx pdpe1gb rdtscp lm constant_tsc arch_perfmon rep_good nopl eagerfpu pni pclmulqdq vmx ssse3 cx16 pcid sse4_1 sse4_2 x2apic popcnt tsc_deadline_timer aes xsave avx f16c rdrand hypervisor lahf_lm xsaveopt vnmi ept fsgsbase tsc_adjust smep erms
bogomips	: 4799.99
clflush size	: 64
cache_alignment	: 64
address sizes	: 40 bits physical, 48 bits virtual
power management:



Memory: 4k page, physical 501808k(5856k free), swap 0k(0k free)

vm_info: OpenJDK 64-Bit Server VM (24.65-b04) for linux-amd64 JRE (1.7.0_65-b32), built on Oct 22 2014 04:37:44 by "buildd" with gcc 4.8.2

time: Thu Nov 27 09:18:58 2014
elapsed time: 18 seconds

