#
# There is insufficient memory for the Java Runtime Environment to continue.
# Native memory allocation (malloc) failed to allocate 79851520 bytes for committing reserved memory.
# Possible reasons:
#   The system is out of physical RAM or swap space
#   In 32 bit mode, the process size limit was hit
# Possible solutions:
#   Reduce memory load on the system
#   Increase physical memory or swap space
#   Check if swap backing store is full
#   Use 64 bit Java on a 64 bit OS
#   Decrease Java heap size (-Xmx/-Xms)
#   Decrease number of Java threads
#   Decrease Java thread stack sizes (-Xss)
#   Set larger code cache with -XX:ReservedCodeCacheSize=
# This output file may be truncated or incomplete.
#
#  Out of Memory Error (os_linux.cpp:2798), pid=5680, tid=140324184950528
#
# JRE version: OpenJDK Runtime Environment (7.0_65-b32) (build 1.7.0_65-b32)
# Java VM: OpenJDK 64-Bit Server VM (24.65-b04 mixed mode linux-amd64 compressed oops)
# Derivative: IcedTea 2.5.3
# Distribution: Ubuntu 14.04 LTS, package 7u71-2.5.3-0ubuntu0.14.04.1
# Failed to write core dump. Core dumps have been disabled. To enable core dumping, try "ulimit -c unlimited" before starting Java again
#

---------------  T H R E A D  ---------------

Current thread (0x00007f9fc0092800):  VMThread [stack: 0x00007f9fc5228000,0x00007f9fc5329000] [id=5683]

Stack: [0x00007f9fc5228000,0x00007f9fc5329000],  sp=0x00007f9fc5327590,  free space=1021k
Native frames: (J=compiled Java code, j=interpreted, Vv=VM code, C=native code)
V  [libjvm.so+0x948b05]  VMError::report_and_die()+0x175
V  [libjvm.so+0x48bc34]  report_vm_out_of_memory(char const*, int, unsigned long, char const*)+0x74
V  [libjvm.so+0x7c7bfb]  os::pd_commit_memory(char*, unsigned long, unsigned long, bool)+0xeb
V  [libjvm.so+0x7c26bf]  os::commit_memory(char*, unsigned long, unsigned long, bool)+0x1f
V  [libjvm.so+0x9459f4]  VirtualSpace::expand_by(unsigned long, bool)+0x1c4
V  [libjvm.so+0x561b1e]  OneContigSpaceCardGeneration::grow_by(unsigned long)+0x1e
V  [libjvm.so+0x561e66]  OneContigSpaceCardGeneration::expand(unsigned long, unsigned long)+0x96
V  [libjvm.so+0x5535f0]  GenCollectedHeap::do_collection(bool, bool, unsigned long, bool, int)+0x7a0
V  [libjvm.so+0x425812]  GenCollectorPolicy::satisfy_failed_allocation(unsigned long, bool)+0xb2
V  [libjvm.so+0x949e01]  VM_GenCollectForAllocation::doit()+0x81
V  [libjvm.so+0x94e9f7]  VM_Operation::evaluate()+0x47
V  [libjvm.so+0x94d368]  VMThread::evaluate_operation(VM_Operation*)+0x318
V  [libjvm.so+0x94d7c9]  VMThread::loop()+0x219
V  [libjvm.so+0x94dc12]  VMThread::run()+0x72
V  [libjvm.so+0x7c4ac2]  java_start(Thread*)+0xf2

VM_Operation (0x00007f9f9fdf7dd0): GenCollectForAllocation, mode: safepoint, requested by thread 0x00007f9fc084c800


---------------  P R O C E S S  ---------------

Java Threads: ( => current thread )
  0x00007f9fb4011000 JavaThread "Keep-Alive-Timer" daemon [_thread_blocked, id=5702, stack(0x00007f9f9f4cb000,0x00007f9f9f5cc000)]
  0x00007f9fa8002800 JavaThread "Netty IO #0" daemon [_thread_blocked, id=5700, stack(0x00007f9f9f9fa000,0x00007f9f9fafb000)]
  0x00007f9fa8004800 JavaThread "Thread-5" [_thread_blocked, id=5697, stack(0x00007f9f9fafb000,0x00007f9f9fbfc000)]
  0x00007f9fa8001000 JavaThread "Server console handler" daemon [_thread_blocked, id=5696, stack(0x00007f9f9fbfc000,0x00007f9f9fcfd000)]
  0x00007f9fc000a000 JavaThread "DestroyJavaVM" [_thread_blocked, id=5682, stack(0x00007f9fc8be3000,0x00007f9fc8ce4000)]
  0x00007f9fc084c800 JavaThread "Server thread" [_thread_blocked, id=5695, stack(0x00007f9f9fcfd000,0x00007f9f9fdfe000)]
  0x00007f9fc084b000 JavaThread "Server Infinisleeper" daemon [_thread_blocked, id=5694, stack(0x00007f9f9fdfe000,0x00007f9f9feff000)]
  0x00007f9fc0823000 JavaThread "process reaper" daemon [_thread_blocked, id=5693, stack(0x00007f9fbc025000,0x00007f9fbc05e000)]
  0x00007f9fc080b800 JavaThread "Snooper Timer" daemon [_thread_blocked, id=5691, stack(0x00007f9f9feff000,0x00007f9fa0000000)]
  0x00007f9fc00cc800 JavaThread "Service Thread" daemon [_thread_blocked, id=5689, stack(0x00007f9fc4c22000,0x00007f9fc4d23000)]
  0x00007f9fc00c9800 JavaThread "C2 CompilerThread1" daemon [_thread_blocked, id=5688, stack(0x00007f9fc4d23000,0x00007f9fc4e24000)]
  0x00007f9fc00c7800 JavaThread "C2 CompilerThread0" daemon [_thread_blocked, id=5687, stack(0x00007f9fc4e24000,0x00007f9fc4f25000)]
  0x00007f9fc00c5800 JavaThread "Signal Dispatcher" daemon [_thread_blocked, id=5686, stack(0x00007f9fc4f25000,0x00007f9fc5026000)]
  0x00007f9fc0099000 JavaThread "Finalizer" daemon [_thread_blocked, id=5685, stack(0x00007f9fc5026000,0x00007f9fc5127000)]
  0x00007f9fc0097000 JavaThread "Reference Handler" daemon [_thread_blocked, id=5684, stack(0x00007f9fc5127000,0x00007f9fc5228000)]

Other Threads:
=>0x00007f9fc0092800 VMThread [stack: 0x00007f9fc5228000,0x00007f9fc5329000] [id=5683]
  0x00007f9fc00d7800 WatcherThread [stack: 0x00007f9fc4b21000,0x00007f9fc4c22000] [id=5690]

VM state:at safepoint (normal execution)

VM Mutex/Monitor currently owned by a thread:  ([mutex/lock_event])
[0x00007f9fc0006360] Threads_lock - owner thread: 0x00007f9fc0092800
[0x00007f9fc0006860] Heap_lock - owner thread: 0x00007f9fc084c800

Heap
 def new generation   total 94528K, used 0K [0x00000000d9800000, 0x00000000dfe90000, 0x00000000e2e00000)
  eden space 84032K,   0% used [0x00000000d9800000, 0x00000000d9800000, 0x00000000dea10000)
  from space 10496K,   0% used [0x00000000dea10000, 0x00000000dea10000, 0x00000000df450000)
  to   space 10496K,   0% used [0x00000000df450000, 0x00000000df450000, 0x00000000dfe90000)
 tenured generation   total 229220K, used 215765K [0x00000000e2e00000, 0x00000000f0dd9000, 0x00000000f5a00000)
   the space 229220K,  94% used [0x00000000e2e00000, 0x00000000f00b54f0, 0x00000000f00b5600, 0x00000000f0dd9000)
 compacting perm gen  total 60672K, used 60431K [0x00000000f5a00000, 0x00000000f9540000, 0x0000000100000000)
   the space 60672K,  99% used [0x00000000f5a00000, 0x00000000f9503da0, 0x00000000f9503e00, 0x00000000f9540000)
No shared spaces configured.

Card table byte_map: [0x00007f9fc56df000,0x00007f9fc5814000] byte_map_base: 0x00007f9fc5013000

Polling page: 0x00007f9fc8cee000

Code Cache  [0x00007f9fbd000000, 0x00007f9fbd270000, 0x00007f9fc0000000)
 total_blobs=971 nmethods=523 adapters=401 free_code_cache=47394Kb largest_free_block=48500928

Compilation events (10 events):
Event: 17.846 Thread 0x00007f9fc00c7800  587             java.util.zip.ZipFile::access$500 (6 bytes)
Event: 17.847 Thread 0x00007f9fc00c7800 nmethod 587 0x00007f9fbd1af690 code [0x00007f9fbd1af7e0, 0x00007f9fbd1af848]
Event: 17.847 Thread 0x00007f9fc00c7800  589             java.util.zip.ZipFile::access$900 (7 bytes)
Event: 17.858 Thread 0x00007f9fc00c7800 nmethod 589 0x00007f9fbd158910 code [0x00007f9fbd158b00, 0x00007f9fbd158e80]
Event: 17.858 Thread 0x00007f9fc00c7800  590             org.jruby.util.JarDirectoryResource::create (97 bytes)
Event: 17.861 Thread 0x00007f9fc00c9800 nmethod 586 0x00007f9fbd1bd910 code [0x00007f9fbd1bdb40, 0x00007f9fbd1be408]
Event: 17.861 Thread 0x00007f9fc00c9800  591             org.jruby.util.JarDirectoryResource::isRoot (10 bytes)
Event: 17.862 Thread 0x00007f9fc00c9800 nmethod 591 0x00007f9fbd183090 code [0x00007f9fbd1831e0, 0x00007f9fbd183318]
Event: 17.868 Thread 0x00007f9fc00c9800  592             java.nio.Buffer::nextPutIndex (31 bytes)
Event: 17.869 Thread 0x00007f9fc00c9800 nmethod 592 0x00007f9fbd182e50 code [0x00007f9fbd182f80, 0x00007f9fbd182ff8]

GC Heap History (10 events):
Event: 13.036 GC heap after
Heap after GC invocations=39 (full 6):
 def new generation   total 57856K, used 6400K [0x00000000d9800000, 0x00000000dd6c0000, 0x00000000e2e00000)
  eden space 51456K,   0% used [0x00000000d9800000, 0x00000000d9800000, 0x00000000dca40000)
  from space 6400K, 100% used [0x00000000dd080000, 0x00000000dd6c0000, 0x00000000dd6c0000)
  to   space 6400K,   0% used [0x00000000dca40000, 0x00000000dca40000, 0x00000000dd080000)
 tenured generation   total 128368K, used 120954K [0x00000000e2e00000, 0x00000000eab5c000, 0x00000000f5a00000)
   the space 128368K,  94% used [0x00000000e2e00000, 0x00000000ea41e8c0, 0x00000000ea41ea00, 0x00000000eab5c000)
 compacting perm gen  total 55232K, used 54952K [0x00000000f5a00000, 0x00000000f8ff0000, 0x0000000100000000)
   the space 55232K,  99% used [0x00000000f5a00000, 0x00000000f8faa318, 0x00000000f8faa400, 0x00000000f8ff0000)
No shared spaces configured.
}
Event: 13.200 GC heap before
{Heap before GC invocations=39 (full 6):
 def new generation   total 57856K, used 26670K [0x00000000d9800000, 0x00000000dd6c0000, 0x00000000e2e00000)
  eden space 51456K,  39% used [0x00000000d9800000, 0x00000000dabcb8a0, 0x00000000dca40000)
  from space 6400K, 100% used [0x00000000dd080000, 0x00000000dd6c0000, 0x00000000dd6c0000)
  to   space 6400K,   0% used [0x00000000dca40000, 0x00000000dca40000, 0x00000000dd080000)
 tenured generation   total 128368K, used 120954K [0x00000000e2e00000, 0x00000000eab5c000, 0x00000000f5a00000)
   the space 128368K,  94% used [0x00000000e2e00000, 0x00000000ea41e8c0, 0x00000000ea41ea00, 0x00000000eab5c000)
 compacting perm gen  total 55552K, used 55552K [0x00000000f5a00000, 0x00000000f9040000, 0x0000000100000000)
   the space 55552K, 100% used [0x00000000f5a00000, 0x00000000f9040000, 0x00000000f9040000, 0x00000000f9040000)
No shared spaces configured.
Event: 13.625 GC heap after
Heap after GC invocations=40 (full 7):
 def new generation   total 94528K, used 0K [0x00000000d9800000, 0x00000000dfe90000, 0x00000000e2e00000)
  eden space 84032K,   0% used [0x00000000d9800000, 0x00000000d9800000, 0x00000000dea10000)
  from space 10496K,   0% used [0x00000000dea10000, 0x00000000dea10000, 0x00000000df450000)
  to   space 10496K,   0% used [0x00000000df450000, 0x00000000df450000, 0x00000000dfe90000)
 tenured generation   total 209928K, used 125956K [0x00000000e2e00000, 0x00000000efb02000, 0x00000000f5a00000)
   the space 209928K,  59% used [0x00000000e2e00000, 0x00000000ea901068, 0x00000000ea901200, 0x00000000efb02000)
 compacting perm gen  total 55552K, used 55552K [0x00000000f5a00000, 0x00000000f9040000, 0x0000000100000000)
   the space 55552K, 100% used [0x00000000f5a00000, 0x00000000f9040000, 0x00000000f9040000, 0x00000000f9040000)
No shared spaces configured.
}
Event: 14.440 GC heap before
{Heap before GC invocations=40 (full 7):
 def new generation   total 94528K, used 84032K [0x00000000d9800000, 0x00000000dfe90000, 0x00000000e2e00000)
  eden space 84032K, 100% used [0x00000000d9800000, 0x00000000dea10000, 0x00000000dea10000)
  from space 10496K,   0% used [0x00000000dea10000, 0x00000000dea10000, 0x00000000df450000)
  to   space 10496K,   0% used [0x00000000df450000, 0x00000000df450000, 0x00000000dfe90000)
 tenured generation   total 209928K, used 125956K [0x00000000e2e00000, 0x00000000efb02000, 0x00000000f5a00000)
   the space 209928K,  59% used [0x00000000e2e00000, 0x00000000ea901068, 0x00000000ea901200, 0x00000000efb02000)
 compacting perm gen  total 58432K, used 58248K [0x00000000f5a00000, 0x00000000f9310000, 0x0000000100000000)
   the space 58432K,  99% used [0x00000000f5a00000, 0x00000000f92e21a8, 0x00000000f92e2200, 0x00000000f9310000)
No shared spaces configured.
Event: 14.536 GC heap after
Heap after GC invocations=41 (full 7):
 def new generation   total 94528K, used 10496K [0x00000000d9800000, 0x00000000dfe90000, 0x00000000e2e00000)
  eden space 84032K,   0% used [0x00000000d9800000, 0x00000000d9800000, 0x00000000dea10000)
  from space 10496K, 100% used [0x00000000df450000, 0x00000000dfe90000, 0x00000000dfe90000)
  to   space 10496K,   0% used [0x00000000dea10000, 0x00000000dea10000, 0x00000000df450000)
 tenured generation   total 209928K, used 147284K [0x00000000e2e00000, 0x00000000efb02000, 0x00000000f5a00000)
   the space 209928K,  70% used [0x00000000e2e00000, 0x00000000ebdd5398, 0x00000000ebdd5400, 0x00000000efb02000)
 compacting perm gen  total 58432K, used 58248K [0x00000000f5a00000, 0x00000000f9310000, 0x0000000100000000)
   the space 58432K,  99% used [0x00000000f5a00000, 0x00000000f92e21a8, 0x00000000f92e2200, 0x00000000f9310000)
No shared spaces configured.
}
Event: 15.431 GC heap before
{Heap before GC invocations=41 (full 7):
 def new generation   total 94528K, used 94528K [0x00000000d9800000, 0x00000000dfe90000, 0x00000000e2e00000)
  eden space 84032K, 100% used [0x00000000d9800000, 0x00000000dea10000, 0x00000000dea10000)
  from space 10496K, 100% used [0x00000000df450000, 0x00000000dfe90000, 0x00000000dfe90000)
  to   space 10496K,   0% used [0x00000000dea10000, 0x00000000dea10000, 0x00000000df450000)
 tenured generation   total 209928K, used 147284K [0x00000000e2e00000, 0x00000000efb02000, 0x00000000f5a00000)
   the space 209928K,  70% used [0x00000000e2e00000, 0x00000000ebdd5398, 0x00000000ebdd5400, 0x00000000efb02000)
 compacting perm gen  total 59712K, used 59479K [0x00000000f5a00000, 0x00000000f9450000, 0x0000000100000000)
   the space 59712K,  99% used [0x00000000f5a00000, 0x00000000f9415c20, 0x00000000f9415e00, 0x00000000f9450000)
No shared spaces configured.
Event: 15.580 GC heap after
Heap after GC invocations=42 (full 7):
 def new generation   total 94528K, used 10496K [0x00000000d9800000, 0x00000000dfe90000, 0x00000000e2e00000)
  eden space 84032K,   0% used [0x00000000d9800000, 0x00000000d9800000, 0x00000000dea10000)
  from space 10496K, 100% used [0x00000000dea10000, 0x00000000df450000, 0x00000000df450000)
  to   space 10496K,   0% used [0x00000000df450000, 0x00000000df450000, 0x00000000dfe90000)
 tenured generation   total 209928K, used 172296K [0x00000000e2e00000, 0x00000000efb02000, 0x00000000f5a00000)
   the space 209928K,  82% used [0x00000000e2e00000, 0x00000000ed642110, 0x00000000ed642200, 0x00000000efb02000)
 compacting perm gen  total 59712K, used 59479K [0x00000000f5a00000, 0x00000000f9450000, 0x0000000100000000)
   the space 59712K,  99% used [0x00000000f5a00000, 0x00000000f9415c20, 0x00000000f9415e00, 0x00000000f9450000)
No shared spaces configured.
}
Event: 16.717 GC heap before
{Heap before GC invocations=42 (full 7):
 def new generation   total 94528K, used 94528K [0x00000000d9800000, 0x00000000dfe90000, 0x00000000e2e00000)
  eden space 84032K, 100% used [0x00000000d9800000, 0x00000000dea10000, 0x00000000dea10000)
  from space 10496K, 100% used [0x00000000dea10000, 0x00000000df450000, 0x00000000df450000)
  to   space 10496K,   0% used [0x00000000df450000, 0x00000000df450000, 0x00000000dfe90000)
 tenured generation   total 209928K, used 172296K [0x00000000e2e00000, 0x00000000efb02000, 0x00000000f5a00000)
   the space 209928K,  82% used [0x00000000e2e00000, 0x00000000ed642110, 0x00000000ed642200, 0x00000000efb02000)
 compacting perm gen  total 60032K, used 59744K [0x00000000f5a00000, 0x00000000f94a0000, 0x0000000100000000)
   the space 60032K,  99% used [0x00000000f5a00000, 0x00000000f9458028, 0x00000000f9458200, 0x00000000f94a0000)
No shared spaces configured.
Event: 16.912 GC heap after
Heap after GC invocations=43 (full 7):
 def new generation   total 94528K, used 10496K [0x00000000d9800000, 0x00000000dfe90000, 0x00000000e2e00000)
  eden space 84032K,   0% used [0x00000000d9800000, 0x00000000d9800000, 0x00000000dea10000)
  from space 10496K, 100% used [0x00000000df450000, 0x00000000dfe90000, 0x00000000dfe90000)
  to   space 10496K,   0% used [0x00000000dea10000, 0x00000000dea10000, 0x00000000df450000)
 tenured generation   total 209928K, used 197152K [0x00000000e2e00000, 0x00000000efb02000, 0x00000000f5a00000)
   the space 209928K,  93% used [0x00000000e2e00000, 0x00000000eee881f8, 0x00000000eee88200, 0x00000000efb02000)
 compacting perm gen  total 60032K, used 59744K [0x00000000f5a00000, 0x00000000f94a0000, 0x0000000100000000)
   the space 60032K,  99% used [0x00000000f5a00000, 0x00000000f9458028, 0x00000000f9458200, 0x00000000f94a0000)
No shared spaces configured.
}
Event: 17.889 GC heap before
{Heap before GC invocations=43 (full 7):
 def new generation   total 94528K, used 94528K [0x00000000d9800000, 0x00000000dfe90000, 0x00000000e2e00000)
  eden space 84032K, 100% used [0x00000000d9800000, 0x00000000dea10000, 0x00000000dea10000)
  from space 10496K, 100% used [0x00000000df450000, 0x00000000dfe90000, 0x00000000dfe90000)
  to   space 10496K,   0% used [0x00000000dea10000, 0x00000000dea10000, 0x00000000df450000)
 tenured generation   total 209928K, used 197152K [0x00000000e2e00000, 0x00000000efb02000, 0x00000000f5a00000)
   the space 209928K,  93% used [0x00000000e2e00000, 0x00000000eee881f8, 0x00000000eee88200, 0x00000000efb02000)
 compacting perm gen  total 60672K, used 60433K [0x00000000f5a00000, 0x00000000f9540000, 0x0000000100000000)
   the space 60672K,  99% used [0x00000000f5a00000, 0x00000000f9504488, 0x00000000f9504600, 0x00000000f9540000)
No shared spaces configured.

Deoptimization events (10 events):
Event: 16.660 Thread 0x00007f9fc084c800 Uncommon trap: reason=bimorphic action=maybe_recompile pc=0x00007f9fbd174928 method=org.jruby.compiler.ASTInspector.inspect(Lorg/jruby/ast/Node;)V @ 3087
Event: 16.660 Thread 0x00007f9fc084c800 Uncommon trap: reason=bimorphic action=maybe_recompile pc=0x00007f9fbd174928 method=org.jruby.compiler.ASTInspector.inspect(Lorg/jruby/ast/Node;)V @ 3087
Event: 16.660 Thread 0x00007f9fc084c800 Uncommon trap: reason=bimorphic action=maybe_recompile pc=0x00007f9fbd174928 method=org.jruby.compiler.ASTInspector.inspect(Lorg/jruby/ast/Node;)V @ 3087
Event: 16.660 Thread 0x00007f9fc084c800 Uncommon trap: reason=bimorphic action=maybe_recompile pc=0x00007f9fbd174928 method=org.jruby.compiler.ASTInspector.inspect(Lorg/jruby/ast/Node;)V @ 3087
Event: 16.966 Thread 0x00007f9fc084c800 Uncommon trap: reason=class_check action=maybe_recompile pc=0x00007f9fbd0696e0 method=java.lang.String.equals(Ljava/lang/Object;)Z @ 8
Event: 17.026 Thread 0x00007f9fc084c800 Uncommon trap: reason=class_check action=maybe_recompile pc=0x00007f9fbd0696e0 method=java.lang.String.equals(Ljava/lang/Object;)Z @ 8
Event: 17.026 Thread 0x00007f9fc084c800 Uncommon trap: reason=class_check action=maybe_recompile pc=0x00007f9fbd0696e0 method=java.lang.String.equals(Ljava/lang/Object;)Z @ 8
Event: 17.027 Thread 0x00007f9fc084c800 Uncommon trap: reason=class_check action=maybe_recompile pc=0x00007f9fbd0696e0 method=java.lang.String.equals(Ljava/lang/Object;)Z @ 8
Event: 17.530 Thread 0x00007f9fc084c800 Uncommon trap: reason=class_check action=maybe_recompile pc=0x00007f9fbd19b7dc method=org.jruby.compiler.ASTInspector.inspect(Lorg/jruby/ast/Node;)V @ 2336
Event: 17.530 Thread 0x00007f9fc084c800 Uncommon trap: reason=class_check action=maybe_recompile pc=0x00007f9fbd19b7dc method=org.jruby.compiler.ASTInspector.inspect(Lorg/jruby/ast/Node;)V @ 2336

Internal exceptions (10 events):
Event: 17.564 Thread 0x00007f9fc084c800 Threw 0x00000000dcb4fae8 at /build/buildd/openjdk-7-7u71-2.5.3/build/openjdk/hotspot/src/share/vm/prims/jvm.cpp:1284
Event: 17.564 Thread 0x00007f9fc084c800 Threw 0x00000000dcb50508 at /build/buildd/openjdk-7-7u71-2.5.3/build/openjdk/hotspot/src/share/vm/prims/jvm.cpp:1284
Event: 17.564 Thread 0x00007f9fc084c800 Threw 0x00000000dcb55210 at /build/buildd/openjdk-7-7u71-2.5.3/build/openjdk/hotspot/src/share/vm/prims/jvm.cpp:1284
Event: 17.564 Thread 0x00007f9fc084c800 Threw 0x00000000dcb55ca0 at /build/buildd/openjdk-7-7u71-2.5.3/build/openjdk/hotspot/src/share/vm/prims/jvm.cpp:1284
Event: 17.577 Thread 0x00007f9fc084c800 Threw 0x00000000dcb598e8 at /build/buildd/openjdk-7-7u71-2.5.3/build/openjdk/hotspot/src/share/vm/prims/jvm.cpp:1284
Event: 17.577 Thread 0x00007f9fc084c800 Threw 0x00000000dcb5a338 at /build/buildd/openjdk-7-7u71-2.5.3/build/openjdk/hotspot/src/share/vm/prims/jvm.cpp:1284
Event: 17.577 Thread 0x00007f9fc084c800 Threw 0x00000000dcb5d2b0 at /build/buildd/openjdk-7-7u71-2.5.3/build/openjdk/hotspot/src/share/vm/prims/jvm.cpp:1284
Event: 17.577 Thread 0x00007f9fc084c800 Threw 0x00000000dcb5dc80 at /build/buildd/openjdk-7-7u71-2.5.3/build/openjdk/hotspot/src/share/vm/prims/jvm.cpp:1284
Event: 17.821 Thread 0x00007f9fc084c800 Threw 0x00000000de065800 at /build/buildd/openjdk-7-7u71-2.5.3/build/openjdk/hotspot/src/share/vm/prims/jvm.cpp:1284
Event: 17.821 Thread 0x00007f9fc084c800 Threw 0x00000000de066220 at /build/buildd/openjdk-7-7u71-2.5.3/build/openjdk/hotspot/src/share/vm/prims/jvm.cpp:1284

Events (10 events):
Event: 17.577 loading class 0x00007f9fa82115b0
Event: 17.577 loading class 0x00007f9fa82115b0 done
Event: 17.578 loading class 0x00007f9fc00d01e0
Event: 17.578 loading class 0x00007f9fc00d01e0 done
Event: 17.578 loading class 0x00007f9fc0084a70
Event: 17.578 loading class 0x00007f9fc0084a70 done
Event: 17.613 Thread 0x00007f9fc00c9800 flushing nmethod 0x00007f9fbd13b590
Event: 17.821 loading class 0x00007f9fa84dc490
Event: 17.821 loading class 0x00007f9fa84dc490 done
Event: 17.884 Executing VM operation: GenCollectForAllocation


Dynamic libraries:
00400000-00401000 r-xp 00000000 fd:01 939968                             /usr/lib/jvm/java-7-openjdk-amd64/jre/bin/java
00600000-00601000 r--p 00000000 fd:01 939968                             /usr/lib/jvm/java-7-openjdk-amd64/jre/bin/java
00601000-00602000 rw-p 00001000 fd:01 939968                             /usr/lib/jvm/java-7-openjdk-amd64/jre/bin/java
00ba1000-00bc2000 rw-p 00000000 00:00 0                                  [heap]
d9800000-dfe90000 rw-p 00000000 00:00 0 
dfe90000-e2e00000 rw-p 00000000 00:00 0 
e2e00000-f0dd9000 rw-p 00000000 00:00 0 
f5a00000-f9540000 rw-p 00000000 00:00 0 
f9540000-100000000 rw-p 00000000 00:00 0 
7f9f9f39d000-7f9f9f4cb000 r--s 011d3000 fd:01 787194                     /srv/minecraft/minecraft_server/craftbukkit.jar
7f9f9f4cb000-7f9f9f4ce000 ---p 00000000 00:00 0 
7f9f9f4ce000-7f9f9f5cc000 rw-p 00000000 00:00 0                          [stack:5702]
7f9f9f5cc000-7f9f9f5d1000 r-xp 00000000 fd:01 393583                     /lib/x86_64-linux-gnu/libnss_dns-2.19.so
7f9f9f5d1000-7f9f9f7d0000 ---p 00005000 fd:01 393583                     /lib/x86_64-linux-gnu/libnss_dns-2.19.so
7f9f9f7d0000-7f9f9f7d1000 r--p 00004000 fd:01 393583                     /lib/x86_64-linux-gnu/libnss_dns-2.19.so
7f9f9f7d1000-7f9f9f7d2000 rw-p 00005000 fd:01 393583                     /lib/x86_64-linux-gnu/libnss_dns-2.19.so
7f9f9f7d2000-7f9f9f8f9000 r--s 013c7000 fd:01 787302                     /srv/minecraft/minecraft_server/plugins/purugin-0.7.1-bukkit-1.7.2-R0.3.jar
7f9f9f8f9000-7f9f9f8fc000 ---p 00000000 00:00 0 
7f9f9f8fc000-7f9f9f9fa000 rw-p 00000000 00:00 0 
7f9f9f9fa000-7f9f9f9fd000 ---p 00000000 00:00 0 
7f9f9f9fd000-7f9f9fafb000 rw-p 00000000 00:00 0                          [stack:5700]
7f9f9fafb000-7f9f9fafe000 ---p 00000000 00:00 0 
7f9f9fafe000-7f9f9fbfc000 rw-p 00000000 00:00 0                          [stack:5697]
7f9f9fbfc000-7f9f9fbff000 ---p 00000000 00:00 0 
7f9f9fbff000-7f9f9fcfd000 rw-p 00000000 00:00 0                          [stack:5696]
7f9f9fcfd000-7f9f9fd00000 ---p 00000000 00:00 0 
7f9f9fd00000-7f9f9fdfe000 rw-p 00000000 00:00 0                          [stack:5695]
7f9f9fdfe000-7f9f9fe01000 ---p 00000000 00:00 0 
7f9f9fe01000-7f9f9feff000 rw-p 00000000 00:00 0                          [stack:5694]
7f9f9feff000-7f9f9ff02000 ---p 00000000 00:00 0 
7f9f9ff02000-7f9fa0000000 rw-p 00000000 00:00 0                          [stack:5691]
7f9fa0000000-7f9fa0be1000 rw-p 00000000 00:00 0 
7f9fa0be1000-7f9fa4000000 ---p 00000000 00:00 0 
7f9fa4000000-7f9fa4021000 rw-p 00000000 00:00 0 
7f9fa4021000-7f9fa8000000 ---p 00000000 00:00 0 
7f9fa8000000-7f9fa84fa000 rw-p 00000000 00:00 0 
7f9fa84fa000-7f9fac000000 ---p 00000000 00:00 0 
7f9fac000000-7f9fac95c000 rw-p 00000000 00:00 0 
7f9fac95c000-7f9fb0000000 ---p 00000000 00:00 0 
7f9fb0000000-7f9fb0021000 rw-p 00000000 00:00 0 
7f9fb0021000-7f9fb4000000 ---p 00000000 00:00 0 
7f9fb4000000-7f9fb4021000 rw-p 00000000 00:00 0 
7f9fb4021000-7f9fb8000000 ---p 00000000 00:00 0 
7f9fb8000000-7f9fb82a8000 rw-p 00000000 00:00 0 
7f9fb82a8000-7f9fbc000000 ---p 00000000 00:00 0 
7f9fbc025000-7f9fbc028000 ---p 00000000 00:00 0 
7f9fbc028000-7f9fbc05e000 rw-p 00000000 00:00 0                          [stack:5693]
7f9fbc05e000-7f9fbc06e000 r-xp 00000000 fd:01 939889                     /usr/lib/jvm/java-7-openjdk-amd64/jre/lib/amd64/libnio.so
7f9fbc06e000-7f9fbc26e000 ---p 00010000 fd:01 939889                     /usr/lib/jvm/java-7-openjdk-amd64/jre/lib/amd64/libnio.so
7f9fbc26e000-7f9fbc26f000 r--p 00010000 fd:01 939889                     /usr/lib/jvm/java-7-openjdk-amd64/jre/lib/amd64/libnio.so
7f9fbc26f000-7f9fbc270000 rw-p 00011000 fd:01 939889                     /usr/lib/jvm/java-7-openjdk-amd64/jre/lib/amd64/libnio.so
7f9fbc270000-7f9fbc2ad000 r-xp 00000000 fd:01 393459                     /lib/x86_64-linux-gnu/libpcre.so.3.13.1
7f9fbc2ad000-7f9fbc4ac000 ---p 0003d000 fd:01 393459                     /lib/x86_64-linux-gnu/libpcre.so.3.13.1
7f9fbc4ac000-7f9fbc4ad000 r--p 0003c000 fd:01 393459                     /lib/x86_64-linux-gnu/libpcre.so.3.13.1
7f9fbc4ad000-7f9fbc4ae000 rw-p 0003d000 fd:01 393459                     /lib/x86_64-linux-gnu/libpcre.so.3.13.1
7f9fbc4ae000-7f9fbc4b5000 r-xp 00000000 fd:01 920338                     /usr/lib/x86_64-linux-gnu/libffi.so.6.0.1
7f9fbc4b5000-7f9fbc6b4000 ---p 00007000 fd:01 920338                     /usr/lib/x86_64-linux-gnu/libffi.so.6.0.1
7f9fbc6b4000-7f9fbc6b5000 r--p 00006000 fd:01 920338                     /usr/lib/x86_64-linux-gnu/libffi.so.6.0.1
7f9fbc6b5000-7f9fbc6b6000 rw-p 00007000 fd:01 920338                     /usr/lib/x86_64-linux-gnu/libffi.so.6.0.1
7f9fbc6b6000-7f9fbc6cd000 r-xp 00000000 fd:01 393396                     /lib/x86_64-linux-gnu/libresolv-2.19.so
7f9fbc6cd000-7f9fbc8cd000 ---p 00017000 fd:01 393396                     /lib/x86_64-linux-gnu/libresolv-2.19.so
7f9fbc8cd000-7f9fbc8ce000 r--p 00017000 fd:01 393396                     /lib/x86_64-linux-gnu/libresolv-2.19.so
7f9fbc8ce000-7f9fbc8cf000 rw-p 00018000 fd:01 393396                     /lib/x86_64-linux-gnu/libresolv-2.19.so
7f9fbc8cf000-7f9fbc8d1000 rw-p 00000000 00:00 0 
7f9fbc8d1000-7f9fbc8f1000 r-xp 00000000 fd:01 393377                     /lib/x86_64-linux-gnu/libselinux.so.1
7f9fbc8f1000-7f9fbcaf0000 ---p 00020000 fd:01 393377                     /lib/x86_64-linux-gnu/libselinux.so.1
7f9fbcaf0000-7f9fbcaf1000 r--p 0001f000 fd:01 393377                     /lib/x86_64-linux-gnu/libselinux.so.1
7f9fbcaf1000-7f9fbcaf2000 rw-p 00020000 fd:01 393377                     /lib/x86_64-linux-gnu/libselinux.so.1
7f9fbcaf2000-7f9fbcaf4000 rw-p 00000000 00:00 0 
7f9fbcaf4000-7f9fbcaf7000 r-xp 00000000 fd:01 929358                     /usr/lib/x86_64-linux-gnu/libgmodule-2.0.so.0.4000.0
7f9fbcaf7000-7f9fbccf6000 ---p 00003000 fd:01 929358                     /usr/lib/x86_64-linux-gnu/libgmodule-2.0.so.0.4000.0
7f9fbccf6000-7f9fbccf7000 r--p 00002000 fd:01 929358                     /usr/lib/x86_64-linux-gnu/libgmodule-2.0.so.0.4000.0
7f9fbccf7000-7f9fbccf8000 rw-p 00003000 fd:01 929358                     /usr/lib/x86_64-linux-gnu/libgmodule-2.0.so.0.4000.0
7f9fbccf8000-7f9fbcdfe000 r-xp 00000000 fd:01 398033                     /lib/x86_64-linux-gnu/libglib-2.0.so.0.4000.0
7f9fbcdfe000-7f9fbcffd000 ---p 00106000 fd:01 398033                     /lib/x86_64-linux-gnu/libglib-2.0.so.0.4000.0
7f9fbcffd000-7f9fbcffe000 r--p 00105000 fd:01 398033                     /lib/x86_64-linux-gnu/libglib-2.0.so.0.4000.0
7f9fbcffe000-7f9fbcfff000 rw-p 00106000 fd:01 398033                     /lib/x86_64-linux-gnu/libglib-2.0.so.0.4000.0
7f9fbcfff000-7f9fbd000000 rw-p 00000000 00:00 0 
7f9fbd000000-7f9fbd270000 rwxp 00000000 00:00 0 
7f9fbd270000-7f9fc089b000 rw-p 00000000 00:00 0 
7f9fc089b000-7f9fc4000000 ---p 00000000 00:00 0 
7f9fc400e000-7f9fc405d000 r-xp 00000000 fd:01 929356                     /usr/lib/x86_64-linux-gnu/libgobject-2.0.so.0.4000.0
7f9fc405d000-7f9fc425d000 ---p 0004f000 fd:01 929356                     /usr/lib/x86_64-linux-gnu/libgobject-2.0.so.0.4000.0
7f9fc425d000-7f9fc425e000 r--p 0004f000 fd:01 929356                     /usr/lib/x86_64-linux-gnu/libgobject-2.0.so.0.4000.0
7f9fc425e000-7f9fc425f000 rw-p 00050000 fd:01 929356                     /usr/lib/x86_64-linux-gnu/libgobject-2.0.so.0.4000.0
7f9fc425f000-7f9fc43ca000 r-xp 00000000 fd:01 929357                     /usr/lib/x86_64-linux-gnu/libgio-2.0.so.0.4000.0
7f9fc43ca000-7f9fc45ca000 ---p 0016b000 fd:01 929357                     /usr/lib/x86_64-linux-gnu/libgio-2.0.so.0.4000.0
7f9fc45ca000-7f9fc45ce000 r--p 0016b000 fd:01 929357                     /usr/lib/x86_64-linux-gnu/libgio-2.0.so.0.4000.0
7f9fc45ce000-7f9fc45d0000 rw-p 0016f000 fd:01 929357                     /usr/lib/x86_64-linux-gnu/libgio-2.0.so.0.4000.0
7f9fc45d0000-7f9fc45d2000 rw-p 00000000 00:00 0 
7f9fc45d2000-7f9fc45e9000 r-xp 00000000 fd:01 939874                     /usr/lib/jvm/java-7-openjdk-amd64/jre/lib/amd64/libnet.so
7f9fc45e9000-7f9fc47e8000 ---p 00017000 fd:01 939874                     /usr/lib/jvm/java-7-openjdk-amd64/jre/lib/amd64/libnet.so
7f9fc47e8000-7f9fc47e9000 r--p 00016000 fd:01 939874                     /usr/lib/jvm/java-7-openjdk-amd64/jre/lib/amd64/libnet.so
7f9fc47e9000-7f9fc47ea000 rw-p 00017000 fd:01 939874                     /usr/lib/jvm/java-7-openjdk-amd64/jre/lib/amd64/libnet.so
7f9fc47ea000-7f9fc47f2000 r-xp 00000000 fd:01 939890                     /usr/lib/jvm/java-7-openjdk-amd64/jre/lib/amd64/libmanagement.so
7f9fc47f2000-7f9fc49f1000 ---p 00008000 fd:01 939890                     /usr/lib/jvm/java-7-openjdk-amd64/jre/lib/amd64/libmanagement.so
7f9fc49f1000-7f9fc49f2000 r--p 00007000 fd:01 939890                     /usr/lib/jvm/java-7-openjdk-amd64/jre/lib/amd64/libmanagement.so
7f9fc49f2000-7f9fc49f3000 rw-p 00008000 fd:01 939890                     /usr/lib/jvm/java-7-openjdk-amd64/jre/lib/amd64/libmanagement.so
7f9fc49f3000-7f9fc4b21000 r--s 011d3000 fd:01 787194                     /srv/minecraft/minecraft_server/craftbukkit.jar
7f9fc4b21000-7f9fc4b22000 ---p 00000000 00:00 0 
7f9fc4b22000-7f9fc4c22000 rw-p 00000000 00:00 0                          [stack:5690]
7f9fc4c22000-7f9fc4c25000 ---p 00000000 00:00 0 
7f9fc4c25000-7f9fc4d23000 rw-p 00000000 00:00 0                          [stack:5689]
7f9fc4d23000-7f9fc4d26000 ---p 00000000 00:00 0 
7f9fc4d26000-7f9fc4e24000 rw-p 00000000 00:00 0                          [stack:5688]
7f9fc4e24000-7f9fc4e27000 ---p 00000000 00:00 0 
7f9fc4e27000-7f9fc4f25000 rw-p 00000000 00:00 0                          [stack:5687]
7f9fc4f25000-7f9fc4f28000 ---p 00000000 00:00 0 
7f9fc4f28000-7f9fc5026000 rw-p 00000000 00:00 0                          [stack:5686]
7f9fc5026000-7f9fc5029000 ---p 00000000 00:00 0 
7f9fc5029000-7f9fc5127000 rw-p 00000000 00:00 0                          [stack:5685]
7f9fc5127000-7f9fc512a000 ---p 00000000 00:00 0 
7f9fc512a000-7f9fc5228000 rw-p 00000000 00:00 0                          [stack:5684]
7f9fc5228000-7f9fc5229000 ---p 00000000 00:00 0 
7f9fc5229000-7f9fc5372000 rw-p 00000000 00:00 0                          [stack:5683]
7f9fc5372000-7f9fc5523000 r--s 01d25000 fd:01 939937                     /usr/lib/jvm/java-7-openjdk-amd64/jre/lib/rt.jar
7f9fc5523000-7f9fc5612000 rw-p 00000000 00:00 0 
7f9fc5612000-7f9fc5648000 rw-p 00000000 00:00 0 
7f9fc5648000-7f9fc56b8000 rw-p 00000000 00:00 0 
7f9fc56b8000-7f9fc56df000 rw-p 00000000 00:00 0 
7f9fc56df000-7f9fc5713000 rw-p 00000000 00:00 0 
7f9fc5713000-7f9fc572a000 rw-p 00000000 00:00 0 
7f9fc572a000-7f9fc579a000 rw-p 00000000 00:00 0 
7f9fc579a000-7f9fc57c0000 rw-p 00000000 00:00 0 
7f9fc57c0000-7f9fc57de000 rw-p 00000000 00:00 0 
7f9fc57de000-7f9fc5813000 rw-p 00000000 00:00 0 
7f9fc5813000-7f9fc5814000 rw-p 00000000 00:00 0 
7f9fc5814000-7f9fc581c000 r-xp 00000000 fd:01 939866                     /usr/lib/jvm/java-7-openjdk-amd64/jre/lib/amd64/libzip.so
7f9fc581c000-7f9fc5a1b000 ---p 00008000 fd:01 939866                     /usr/lib/jvm/java-7-openjdk-amd64/jre/lib/amd64/libzip.so
7f9fc5a1b000-7f9fc5a1c000 r--p 00007000 fd:01 939866                     /usr/lib/jvm/java-7-openjdk-amd64/jre/lib/amd64/libzip.so
7f9fc5a1c000-7f9fc5a1d000 rw-p 00008000 fd:01 939866                     /usr/lib/jvm/java-7-openjdk-amd64/jre/lib/amd64/libzip.so
7f9fc5a1d000-7f9fc5a28000 r-xp 00000000 fd:01 393625                     /lib/x86_64-linux-gnu/libnss_files-2.19.so
7f9fc5a28000-7f9fc5c27000 ---p 0000b000 fd:01 393625                     /lib/x86_64-linux-gnu/libnss_files-2.19.so
7f9fc5c27000-7f9fc5c28000 r--p 0000a000 fd:01 393625                     /lib/x86_64-linux-gnu/libnss_files-2.19.so
7f9fc5c28000-7f9fc5c29000 rw-p 0000b000 fd:01 393625                     /lib/x86_64-linux-gnu/libnss_files-2.19.so
7f9fc5c29000-7f9fc5c34000 r-xp 00000000 fd:01 393627                     /lib/x86_64-linux-gnu/libnss_nis-2.19.so
7f9fc5c34000-7f9fc5e33000 ---p 0000b000 fd:01 393627                     /lib/x86_64-linux-gnu/libnss_nis-2.19.so
7f9fc5e33000-7f9fc5e34000 r--p 0000a000 fd:01 393627                     /lib/x86_64-linux-gnu/libnss_nis-2.19.so
7f9fc5e34000-7f9fc5e35000 rw-p 0000b000 fd:01 393627                     /lib/x86_64-linux-gnu/libnss_nis-2.19.so
7f9fc5e35000-7f9fc5e4c000 r-xp 00000000 fd:01 393398                     /lib/x86_64-linux-gnu/libnsl-2.19.so
7f9fc5e4c000-7f9fc604b000 ---p 00017000 fd:01 393398                     /lib/x86_64-linux-gnu/libnsl-2.19.so
7f9fc604b000-7f9fc604c000 r--p 00016000 fd:01 393398                     /lib/x86_64-linux-gnu/libnsl-2.19.so
7f9fc604c000-7f9fc604d000 rw-p 00017000 fd:01 393398                     /lib/x86_64-linux-gnu/libnsl-2.19.so
7f9fc604d000-7f9fc604f000 rw-p 00000000 00:00 0 
7f9fc604f000-7f9fc6058000 r-xp 00000000 fd:01 393378                     /lib/x86_64-linux-gnu/libnss_compat-2.19.so
7f9fc6058000-7f9fc6257000 ---p 00009000 fd:01 393378                     /lib/x86_64-linux-gnu/libnss_compat-2.19.so
7f9fc6257000-7f9fc6258000 r--p 00008000 fd:01 393378                     /lib/x86_64-linux-gnu/libnss_compat-2.19.so
7f9fc6258000-7f9fc6259000 rw-p 00009000 fd:01 393378                     /lib/x86_64-linux-gnu/libnss_compat-2.19.so
7f9fc6259000-7f9fc6284000 r-xp 00000000 fd:01 939873                     /usr/lib/jvm/java-7-openjdk-amd64/jre/lib/amd64/libjava.so
7f9fc6284000-7f9fc6483000 ---p 0002b000 fd:01 939873                     /usr/lib/jvm/java-7-openjdk-amd64/jre/lib/amd64/libjava.so
7f9fc6483000-7f9fc6484000 r--p 0002a000 fd:01 939873                     /usr/lib/jvm/java-7-openjdk-amd64/jre/lib/amd64/libjava.so
7f9fc6484000-7f9fc6486000 rw-p 0002b000 fd:01 939873                     /usr/lib/jvm/java-7-openjdk-amd64/jre/lib/amd64/libjava.so
7f9fc6486000-7f9fc6496000 r-xp 00000000 fd:01 939888                     /usr/lib/jvm/java-7-openjdk-amd64/jre/lib/amd64/libverify.so
7f9fc6496000-7f9fc6695000 ---p 00010000 fd:01 939888                     /usr/lib/jvm/java-7-openjdk-amd64/jre/lib/amd64/libverify.so
7f9fc6695000-7f9fc6697000 r--p 0000f000 fd:01 939888                     /usr/lib/jvm/java-7-openjdk-amd64/jre/lib/amd64/libverify.so
7f9fc6697000-7f9fc6698000 rw-p 00011000 fd:01 939888                     /usr/lib/jvm/java-7-openjdk-amd64/jre/lib/amd64/libverify.so
7f9fc6698000-7f9fc669f000 r-xp 00000000 fd:01 393482                     /lib/x86_64-linux-gnu/librt-2.19.so
7f9fc669f000-7f9fc689e000 ---p 00007000 fd:01 393482                     /lib/x86_64-linux-gnu/librt-2.19.so
7f9fc689e000-7f9fc689f000 r--p 00006000 fd:01 393482                     /lib/x86_64-linux-gnu/librt-2.19.so
7f9fc689f000-7f9fc68a0000 rw-p 00007000 fd:01 393482                     /lib/x86_64-linux-gnu/librt-2.19.so
7f9fc68a0000-7f9fc68b6000 r-xp 00000000 fd:01 393365                     /lib/x86_64-linux-gnu/libgcc_s.so.1
7f9fc68b6000-7f9fc6ab5000 ---p 00016000 fd:01 393365                     /lib/x86_64-linux-gnu/libgcc_s.so.1
7f9fc6ab5000-7f9fc6ab6000 rw-p 00015000 fd:01 393365                     /lib/x86_64-linux-gnu/libgcc_s.so.1
7f9fc6ab6000-7f9fc6bbb000 r-xp 00000000 fd:01 393618                     /lib/x86_64-linux-gnu/libm-2.19.so
7f9fc6bbb000-7f9fc6dba000 ---p 00105000 fd:01 393618                     /lib/x86_64-linux-gnu/libm-2.19.so
7f9fc6dba000-7f9fc6dbb000 r--p 00104000 fd:01 393618                     /lib/x86_64-linux-gnu/libm-2.19.so
7f9fc6dbb000-7f9fc6dbc000 rw-p 00105000 fd:01 393618                     /lib/x86_64-linux-gnu/libm-2.19.so
7f9fc6dbc000-7f9fc6ea2000 r-xp 00000000 fd:01 920378                     /usr/lib/x86_64-linux-gnu/libstdc++.so.6.0.19
7f9fc6ea2000-7f9fc70a1000 ---p 000e6000 fd:01 920378                     /usr/lib/x86_64-linux-gnu/libstdc++.so.6.0.19
7f9fc70a1000-7f9fc70a9000 r--p 000e5000 fd:01 920378                     /usr/lib/x86_64-linux-gnu/libstdc++.so.6.0.19
7f9fc70a9000-7f9fc70ab000 rw-p 000ed000 fd:01 920378                     /usr/lib/x86_64-linux-gnu/libstdc++.so.6.0.19
7f9fc70ab000-7f9fc70c0000 rw-p 00000000 00:00 0 
7f9fc70c0000-7f9fc7bd6000 r-xp 00000000 fd:01 939895                     /usr/lib/jvm/java-7-openjdk-amd64/jre/lib/amd64/server/libjvm.so
7f9fc7bd6000-7f9fc7dd5000 ---p 00b16000 fd:01 939895                     /usr/lib/jvm/java-7-openjdk-amd64/jre/lib/amd64/server/libjvm.so
7f9fc7dd5000-7f9fc7e6f000 r--p 00b15000 fd:01 939895                     /usr/lib/jvm/java-7-openjdk-amd64/jre/lib/amd64/server/libjvm.so
7f9fc7e6f000-7f9fc7e92000 rw-p 00baf000 fd:01 939895                     /usr/lib/jvm/java-7-openjdk-amd64/jre/lib/amd64/server/libjvm.so
7f9fc7e92000-7f9fc7ec0000 rw-p 00000000 00:00 0 
7f9fc7ec0000-7f9fc7ed8000 r-xp 00000000 fd:01 393502                     /lib/x86_64-linux-gnu/libz.so.1.2.8
7f9fc7ed8000-7f9fc80d7000 ---p 00018000 fd:01 393502                     /lib/x86_64-linux-gnu/libz.so.1.2.8
7f9fc80d7000-7f9fc80d8000 r--p 00017000 fd:01 393502                     /lib/x86_64-linux-gnu/libz.so.1.2.8
7f9fc80d8000-7f9fc80d9000 rw-p 00018000 fd:01 393502                     /lib/x86_64-linux-gnu/libz.so.1.2.8
7f9fc80d9000-7f9fc80f2000 r-xp 00000000 fd:01 395321                     /lib/x86_64-linux-gnu/libpthread-2.19.so
7f9fc80f2000-7f9fc82f1000 ---p 00019000 fd:01 395321                     /lib/x86_64-linux-gnu/libpthread-2.19.so
7f9fc82f1000-7f9fc82f2000 r--p 00018000 fd:01 395321                     /lib/x86_64-linux-gnu/libpthread-2.19.so
7f9fc82f2000-7f9fc82f3000 rw-p 00019000 fd:01 395321                     /lib/x86_64-linux-gnu/libpthread-2.19.so
7f9fc82f3000-7f9fc82f7000 rw-p 00000000 00:00 0 
7f9fc82f7000-7f9fc82fa000 r-xp 00000000 fd:01 393633                     /lib/x86_64-linux-gnu/libdl-2.19.so
7f9fc82fa000-7f9fc84f9000 ---p 00003000 fd:01 393633                     /lib/x86_64-linux-gnu/libdl-2.19.so
7f9fc84f9000-7f9fc84fa000 r--p 00002000 fd:01 393633                     /lib/x86_64-linux-gnu/libdl-2.19.so
7f9fc84fa000-7f9fc84fb000 rw-p 00003000 fd:01 393633                     /lib/x86_64-linux-gnu/libdl-2.19.so
7f9fc84fb000-7f9fc86b6000 r-xp 00000000 fd:01 393589                     /lib/x86_64-linux-gnu/libc-2.19.so
7f9fc86b6000-7f9fc88b6000 ---p 001bb000 fd:01 393589                     /lib/x86_64-linux-gnu/libc-2.19.so
7f9fc88b6000-7f9fc88ba000 r--p 001bb000 fd:01 393589                     /lib/x86_64-linux-gnu/libc-2.19.so
7f9fc88ba000-7f9fc88bc000 rw-p 001bf000 fd:01 393589                     /lib/x86_64-linux-gnu/libc-2.19.so
7f9fc88bc000-7f9fc88c1000 rw-p 00000000 00:00 0 
7f9fc88c1000-7f9fc88ce000 r-xp 00000000 fd:01 939871                     /usr/lib/jvm/java-7-openjdk-amd64/jre/lib/amd64/jli/libjli.so
7f9fc88ce000-7f9fc8acd000 ---p 0000d000 fd:01 939871                     /usr/lib/jvm/java-7-openjdk-amd64/jre/lib/amd64/jli/libjli.so
7f9fc8acd000-7f9fc8ace000 r--p 0000c000 fd:01 939871                     /usr/lib/jvm/java-7-openjdk-amd64/jre/lib/amd64/jli/libjli.so
7f9fc8ace000-7f9fc8acf000 rw-p 0000d000 fd:01 939871                     /usr/lib/jvm/java-7-openjdk-amd64/jre/lib/amd64/jli/libjli.so
7f9fc8acf000-7f9fc8af2000 r-xp 00000000 fd:01 393590                     /lib/x86_64-linux-gnu/ld-2.19.so
7f9fc8afb000-7f9fc8afe000 r--s 00017000 fd:01 939916                     /usr/lib/jvm/java-7-openjdk-amd64/jre/lib/jce.jar
7f9fc8afe000-7f9fc8b03000 r--s 0004c000 fd:01 939914                     /usr/lib/jvm/java-7-openjdk-amd64/jre/lib/jsse.jar
7f9fc8b03000-7f9fc8b0c000 r--s 000b9000 fd:01 939857                     /usr/lib/jvm/java-7-openjdk-amd64/jre/lib/resources.jar
7f9fc8b0c000-7f9fc8b10000 r--s 0003c000 fd:01 939933                     /usr/lib/jvm/java-7-openjdk-amd64/jre/lib/ext/sunpkcs11.jar
7f9fc8b10000-7f9fc8b14000 r--s 00085000 fd:01 939934                     /usr/lib/jvm/java-7-openjdk-amd64/jre/lib/ext/localedata.jar
7f9fc8b14000-7f9fc8b18000 r--s 00034000 fd:01 939935                     /usr/lib/jvm/java-7-openjdk-amd64/jre/lib/ext/sunjce_provider.jar
7f9fc8b18000-7f9fc8b1b000 r--s 0000f000 fd:01 939931                     /usr/lib/jvm/java-7-openjdk-amd64/jre/lib/ext/icedtea-sound.jar
7f9fc8b1b000-7f9fc8b25000 rw-p 00000000 00:00 0 
7f9fc8b25000-7f9fc8bdb000 rw-p 00000000 00:00 0 
7f9fc8bdb000-7f9fc8be3000 rw-s 00000000 fd:01 274152                     /tmp/hsperfdata_minecraft/5680
7f9fc8be3000-7f9fc8be6000 ---p 00000000 00:00 0 
7f9fc8be6000-7f9fc8cea000 rw-p 00000000 00:00 0                          [stack:5682]
7f9fc8cea000-7f9fc8ceb000 r--s 00002000 fd:01 939936                     /usr/lib/jvm/java-7-openjdk-amd64/jre/lib/ext/dnsns.jar
7f9fc8ceb000-7f9fc8ced000 r--s 00012000 fd:01 939932                     /usr/lib/jvm/java-7-openjdk-amd64/jre/lib/ext/zipfs.jar
7f9fc8ced000-7f9fc8cee000 rw-p 00000000 00:00 0 
7f9fc8cee000-7f9fc8cef000 ---p 00000000 00:00 0 
7f9fc8cef000-7f9fc8cf1000 rw-p 00000000 00:00 0 
7f9fc8cf1000-7f9fc8cf2000 r--p 00022000 fd:01 393590                     /lib/x86_64-linux-gnu/ld-2.19.so
7f9fc8cf2000-7f9fc8cf3000 rw-p 00023000 fd:01 393590                     /lib/x86_64-linux-gnu/ld-2.19.so
7f9fc8cf3000-7f9fc8cf4000 rw-p 00000000 00:00 0 
7fffc664f000-7fffc6670000 rw-p 00000000 00:00 0                          [stack]
7fffc66dd000-7fffc66df000 r-xp 00000000 00:00 0                          [vdso]
ffffffffff600000-ffffffffff601000 r-xp 00000000 00:00 0                  [vsyscall]

VM Arguments:
jvm_args: -Xms32M -Xmx450M 
java_command: craftbukkit.jar nogui
Launcher Type: SUN_STANDARD

Environment Variables:
PATH=/usr/local/sbin:/usr/local/bin:/usr/bin:/usr/sbin:/sbin:/bin

Signal Handlers:
SIGSEGV: [libjvm.so+0x9495e0], sa_mask[0]=0x7ffbfeff, sa_flags=0x10000004
SIGBUS: [libjvm.so+0x9495e0], sa_mask[0]=0x7ffbfeff, sa_flags=0x10000004
SIGFPE: [libjvm.so+0x7c3410], sa_mask[0]=0x7ffbfeff, sa_flags=0x10000004
SIGPIPE: [libjvm.so+0x7c3410], sa_mask[0]=0x7ffbfeff, sa_flags=0x10000004
SIGXFSZ: [libjvm.so+0x7c3410], sa_mask[0]=0x7ffbfeff, sa_flags=0x10000004
SIGILL: [libjvm.so+0x7c3410], sa_mask[0]=0x7ffbfeff, sa_flags=0x10000004
SIGUSR1: SIG_DFL, sa_mask[0]=0x00000000, sa_flags=0x00000000
SIGUSR2: [libjvm.so+0x7c32b0], sa_mask[0]=0x00000000, sa_flags=0x10000004
SIGHUP: [libjvm.so+0x7c3490], sa_mask[0]=0x7ffbfeff, sa_flags=0x10000004
SIGINT: [libjvm.so+0x7c3490], sa_mask[0]=0x7ffbfeff, sa_flags=0x10000004
SIGTERM: [libjvm.so+0x7c3490], sa_mask[0]=0x7ffbfeff, sa_flags=0x10000004
SIGQUIT: [libjvm.so+0x7c3490], sa_mask[0]=0x7ffbfeff, sa_flags=0x10000004
SIGTRAP: SIG_DFL, sa_mask[0]=0x00000000, sa_flags=0x00000000


---------------  S Y S T E M  ---------------

OS:Ubuntu 14.04 (trusty)
uname:Linux 3.13.0-37-generic #64-Ubuntu SMP Mon Sep 22 21:28:38 UTC 2014 x86_64
libc:glibc 2.19 NPTL 2.19 
rlimit: STACK 8192k, CORE 0k, NPROC 3750, NOFILE 4096, AS infinity
load average:1.60 0.54 0.27

/proc/meminfo:
MemTotal:         501808 kB
MemFree:            6124 kB
Buffers:              64 kB
Cached:            21152 kB
SwapCached:            0 kB
Active:           456664 kB
Inactive:          10728 kB
Active(anon):     446300 kB
Inactive(anon):      236 kB
Active(file):      10364 kB
Inactive(file):    10492 kB
Unevictable:           0 kB
Mlocked:               0 kB
SwapTotal:             0 kB
SwapFree:              0 kB
Dirty:                56 kB
Writeback:             0 kB
AnonPages:        446204 kB
Mapped:            14480 kB
Shmem:               324 kB
Slab:              14708 kB
SReclaimable:       7380 kB
SUnreclaim:         7328 kB
KernelStack:         688 kB
PageTables:         2664 kB
NFS_Unstable:          0 kB
Bounce:                0 kB
WritebackTmp:          0 kB
CommitLimit:      250904 kB
Committed_AS:     463304 kB
VmallocTotal:   34359738367 kB
VmallocUsed:        7884 kB
VmallocChunk:   34359722172 kB
HardwareCorrupted:     0 kB
AnonHugePages:         0 kB
HugePages_Total:       0
HugePages_Free:        0
HugePages_Rsvd:        0
HugePages_Surp:        0
Hugepagesize:       2048 kB
DirectMap4k:       36856 kB
DirectMap2M:      487424 kB
DirectMap1G:           0 kB


CPU:total 1 (1 cores per cpu, 1 threads per core) family 6 model 62 stepping 4, cmov, cx8, fxsr, mmx, sse, sse2, sse3, ssse3, sse4.1, sse4.2, popcnt, avx, aes, erms, tsc

/proc/cpuinfo:
processor	: 0
vendor_id	: GenuineIntel
cpu family	: 6
model		: 62
model name	: Intel(R) Xeon(R) CPU E5-2630L v2 @ 2.40GHz
stepping	: 4
microcode	: 0x1
cpu MHz		: 2399.998
cache size	: 15360 KB
physical id	: 0
siblings	: 1
core id		: 0
cpu cores	: 1
apicid		: 0
initial apicid	: 0
fpu		: yes
fpu_exception	: yes
cpuid level	: 13
wp		: yes
flags		: fpu vme de pse tsc msr pae mce cx8 apic sep mtrr pge mca cmov pat pse36 clflush mmx fxsr sse sse2 ss syscall nx pdpe1gb rdtscp lm constant_tsc arch_perfmon rep_good nopl eagerfpu pni pclmulqdq vmx ssse3 cx16 pcid sse4_1 sse4_2 x2apic popcnt tsc_deadline_timer aes xsave avx f16c rdrand hypervisor lahf_lm xsaveopt vnmi ept fsgsbase tsc_adjust smep erms
bogomips	: 4799.99
clflush size	: 64
cache_alignment	: 64
address sizes	: 40 bits physical, 48 bits virtual
power management:



Memory: 4k page, physical 501808k(6124k free), swap 0k(0k free)

vm_info: OpenJDK 64-Bit Server VM (24.65-b04) for linux-amd64 JRE (1.7.0_65-b32), built on Oct 22 2014 04:37:44 by "buildd" with gcc 4.8.2

time: Thu Nov 27 09:16:29 2014
elapsed time: 18 seconds

