#
# There is insufficient memory for the Java Runtime Environment to continue.
# Native memory allocation (malloc) failed to allocate 92389376 bytes for committing reserved memory.
# Possible reasons:
#   The system is out of physical RAM or swap space
#   In 32 bit mode, the process size limit was hit
# Possible solutions:
#   Reduce memory load on the system
#   Increase physical memory or swap space
#   Check if swap backing store is full
#   Use 64 bit Java on a 64 bit OS
#   Decrease Java heap size (-Xmx/-Xms)
#   Decrease number of Java threads
#   Decrease Java thread stack sizes (-Xss)
#   Set larger code cache with -XX:ReservedCodeCacheSize=
# This output file may be truncated or incomplete.
#
#  Out of Memory Error (os_linux.cpp:2798), pid=5654, tid=140472286242560
#
# JRE version: OpenJDK Runtime Environment (7.0_65-b32) (build 1.7.0_65-b32)
# Java VM: OpenJDK 64-Bit Server VM (24.65-b04 mixed mode linux-amd64 compressed oops)
# Derivative: IcedTea 2.5.3
# Distribution: Ubuntu 14.04 LTS, package 7u71-2.5.3-0ubuntu0.14.04.1
# Failed to write core dump. Core dumps have been disabled. To enable core dumping, try "ulimit -c unlimited" before starting Java again
#

---------------  T H R E A D  ---------------

Current thread (0x00007fc23c092800):  VMThread [stack: 0x00007fc240a8e000,0x00007fc240b8f000] [id=5657]

Stack: [0x00007fc240a8e000,0x00007fc240b8f000],  sp=0x00007fc240b8d5a0,  free space=1021k
Native frames: (J=compiled Java code, j=interpreted, Vv=VM code, C=native code)
V  [libjvm.so+0x948b05]  VMError::report_and_die()+0x175
V  [libjvm.so+0x48bc34]  report_vm_out_of_memory(char const*, int, unsigned long, char const*)+0x74
V  [libjvm.so+0x7c7bfb]  os::pd_commit_memory(char*, unsigned long, unsigned long, bool)+0xeb
V  [libjvm.so+0x7c26bf]  os::commit_memory(char*, unsigned long, unsigned long, bool)+0x1f
V  [libjvm.so+0x9459f4]  VirtualSpace::expand_by(unsigned long, bool)+0x1c4
V  [libjvm.so+0x561b1e]  OneContigSpaceCardGeneration::grow_by(unsigned long)+0x1e
V  [libjvm.so+0x561e55]  OneContigSpaceCardGeneration::expand(unsigned long, unsigned long)+0x85
V  [libjvm.so+0x5535f0]  GenCollectedHeap::do_collection(bool, bool, unsigned long, bool, int)+0x7a0
V  [libjvm.so+0x5546ce]  GenCollectedHeap::do_full_collection(bool, int)+0x3e
V  [libjvm.so+0x949bb2]  VM_GenCollectForPermanentAllocation::doit()+0x162
V  [libjvm.so+0x94e9f7]  VM_Operation::evaluate()+0x47
V  [libjvm.so+0x94d368]  VMThread::evaluate_operation(VM_Operation*)+0x318
V  [libjvm.so+0x94d7c9]  VMThread::loop()+0x219
V  [libjvm.so+0x94dc12]  VMThread::run()+0x72
V  [libjvm.so+0x7c4ac2]  java_start(Thread*)+0xf2

VM_Operation (0x00007fc21b583960): GenCollectForPermanentAllocation, mode: safepoint, requested by thread 0x00007fc23c885000


---------------  P R O C E S S  ---------------

Java Threads: ( => current thread )
  0x00007fc230006000 JavaThread "Keep-Alive-Timer" daemon [_thread_blocked, id=5676, stack(0x00007fc21b086000,0x00007fc21b187000)]
  0x00007fc224016800 JavaThread "Netty IO #0" daemon [_thread_in_native, id=5674, stack(0x00007fc21b187000,0x00007fc21b288000)]
  0x00007fc224004800 JavaThread "Thread-5" [_thread_blocked, id=5671, stack(0x00007fc21b288000,0x00007fc21b389000)]
  0x00007fc224001000 JavaThread "Server console handler" daemon [_thread_blocked, id=5670, stack(0x00007fc21b389000,0x00007fc21b48a000)]
  0x00007fc23c00a000 JavaThread "DestroyJavaVM" [_thread_blocked, id=5656, stack(0x00007fc244449000,0x00007fc24454a000)]
  0x00007fc23c885000 JavaThread "Server thread" [_thread_blocked, id=5669, stack(0x00007fc21b48a000,0x00007fc21b58b000)]
  0x00007fc23c884000 JavaThread "Server Infinisleeper" daemon [_thread_blocked, id=5668, stack(0x00007fc21b58b000,0x00007fc21b68c000)]
  0x00007fc23c813000 JavaThread "process reaper" daemon [_thread_blocked, id=5667, stack(0x00007fc240017000,0x00007fc240050000)]
  0x00007fc23c7fc000 JavaThread "Snooper Timer" daemon [_thread_blocked, id=5665, stack(0x00007fc21b68c000,0x00007fc21b78d000)]
  0x00007fc23c0cc800 JavaThread "Service Thread" daemon [_thread_blocked, id=5663, stack(0x00007fc240488000,0x00007fc240589000)]
  0x00007fc23c0c9800 JavaThread "C2 CompilerThread1" daemon [_thread_blocked, id=5662, stack(0x00007fc240589000,0x00007fc24068a000)]
  0x00007fc23c0c7800 JavaThread "C2 CompilerThread0" daemon [_thread_blocked, id=5661, stack(0x00007fc24068a000,0x00007fc24078b000)]
  0x00007fc23c0c5800 JavaThread "Signal Dispatcher" daemon [_thread_blocked, id=5660, stack(0x00007fc24078b000,0x00007fc24088c000)]
  0x00007fc23c099000 JavaThread "Finalizer" daemon [_thread_blocked, id=5659, stack(0x00007fc24088c000,0x00007fc24098d000)]
  0x00007fc23c097000 JavaThread "Reference Handler" daemon [_thread_blocked, id=5658, stack(0x00007fc24098d000,0x00007fc240a8e000)]

Other Threads:
=>0x00007fc23c092800 VMThread [stack: 0x00007fc240a8e000,0x00007fc240b8f000] [id=5657]
  0x00007fc23c0d7800 WatcherThread [stack: 0x00007fc240387000,0x00007fc240488000] [id=5664]

VM state:at safepoint (normal execution)

VM Mutex/Monitor currently owned by a thread:  ([mutex/lock_event])
[0x00007fc23c006360] Threads_lock - owner thread: 0x00007fc23c092800
[0x00007fc23c006860] Heap_lock - owner thread: 0x00007fc23c885000

Heap
 def new generation   total 91520K, used 0K [0x00000000d9800000, 0x00000000dfb40000, 0x00000000e2e00000)
  eden space 81408K,   0% used [0x00000000d9800000, 0x00000000d9800000, 0x00000000de780000)
  from space 10112K,   0% used [0x00000000de780000, 0x00000000de780000, 0x00000000df160000)
  to   space 10112K,   0% used [0x00000000df160000, 0x00000000df160000, 0x00000000dfb40000)
 tenured generation   total 203212K, used 176061K [0x00000000e2e00000, 0x00000000ef473000, 0x00000000f5a00000)
   the space 203212K,  86% used [0x00000000e2e00000, 0x00000000ed9ef550, 0x00000000ed9ef600, 0x00000000ef473000)
 compacting perm gen  total 59264K, used 59263K [0x00000000f5a00000, 0x00000000f93e0000, 0x0000000100000000)
   the space 59264K,  99% used [0x00000000f5a00000, 0x00000000f93dfc88, 0x00000000f93dfe00, 0x00000000f93e0000)
No shared spaces configured.

Card table byte_map: [0x00007fc240f45000,0x00007fc24107a000] byte_map_base: 0x00007fc240879000

Polling page: 0x00007fc244554000

Code Cache  [0x00007fc239000000, 0x00007fc239270000, 0x00007fc23c000000)
 total_blobs=875 nmethods=433 adapters=395 free_code_cache=47807Kb largest_free_block=48881280

Compilation events (10 events):
Event: 15.568 Thread 0x00007fc23c0c7800 nmethod 483 0x00007fc23908e850 code [0x00007fc23908e980, 0x00007fc23908e9d8]
Event: 15.584 Thread 0x00007fc23c0c9800  485             org.jruby.parser.Ruby19Parser::yyparse (906 bytes)
Event: 15.645 Thread 0x00007fc23c0c9800 nmethod 485 0x00007fc2390b5ad0 code [0x00007fc2390b5d40, 0x00007fc2390b7250]
Event: 15.660 Thread 0x00007fc23c0c7800  487             java.util.HashMap::containsKey (14 bytes)
Event: 15.663 Thread 0x00007fc23c0c7800 nmethod 487 0x00007fc2390c4d90 code [0x00007fc2390c4f00, 0x00007fc2390c5148]
Event: 15.674 Thread 0x00007fc23c0c7800  488 %           java.util.HashMap$HashIterator::nextEntry @ 59 (99 bytes)
Event: 15.676 Thread 0x00007fc23c0c7800 nmethod 488% 0x00007fc2390c1ad0 code [0x00007fc2390c1c20, 0x00007fc2390c1dd8]
Event: 15.696 Thread 0x00007fc23c0c9800  489             org.jruby.lexer.yacc.RubyYaccLexer::getIdentifier (117 bytes)
Event: 15.748 Thread 0x00007fc23c0c9800 nmethod 489 0x00007fc23915f8d0 code [0x00007fc23915fbe0, 0x00007fc239160a18]
Event: 15.819 Thread 0x00007fc23c0c7800  490             org.jruby.lexer.yacc.RubyYaccLexer::yylex (1592 bytes)

GC Heap History (10 events):
Event: 12.380 GC heap after
Heap after GC invocations=37 (full 6):
 def new generation   total 52160K, used 5759K [0x00000000d9800000, 0x00000000dd090000, 0x00000000e2e00000)
  eden space 46400K,   0% used [0x00000000d9800000, 0x00000000d9800000, 0x00000000dc550000)
  from space 5760K,  99% used [0x00000000dc550000, 0x00000000dcaefff8, 0x00000000dcaf0000)
  to   space 5760K,   0% used [0x00000000dcaf0000, 0x00000000dcaf0000, 0x00000000dd090000)
 tenured generation   total 115776K, used 90112K [0x00000000e2e00000, 0x00000000e9f10000, 0x00000000f5a00000)
   the space 115776K,  77% used [0x00000000e2e00000, 0x00000000e8600320, 0x00000000e8600400, 0x00000000e9f10000)
 compacting perm gen  total 50944K, used 50825K [0x00000000f5a00000, 0x00000000f8bc0000, 0x0000000100000000)
   the space 50944K,  99% used [0x00000000f5a00000, 0x00000000f8ba2458, 0x00000000f8ba2600, 0x00000000f8bc0000)
No shared spaces configured.
}
Event: 12.730 GC heap before
{Heap before GC invocations=37 (full 6):
 def new generation   total 52160K, used 52159K [0x00000000d9800000, 0x00000000dd090000, 0x00000000e2e00000)
  eden space 46400K, 100% used [0x00000000d9800000, 0x00000000dc550000, 0x00000000dc550000)
  from space 5760K,  99% used [0x00000000dc550000, 0x00000000dcaefff8, 0x00000000dcaf0000)
  to   space 5760K,   0% used [0x00000000dcaf0000, 0x00000000dcaf0000, 0x00000000dd090000)
 tenured generation   total 115776K, used 90112K [0x00000000e2e00000, 0x00000000e9f10000, 0x00000000f5a00000)
   the space 115776K,  77% used [0x00000000e2e00000, 0x00000000e8600320, 0x00000000e8600400, 0x00000000e9f10000)
 compacting perm gen  total 52224K, used 52201K [0x00000000f5a00000, 0x00000000f8d00000, 0x0000000100000000)
   the space 52224K,  99% used [0x00000000f5a00000, 0x00000000f8cfa7c0, 0x00000000f8cfa800, 0x00000000f8d00000)
No shared spaces configured.
Event: 12.806 GC heap after
Heap after GC invocations=38 (full 6):
 def new generation   total 52160K, used 5760K [0x00000000d9800000, 0x00000000dd090000, 0x00000000e2e00000)
  eden space 46400K,   0% used [0x00000000d9800000, 0x00000000d9800000, 0x00000000dc550000)
  from space 5760K, 100% used [0x00000000dcaf0000, 0x00000000dd090000, 0x00000000dd090000)
  to   space 5760K,   0% used [0x00000000dc550000, 0x00000000dc550000, 0x00000000dcaf0000)
 tenured generation   total 115776K, used 108681K [0x00000000e2e00000, 0x00000000e9f10000, 0x00000000f5a00000)
   the space 115776K,  93% used [0x00000000e2e00000, 0x00000000e9822548, 0x00000000e9822600, 0x00000000e9f10000)
 compacting perm gen  total 52224K, used 52201K [0x00000000f5a00000, 0x00000000f8d00000, 0x0000000100000000)
   the space 52224K,  99% used [0x00000000f5a00000, 0x00000000f8cfa7c0, 0x00000000f8cfa800, 0x00000000f8d00000)
No shared spaces configured.
}
Event: 13.209 GC heap before
{Heap before GC invocations=38 (full 6):
 def new generation   total 52160K, used 52160K [0x00000000d9800000, 0x00000000dd090000, 0x00000000e2e00000)
  eden space 46400K, 100% used [0x00000000d9800000, 0x00000000dc550000, 0x00000000dc550000)
  from space 5760K, 100% used [0x00000000dcaf0000, 0x00000000dd090000, 0x00000000dd090000)
  to   space 5760K,   0% used [0x00000000dc550000, 0x00000000dc550000, 0x00000000dcaf0000)
 tenured generation   total 115776K, used 108681K [0x00000000e2e00000, 0x00000000e9f10000, 0x00000000f5a00000)
   the space 115776K,  93% used [0x00000000e2e00000, 0x00000000e9822548, 0x00000000e9822600, 0x00000000e9f10000)
 compacting perm gen  total 53824K, used 53649K [0x00000000f5a00000, 0x00000000f8e90000, 0x0000000100000000)
   the space 53824K,  99% used [0x00000000f5a00000, 0x00000000f8e647f0, 0x00000000f8e64800, 0x00000000f8e90000)
No shared spaces configured.
Event: 13.652 GC heap after
Heap after GC invocations=39 (full 7):
 def new generation   total 91520K, used 0K [0x00000000d9800000, 0x00000000dfb40000, 0x00000000e2e00000)
  eden space 81408K,   0% used [0x00000000d9800000, 0x00000000d9800000, 0x00000000de780000)
  from space 10112K,   0% used [0x00000000de780000, 0x00000000de780000, 0x00000000df160000)
  to   space 10112K,   0% used [0x00000000df160000, 0x00000000df160000, 0x00000000dfb40000)
 tenured generation   total 203212K, used 121925K [0x00000000e2e00000, 0x00000000ef473000, 0x00000000f5a00000)
   the space 203212K,  59% used [0x00000000e2e00000, 0x00000000ea511570, 0x00000000ea511600, 0x00000000ef473000)
 compacting perm gen  total 53824K, used 53649K [0x00000000f5a00000, 0x00000000f8e90000, 0x0000000100000000)
   the space 53824K,  99% used [0x00000000f5a00000, 0x00000000f8e647f0, 0x00000000f8e64800, 0x00000000f8e90000)
No shared spaces configured.
}
Event: 14.340 GC heap before
{Heap before GC invocations=39 (full 7):
 def new generation   total 91520K, used 81408K [0x00000000d9800000, 0x00000000dfb40000, 0x00000000e2e00000)
  eden space 81408K, 100% used [0x00000000d9800000, 0x00000000de780000, 0x00000000de780000)
  from space 10112K,   0% used [0x00000000de780000, 0x00000000de780000, 0x00000000df160000)
  to   space 10112K,   0% used [0x00000000df160000, 0x00000000df160000, 0x00000000dfb40000)
 tenured generation   total 203212K, used 121925K [0x00000000e2e00000, 0x00000000ef473000, 0x00000000f5a00000)
   the space 203212K,  59% used [0x00000000e2e00000, 0x00000000ea511570, 0x00000000ea511600, 0x00000000ef473000)
 compacting perm gen  total 56704K, used 56458K [0x00000000f5a00000, 0x00000000f9160000, 0x0000000100000000)
   the space 56704K,  99% used [0x00000000f5a00000, 0x00000000f91228b0, 0x00000000f9122a00, 0x00000000f9160000)
No shared spaces configured.
Event: 14.513 GC heap after
Heap after GC invocations=40 (full 7):
 def new generation   total 91520K, used 10112K [0x00000000d9800000, 0x00000000dfb40000, 0x00000000e2e00000)
  eden space 81408K,   0% used [0x00000000d9800000, 0x00000000d9800000, 0x00000000de780000)
  from space 10112K, 100% used [0x00000000df160000, 0x00000000dfb40000, 0x00000000dfb40000)
  to   space 10112K,   0% used [0x00000000de780000, 0x00000000de780000, 0x00000000df160000)
 tenured generation   total 203212K, used 142989K [0x00000000e2e00000, 0x00000000ef473000, 0x00000000f5a00000)
   the space 203212K,  70% used [0x00000000e2e00000, 0x00000000eb9a3450, 0x00000000eb9a3600, 0x00000000ef473000)
 compacting perm gen  total 56704K, used 56458K [0x00000000f5a00000, 0x00000000f9160000, 0x0000000100000000)
   the space 56704K,  99% used [0x00000000f5a00000, 0x00000000f91228b0, 0x00000000f9122a00, 0x00000000f9160000)
No shared spaces configured.
}
Event: 15.296 GC heap before
{Heap before GC invocations=40 (full 7):
 def new generation   total 91520K, used 91520K [0x00000000d9800000, 0x00000000dfb40000, 0x00000000e2e00000)
  eden space 81408K, 100% used [0x00000000d9800000, 0x00000000de780000, 0x00000000de780000)
  from space 10112K, 100% used [0x00000000df160000, 0x00000000dfb40000, 0x00000000dfb40000)
  to   space 10112K,   0% used [0x00000000de780000, 0x00000000de780000, 0x00000000df160000)
 tenured generation   total 203212K, used 142989K [0x00000000e2e00000, 0x00000000ef473000, 0x00000000f5a00000)
   the space 203212K,  70% used [0x00000000e2e00000, 0x00000000eb9a3450, 0x00000000eb9a3600, 0x00000000ef473000)
 compacting perm gen  total 58944K, used 58758K [0x00000000f5a00000, 0x00000000f9390000, 0x0000000100000000)
   the space 58944K,  99% used [0x00000000f5a00000, 0x00000000f9361968, 0x00000000f9361a00, 0x00000000f9390000)
No shared spaces configured.
Event: 15.449 GC heap after
Heap after GC invocations=41 (full 7):
 def new generation   total 91520K, used 10112K [0x00000000d9800000, 0x00000000dfb40000, 0x00000000e2e00000)
  eden space 81408K,   0% used [0x00000000d9800000, 0x00000000d9800000, 0x00000000de780000)
  from space 10112K, 100% used [0x00000000de780000, 0x00000000df160000, 0x00000000df160000)
  to   space 10112K,   0% used [0x00000000df160000, 0x00000000df160000, 0x00000000dfb40000)
 tenured generation   total 203212K, used 166839K [0x00000000e2e00000, 0x00000000ef473000, 0x00000000f5a00000)
   the space 203212K,  82% used [0x00000000e2e00000, 0x00000000ed0ede68, 0x00000000ed0ee000, 0x00000000ef473000)
 compacting perm gen  total 58944K, used 58758K [0x00000000f5a00000, 0x00000000f9390000, 0x0000000100000000)
   the space 58944K,  99% used [0x00000000f5a00000, 0x00000000f9361968, 0x00000000f9361a00, 0x00000000f9390000)
No shared spaces configured.
}
Event: 15.888 GC heap before
{Heap before GC invocations=41 (full 7):
 def new generation   total 91520K, used 53348K [0x00000000d9800000, 0x00000000dfb40000, 0x00000000e2e00000)
  eden space 81408K,  53% used [0x00000000d9800000, 0x00000000dc239340, 0x00000000de780000)
  from space 10112K, 100% used [0x00000000de780000, 0x00000000df160000, 0x00000000df160000)
  to   space 10112K,   0% used [0x00000000df160000, 0x00000000df160000, 0x00000000dfb40000)
 tenured generation   total 203212K, used 166839K [0x00000000e2e00000, 0x00000000ef473000, 0x00000000f5a00000)
   the space 203212K,  82% used [0x00000000e2e00000, 0x00000000ed0ede68, 0x00000000ed0ee000, 0x00000000ef473000)
 compacting perm gen  total 59264K, used 59263K [0x00000000f5a00000, 0x00000000f93e0000, 0x0000000100000000)
   the space 59264K,  99% used [0x00000000f5a00000, 0x00000000f93dffe8, 0x00000000f93e0000, 0x00000000f93e0000)
No shared spaces configured.

Deoptimization events (10 events):
Event: 11.440 Thread 0x00007fc23c885000 Uncommon trap: reason=class_check action=maybe_recompile pc=0x00007fc239119a74 method=java.io.FilterInputStream.read()I @ 4
Event: 11.694 Thread 0x00007fc23c885000 Uncommon trap: reason=bimorphic action=maybe_recompile pc=0x00007fc23910de50 method=java.util.Collections$SynchronizedCollection.add(Ljava/lang/Object;)Z @ 12
Event: 12.388 Thread 0x00007fc23c885000 Uncommon trap: reason=predicate action=maybe_recompile pc=0x00007fc2391384f0 method=java.util.Arrays.fill([Ljava/lang/Object;Ljava/lang/Object;)V @ 10
Event: 12.888 Thread 0x00007fc23c885000 Uncommon trap: reason=array_check action=maybe_recompile pc=0x00007fc23913db78 method=java.util.Arrays.fill([Ljava/lang/Object;Ljava/lang/Object;)V @ 13
Event: 12.888 Thread 0x00007fc23c885000 Uncommon trap: reason=array_check action=maybe_recompile pc=0x00007fc23913db78 method=java.util.Arrays.fill([Ljava/lang/Object;Ljava/lang/Object;)V @ 13
Event: 12.888 Thread 0x00007fc23c885000 Uncommon trap: reason=array_check action=maybe_recompile pc=0x00007fc23913db78 method=java.util.Arrays.fill([Ljava/lang/Object;Ljava/lang/Object;)V @ 13
Event: 12.888 Thread 0x00007fc23c885000 Uncommon trap: reason=array_check action=maybe_recompile pc=0x00007fc23913db78 method=java.util.Arrays.fill([Ljava/lang/Object;Ljava/lang/Object;)V @ 13
Event: 12.911 Thread 0x00007fc23c885000 Uncommon trap: reason=bimorphic action=maybe_recompile pc=0x00007fc239139080 method=java.util.HashMap.put(Ljava/lang/Object;Ljava/lang/Object;)Ljava/lang/Object; @ 83
Event: 13.027 Thread 0x00007fc23c885000 Uncommon trap: reason=null_check action=make_not_entrant pc=0x00007fc239146fc8 method=java.lang.Package.getSystemPackage(Ljava/lang/String;)Ljava/lang/Package; @ 15
Event: 15.296 Thread 0x00007fc23c885000 Uncommon trap: reason=unreached action=reinterpret pc=0x00007fc2390c18c8 method=java.util.zip.ZipCoder.decoder()Ljava/nio/charset/CharsetDecoder; @ 4

Internal exceptions (10 events):
Event: 15.880 Thread 0x00007fc23c885000 Threw 0x00000000dc0c56d8 at /build/buildd/openjdk-7-7u71-2.5.3/build/openjdk/hotspot/src/share/vm/prims/jvm.cpp:1284
Event: 15.880 Thread 0x00007fc23c885000 Threw 0x00000000dc0c5de8 at /build/buildd/openjdk-7-7u71-2.5.3/build/openjdk/hotspot/src/share/vm/prims/jvm.cpp:1284
Event: 15.880 Thread 0x00007fc23c885000 Threw 0x00000000dc0c9af8 at /build/buildd/openjdk-7-7u71-2.5.3/build/openjdk/hotspot/src/share/vm/prims/jvm.cpp:1284
Event: 15.880 Thread 0x00007fc23c885000 Threw 0x00000000dc0ca238 at /build/buildd/openjdk-7-7u71-2.5.3/build/openjdk/hotspot/src/share/vm/prims/jvm.cpp:1284
Event: 15.881 Thread 0x00007fc23c885000 Threw 0x00000000dc0cf450 at /build/buildd/openjdk-7-7u71-2.5.3/build/openjdk/hotspot/src/share/vm/prims/jvm.cpp:1284
Event: 15.881 Thread 0x00007fc23c885000 Threw 0x00000000dc0cfb60 at /build/buildd/openjdk-7-7u71-2.5.3/build/openjdk/hotspot/src/share/vm/prims/jvm.cpp:1284
Event: 15.881 Thread 0x00007fc23c885000 Threw 0x00000000dc0d4a78 at /build/buildd/openjdk-7-7u71-2.5.3/build/openjdk/hotspot/src/share/vm/prims/jvm.cpp:1284
Event: 15.881 Thread 0x00007fc23c885000 Threw 0x00000000dc0d51b8 at /build/buildd/openjdk-7-7u71-2.5.3/build/openjdk/hotspot/src/share/vm/prims/jvm.cpp:1284
Event: 15.882 Thread 0x00007fc23c885000 Threw 0x00000000dc0da920 at /build/buildd/openjdk-7-7u71-2.5.3/build/openjdk/hotspot/src/share/vm/prims/jvm.cpp:1284
Event: 15.882 Thread 0x00007fc23c885000 Threw 0x00000000dc0db030 at /build/buildd/openjdk-7-7u71-2.5.3/build/openjdk/hotspot/src/share/vm/prims/jvm.cpp:1284

Events (10 events):
Event: 15.880 loading class 0x00007fc224437a40 done
Event: 15.880 loading class 0x00007fc224437ad0
Event: 15.880 loading class 0x00007fc224437ad0 done
Event: 15.881 loading class 0x00007fc224437b60
Event: 15.881 loading class 0x00007fc224437b60 done
Event: 15.881 loading class 0x00007fc224437bb0
Event: 15.881 loading class 0x00007fc224437bb0 done
Event: 15.882 loading class 0x00007fc224437c60
Event: 15.882 loading class 0x00007fc224437c60 done
Event: 15.888 Executing VM operation: GenCollectForPermanentAllocation


Dynamic libraries:
00400000-00401000 r-xp 00000000 fd:01 939968                             /usr/lib/jvm/java-7-openjdk-amd64/jre/bin/java
00600000-00601000 r--p 00000000 fd:01 939968                             /usr/lib/jvm/java-7-openjdk-amd64/jre/bin/java
00601000-00602000 rw-p 00001000 fd:01 939968                             /usr/lib/jvm/java-7-openjdk-amd64/jre/bin/java
02467000-02488000 rw-p 00000000 00:00 0                                  [heap]
d9800000-dfb40000 rw-p 00000000 00:00 0 
dfb40000-e2e00000 rw-p 00000000 00:00 0 
e2e00000-ef473000 rw-p 00000000 00:00 0 
f4c8f000-f5a00000 rw-p 00000000 00:00 0 
f5a00000-f93e0000 rw-p 00000000 00:00 0 
f93e0000-100000000 rw-p 00000000 00:00 0 
7fc21ac2b000-7fc21ad59000 r--s 011d3000 fd:01 787194                     /srv/minecraft/minecraft_server/craftbukkit.jar
7fc21ad59000-7fc21ad5e000 r-xp 00000000 fd:01 393583                     /lib/x86_64-linux-gnu/libnss_dns-2.19.so
7fc21ad5e000-7fc21af5d000 ---p 00005000 fd:01 393583                     /lib/x86_64-linux-gnu/libnss_dns-2.19.so
7fc21af5d000-7fc21af5e000 r--p 00004000 fd:01 393583                     /lib/x86_64-linux-gnu/libnss_dns-2.19.so
7fc21af5e000-7fc21af5f000 rw-p 00005000 fd:01 393583                     /lib/x86_64-linux-gnu/libnss_dns-2.19.so
7fc21af5f000-7fc21b086000 r--s 013c7000 fd:01 787302                     /srv/minecraft/minecraft_server/plugins/purugin-0.7.1-bukkit-1.7.2-R0.3.jar
7fc21b086000-7fc21b089000 ---p 00000000 00:00 0 
7fc21b089000-7fc21b187000 rw-p 00000000 00:00 0                          [stack:5676]
7fc21b187000-7fc21b18a000 ---p 00000000 00:00 0 
7fc21b18a000-7fc21b288000 rw-p 00000000 00:00 0                          [stack:5674]
7fc21b288000-7fc21b28b000 ---p 00000000 00:00 0 
7fc21b28b000-7fc21b389000 rw-p 00000000 00:00 0                          [stack:5671]
7fc21b389000-7fc21b38c000 ---p 00000000 00:00 0 
7fc21b38c000-7fc21b48a000 rw-p 00000000 00:00 0                          [stack:5670]
7fc21b48a000-7fc21b48d000 ---p 00000000 00:00 0 
7fc21b48d000-7fc21b58b000 rw-p 00000000 00:00 0                          [stack:5669]
7fc21b58b000-7fc21b58e000 ---p 00000000 00:00 0 
7fc21b58e000-7fc21b68c000 rw-p 00000000 00:00 0                          [stack:5668]
7fc21b68c000-7fc21b68f000 ---p 00000000 00:00 0 
7fc21b68f000-7fc21b78d000 rw-p 00000000 00:00 0                          [stack:5665]
7fc21b78d000-7fc21b79d000 r-xp 00000000 fd:01 939889                     /usr/lib/jvm/java-7-openjdk-amd64/jre/lib/amd64/libnio.so
7fc21b79d000-7fc21b99d000 ---p 00010000 fd:01 939889                     /usr/lib/jvm/java-7-openjdk-amd64/jre/lib/amd64/libnio.so
7fc21b99d000-7fc21b99e000 r--p 00010000 fd:01 939889                     /usr/lib/jvm/java-7-openjdk-amd64/jre/lib/amd64/libnio.so
7fc21b99e000-7fc21b99f000 rw-p 00011000 fd:01 939889                     /usr/lib/jvm/java-7-openjdk-amd64/jre/lib/amd64/libnio.so
7fc21b99f000-7fc21b9dc000 r-xp 00000000 fd:01 393459                     /lib/x86_64-linux-gnu/libpcre.so.3.13.1
7fc21b9dc000-7fc21bbdb000 ---p 0003d000 fd:01 393459                     /lib/x86_64-linux-gnu/libpcre.so.3.13.1
7fc21bbdb000-7fc21bbdc000 r--p 0003c000 fd:01 393459                     /lib/x86_64-linux-gnu/libpcre.so.3.13.1
7fc21bbdc000-7fc21bbdd000 rw-p 0003d000 fd:01 393459                     /lib/x86_64-linux-gnu/libpcre.so.3.13.1
7fc21bbdd000-7fc21bbe4000 r-xp 00000000 fd:01 920338                     /usr/lib/x86_64-linux-gnu/libffi.so.6.0.1
7fc21bbe4000-7fc21bde3000 ---p 00007000 fd:01 920338                     /usr/lib/x86_64-linux-gnu/libffi.so.6.0.1
7fc21bde3000-7fc21bde4000 r--p 00006000 fd:01 920338                     /usr/lib/x86_64-linux-gnu/libffi.so.6.0.1
7fc21bde4000-7fc21bde5000 rw-p 00007000 fd:01 920338                     /usr/lib/x86_64-linux-gnu/libffi.so.6.0.1
7fc21bde5000-7fc21bdfc000 r-xp 00000000 fd:01 393396                     /lib/x86_64-linux-gnu/libresolv-2.19.so
7fc21bdfc000-7fc21bffc000 ---p 00017000 fd:01 393396                     /lib/x86_64-linux-gnu/libresolv-2.19.so
7fc21bffc000-7fc21bffd000 r--p 00017000 fd:01 393396                     /lib/x86_64-linux-gnu/libresolv-2.19.so
7fc21bffd000-7fc21bffe000 rw-p 00018000 fd:01 393396                     /lib/x86_64-linux-gnu/libresolv-2.19.so
7fc21bffe000-7fc21c000000 rw-p 00000000 00:00 0 
7fc21c000000-7fc21c58e000 rw-p 00000000 00:00 0 
7fc21c58e000-7fc220000000 ---p 00000000 00:00 0 
7fc220000000-7fc220021000 rw-p 00000000 00:00 0 
7fc220021000-7fc224000000 ---p 00000000 00:00 0 
7fc224000000-7fc2244ca000 rw-p 00000000 00:00 0 
7fc2244ca000-7fc228000000 ---p 00000000 00:00 0 
7fc228000000-7fc22862e000 rw-p 00000000 00:00 0 
7fc22862e000-7fc22c000000 ---p 00000000 00:00 0 
7fc22c000000-7fc22c021000 rw-p 00000000 00:00 0 
7fc22c021000-7fc230000000 ---p 00000000 00:00 0 
7fc230000000-7fc230021000 rw-p 00000000 00:00 0 
7fc230021000-7fc234000000 ---p 00000000 00:00 0 
7fc234000000-7fc2343d6000 rw-p 00000000 00:00 0 
7fc2343d6000-7fc238000000 ---p 00000000 00:00 0 
7fc2380f5000-7fc238115000 r-xp 00000000 fd:01 393377                     /lib/x86_64-linux-gnu/libselinux.so.1
7fc238115000-7fc238314000 ---p 00020000 fd:01 393377                     /lib/x86_64-linux-gnu/libselinux.so.1
7fc238314000-7fc238315000 r--p 0001f000 fd:01 393377                     /lib/x86_64-linux-gnu/libselinux.so.1
7fc238315000-7fc238316000 rw-p 00020000 fd:01 393377                     /lib/x86_64-linux-gnu/libselinux.so.1
7fc238316000-7fc238318000 rw-p 00000000 00:00 0 
7fc238318000-7fc23831b000 r-xp 00000000 fd:01 929358                     /usr/lib/x86_64-linux-gnu/libgmodule-2.0.so.0.4000.0
7fc23831b000-7fc23851a000 ---p 00003000 fd:01 929358                     /usr/lib/x86_64-linux-gnu/libgmodule-2.0.so.0.4000.0
7fc23851a000-7fc23851b000 r--p 00002000 fd:01 929358                     /usr/lib/x86_64-linux-gnu/libgmodule-2.0.so.0.4000.0
7fc23851b000-7fc23851c000 rw-p 00003000 fd:01 929358                     /usr/lib/x86_64-linux-gnu/libgmodule-2.0.so.0.4000.0
7fc23851c000-7fc238622000 r-xp 00000000 fd:01 398033                     /lib/x86_64-linux-gnu/libglib-2.0.so.0.4000.0
7fc238622000-7fc238821000 ---p 00106000 fd:01 398033                     /lib/x86_64-linux-gnu/libglib-2.0.so.0.4000.0
7fc238821000-7fc238822000 r--p 00105000 fd:01 398033                     /lib/x86_64-linux-gnu/libglib-2.0.so.0.4000.0
7fc238822000-7fc238823000 rw-p 00106000 fd:01 398033                     /lib/x86_64-linux-gnu/libglib-2.0.so.0.4000.0
7fc238823000-7fc238824000 rw-p 00000000 00:00 0 
7fc238824000-7fc238873000 r-xp 00000000 fd:01 929356                     /usr/lib/x86_64-linux-gnu/libgobject-2.0.so.0.4000.0
7fc238873000-7fc238a73000 ---p 0004f000 fd:01 929356                     /usr/lib/x86_64-linux-gnu/libgobject-2.0.so.0.4000.0
7fc238a73000-7fc238a74000 r--p 0004f000 fd:01 929356                     /usr/lib/x86_64-linux-gnu/libgobject-2.0.so.0.4000.0
7fc238a74000-7fc238a75000 rw-p 00050000 fd:01 929356                     /usr/lib/x86_64-linux-gnu/libgobject-2.0.so.0.4000.0
7fc238a75000-7fc238be0000 r-xp 00000000 fd:01 929357                     /usr/lib/x86_64-linux-gnu/libgio-2.0.so.0.4000.0
7fc238be0000-7fc238de0000 ---p 0016b000 fd:01 929357                     /usr/lib/x86_64-linux-gnu/libgio-2.0.so.0.4000.0
7fc238de0000-7fc238de4000 r--p 0016b000 fd:01 929357                     /usr/lib/x86_64-linux-gnu/libgio-2.0.so.0.4000.0
7fc238de4000-7fc238de6000 rw-p 0016f000 fd:01 929357                     /usr/lib/x86_64-linux-gnu/libgio-2.0.so.0.4000.0
7fc238de6000-7fc238de8000 rw-p 00000000 00:00 0 
7fc238de8000-7fc238dff000 r-xp 00000000 fd:01 939874                     /usr/lib/jvm/java-7-openjdk-amd64/jre/lib/amd64/libnet.so
7fc238dff000-7fc238ffe000 ---p 00017000 fd:01 939874                     /usr/lib/jvm/java-7-openjdk-amd64/jre/lib/amd64/libnet.so
7fc238ffe000-7fc238fff000 r--p 00016000 fd:01 939874                     /usr/lib/jvm/java-7-openjdk-amd64/jre/lib/amd64/libnet.so
7fc238fff000-7fc239000000 rw-p 00017000 fd:01 939874                     /usr/lib/jvm/java-7-openjdk-amd64/jre/lib/amd64/libnet.so
7fc239000000-7fc239270000 rwxp 00000000 00:00 0 
7fc239270000-7fc23c88b000 rw-p 00000000 00:00 0 
7fc23c88b000-7fc240000000 ---p 00000000 00:00 0 
7fc240017000-7fc24001a000 ---p 00000000 00:00 0 
7fc24001a000-7fc240050000 rw-p 00000000 00:00 0                          [stack:5667]
7fc240050000-7fc240058000 r-xp 00000000 fd:01 939890                     /usr/lib/jvm/java-7-openjdk-amd64/jre/lib/amd64/libmanagement.so
7fc240058000-7fc240257000 ---p 00008000 fd:01 939890                     /usr/lib/jvm/java-7-openjdk-amd64/jre/lib/amd64/libmanagement.so
7fc240257000-7fc240258000 r--p 00007000 fd:01 939890                     /usr/lib/jvm/java-7-openjdk-amd64/jre/lib/amd64/libmanagement.so
7fc240258000-7fc240259000 rw-p 00008000 fd:01 939890                     /usr/lib/jvm/java-7-openjdk-amd64/jre/lib/amd64/libmanagement.so
7fc240259000-7fc240387000 r--s 011d3000 fd:01 787194                     /srv/minecraft/minecraft_server/craftbukkit.jar
7fc240387000-7fc240388000 ---p 00000000 00:00 0 
7fc240388000-7fc240488000 rw-p 00000000 00:00 0                          [stack:5664]
7fc240488000-7fc24048b000 ---p 00000000 00:00 0 
7fc24048b000-7fc240589000 rw-p 00000000 00:00 0                          [stack:5663]
7fc240589000-7fc24058c000 ---p 00000000 00:00 0 
7fc24058c000-7fc24068a000 rw-p 00000000 00:00 0                          [stack:5662]
7fc24068a000-7fc24068d000 ---p 00000000 00:00 0 
7fc24068d000-7fc24078b000 rw-p 00000000 00:00 0                          [stack:5661]
7fc24078b000-7fc24078e000 ---p 00000000 00:00 0 
7fc24078e000-7fc24088c000 rw-p 00000000 00:00 0                          [stack:5660]
7fc24088c000-7fc24088f000 ---p 00000000 00:00 0 
7fc24088f000-7fc24098d000 rw-p 00000000 00:00 0                          [stack:5659]
7fc24098d000-7fc240990000 ---p 00000000 00:00 0 
7fc240990000-7fc240a8e000 rw-p 00000000 00:00 0                          [stack:5658]
7fc240a8e000-7fc240a8f000 ---p 00000000 00:00 0 
7fc240a8f000-7fc240bd8000 rw-p 00000000 00:00 0                          [stack:5657]
7fc240bd8000-7fc240d89000 r--s 01d25000 fd:01 939937                     /usr/lib/jvm/java-7-openjdk-amd64/jre/lib/rt.jar
7fc240d89000-7fc240e77000 rw-p 00000000 00:00 0 
7fc240e77000-7fc240eae000 rw-p 00000000 00:00 0 
7fc240eae000-7fc240f12000 rw-p 00000000 00:00 0 
7fc240f12000-7fc240f45000 rw-p 00000000 00:00 0 
7fc240f45000-7fc240f77000 rw-p 00000000 00:00 0 
7fc240f77000-7fc240f90000 rw-p 00000000 00:00 0 
7fc240f90000-7fc240ff4000 rw-p 00000000 00:00 0 
7fc240ff4000-7fc241026000 rw-p 00000000 00:00 0 
7fc241026000-7fc241043000 rw-p 00000000 00:00 0 
7fc241043000-7fc241079000 rw-p 00000000 00:00 0 
7fc241079000-7fc24107a000 rw-p 00000000 00:00 0 
7fc24107a000-7fc241082000 r-xp 00000000 fd:01 939866                     /usr/lib/jvm/java-7-openjdk-amd64/jre/lib/amd64/libzip.so
7fc241082000-7fc241281000 ---p 00008000 fd:01 939866                     /usr/lib/jvm/java-7-openjdk-amd64/jre/lib/amd64/libzip.so
7fc241281000-7fc241282000 r--p 00007000 fd:01 939866                     /usr/lib/jvm/java-7-openjdk-amd64/jre/lib/amd64/libzip.so
7fc241282000-7fc241283000 rw-p 00008000 fd:01 939866                     /usr/lib/jvm/java-7-openjdk-amd64/jre/lib/amd64/libzip.so
7fc241283000-7fc24128e000 r-xp 00000000 fd:01 393625                     /lib/x86_64-linux-gnu/libnss_files-2.19.so
7fc24128e000-7fc24148d000 ---p 0000b000 fd:01 393625                     /lib/x86_64-linux-gnu/libnss_files-2.19.so
7fc24148d000-7fc24148e000 r--p 0000a000 fd:01 393625                     /lib/x86_64-linux-gnu/libnss_files-2.19.so
7fc24148e000-7fc24148f000 rw-p 0000b000 fd:01 393625                     /lib/x86_64-linux-gnu/libnss_files-2.19.so
7fc24148f000-7fc24149a000 r-xp 00000000 fd:01 393627                     /lib/x86_64-linux-gnu/libnss_nis-2.19.so
7fc24149a000-7fc241699000 ---p 0000b000 fd:01 393627                     /lib/x86_64-linux-gnu/libnss_nis-2.19.so
7fc241699000-7fc24169a000 r--p 0000a000 fd:01 393627                     /lib/x86_64-linux-gnu/libnss_nis-2.19.so
7fc24169a000-7fc24169b000 rw-p 0000b000 fd:01 393627                     /lib/x86_64-linux-gnu/libnss_nis-2.19.so
7fc24169b000-7fc2416b2000 r-xp 00000000 fd:01 393398                     /lib/x86_64-linux-gnu/libnsl-2.19.so
7fc2416b2000-7fc2418b1000 ---p 00017000 fd:01 393398                     /lib/x86_64-linux-gnu/libnsl-2.19.so
7fc2418b1000-7fc2418b2000 r--p 00016000 fd:01 393398                     /lib/x86_64-linux-gnu/libnsl-2.19.so
7fc2418b2000-7fc2418b3000 rw-p 00017000 fd:01 393398                     /lib/x86_64-linux-gnu/libnsl-2.19.so
7fc2418b3000-7fc2418b5000 rw-p 00000000 00:00 0 
7fc2418b5000-7fc2418be000 r-xp 00000000 fd:01 393378                     /lib/x86_64-linux-gnu/libnss_compat-2.19.so
7fc2418be000-7fc241abd000 ---p 00009000 fd:01 393378                     /lib/x86_64-linux-gnu/libnss_compat-2.19.so
7fc241abd000-7fc241abe000 r--p 00008000 fd:01 393378                     /lib/x86_64-linux-gnu/libnss_compat-2.19.so
7fc241abe000-7fc241abf000 rw-p 00009000 fd:01 393378                     /lib/x86_64-linux-gnu/libnss_compat-2.19.so
7fc241abf000-7fc241aea000 r-xp 00000000 fd:01 939873                     /usr/lib/jvm/java-7-openjdk-amd64/jre/lib/amd64/libjava.so
7fc241aea000-7fc241ce9000 ---p 0002b000 fd:01 939873                     /usr/lib/jvm/java-7-openjdk-amd64/jre/lib/amd64/libjava.so
7fc241ce9000-7fc241cea000 r--p 0002a000 fd:01 939873                     /usr/lib/jvm/java-7-openjdk-amd64/jre/lib/amd64/libjava.so
7fc241cea000-7fc241cec000 rw-p 0002b000 fd:01 939873                     /usr/lib/jvm/java-7-openjdk-amd64/jre/lib/amd64/libjava.so
7fc241cec000-7fc241cfc000 r-xp 00000000 fd:01 939888                     /usr/lib/jvm/java-7-openjdk-amd64/jre/lib/amd64/libverify.so
7fc241cfc000-7fc241efb000 ---p 00010000 fd:01 939888                     /usr/lib/jvm/java-7-openjdk-amd64/jre/lib/amd64/libverify.so
7fc241efb000-7fc241efd000 r--p 0000f000 fd:01 939888                     /usr/lib/jvm/java-7-openjdk-amd64/jre/lib/amd64/libverify.so
7fc241efd000-7fc241efe000 rw-p 00011000 fd:01 939888                     /usr/lib/jvm/java-7-openjdk-amd64/jre/lib/amd64/libverify.so
7fc241efe000-7fc241f05000 r-xp 00000000 fd:01 393482                     /lib/x86_64-linux-gnu/librt-2.19.so
7fc241f05000-7fc242104000 ---p 00007000 fd:01 393482                     /lib/x86_64-linux-gnu/librt-2.19.so
7fc242104000-7fc242105000 r--p 00006000 fd:01 393482                     /lib/x86_64-linux-gnu/librt-2.19.so
7fc242105000-7fc242106000 rw-p 00007000 fd:01 393482                     /lib/x86_64-linux-gnu/librt-2.19.so
7fc242106000-7fc24211c000 r-xp 00000000 fd:01 393365                     /lib/x86_64-linux-gnu/libgcc_s.so.1
7fc24211c000-7fc24231b000 ---p 00016000 fd:01 393365                     /lib/x86_64-linux-gnu/libgcc_s.so.1
7fc24231b000-7fc24231c000 rw-p 00015000 fd:01 393365                     /lib/x86_64-linux-gnu/libgcc_s.so.1
7fc24231c000-7fc242421000 r-xp 00000000 fd:01 393618                     /lib/x86_64-linux-gnu/libm-2.19.so
7fc242421000-7fc242620000 ---p 00105000 fd:01 393618                     /lib/x86_64-linux-gnu/libm-2.19.so
7fc242620000-7fc242621000 r--p 00104000 fd:01 393618                     /lib/x86_64-linux-gnu/libm-2.19.so
7fc242621000-7fc242622000 rw-p 00105000 fd:01 393618                     /lib/x86_64-linux-gnu/libm-2.19.so
7fc242622000-7fc242708000 r-xp 00000000 fd:01 920378                     /usr/lib/x86_64-linux-gnu/libstdc++.so.6.0.19
7fc242708000-7fc242907000 ---p 000e6000 fd:01 920378                     /usr/lib/x86_64-linux-gnu/libstdc++.so.6.0.19
7fc242907000-7fc24290f000 r--p 000e5000 fd:01 920378                     /usr/lib/x86_64-linux-gnu/libstdc++.so.6.0.19
7fc24290f000-7fc242911000 rw-p 000ed000 fd:01 920378                     /usr/lib/x86_64-linux-gnu/libstdc++.so.6.0.19
7fc242911000-7fc242926000 rw-p 00000000 00:00 0 
7fc242926000-7fc24343c000 r-xp 00000000 fd:01 939895                     /usr/lib/jvm/java-7-openjdk-amd64/jre/lib/amd64/server/libjvm.so
7fc24343c000-7fc24363b000 ---p 00b16000 fd:01 939895                     /usr/lib/jvm/java-7-openjdk-amd64/jre/lib/amd64/server/libjvm.so
7fc24363b000-7fc2436d5000 r--p 00b15000 fd:01 939895                     /usr/lib/jvm/java-7-openjdk-amd64/jre/lib/amd64/server/libjvm.so
7fc2436d5000-7fc2436f8000 rw-p 00baf000 fd:01 939895                     /usr/lib/jvm/java-7-openjdk-amd64/jre/lib/amd64/server/libjvm.so
7fc2436f8000-7fc243726000 rw-p 00000000 00:00 0 
7fc243726000-7fc24373e000 r-xp 00000000 fd:01 393502                     /lib/x86_64-linux-gnu/libz.so.1.2.8
7fc24373e000-7fc24393d000 ---p 00018000 fd:01 393502                     /lib/x86_64-linux-gnu/libz.so.1.2.8
7fc24393d000-7fc24393e000 r--p 00017000 fd:01 393502                     /lib/x86_64-linux-gnu/libz.so.1.2.8
7fc24393e000-7fc24393f000 rw-p 00018000 fd:01 393502                     /lib/x86_64-linux-gnu/libz.so.1.2.8
7fc24393f000-7fc243958000 r-xp 00000000 fd:01 395321                     /lib/x86_64-linux-gnu/libpthread-2.19.so
7fc243958000-7fc243b57000 ---p 00019000 fd:01 395321                     /lib/x86_64-linux-gnu/libpthread-2.19.so
7fc243b57000-7fc243b58000 r--p 00018000 fd:01 395321                     /lib/x86_64-linux-gnu/libpthread-2.19.so
7fc243b58000-7fc243b59000 rw-p 00019000 fd:01 395321                     /lib/x86_64-linux-gnu/libpthread-2.19.so
7fc243b59000-7fc243b5d000 rw-p 00000000 00:00 0 
7fc243b5d000-7fc243b60000 r-xp 00000000 fd:01 393633                     /lib/x86_64-linux-gnu/libdl-2.19.so
7fc243b60000-7fc243d5f000 ---p 00003000 fd:01 393633                     /lib/x86_64-linux-gnu/libdl-2.19.so
7fc243d5f000-7fc243d60000 r--p 00002000 fd:01 393633                     /lib/x86_64-linux-gnu/libdl-2.19.so
7fc243d60000-7fc243d61000 rw-p 00003000 fd:01 393633                     /lib/x86_64-linux-gnu/libdl-2.19.so
7fc243d61000-7fc243f1c000 r-xp 00000000 fd:01 393589                     /lib/x86_64-linux-gnu/libc-2.19.so
7fc243f1c000-7fc24411c000 ---p 001bb000 fd:01 393589                     /lib/x86_64-linux-gnu/libc-2.19.so
7fc24411c000-7fc244120000 r--p 001bb000 fd:01 393589                     /lib/x86_64-linux-gnu/libc-2.19.so
7fc244120000-7fc244122000 rw-p 001bf000 fd:01 393589                     /lib/x86_64-linux-gnu/libc-2.19.so
7fc244122000-7fc244127000 rw-p 00000000 00:00 0 
7fc244127000-7fc244134000 r-xp 00000000 fd:01 939871                     /usr/lib/jvm/java-7-openjdk-amd64/jre/lib/amd64/jli/libjli.so
7fc244134000-7fc244333000 ---p 0000d000 fd:01 939871                     /usr/lib/jvm/java-7-openjdk-amd64/jre/lib/amd64/jli/libjli.so
7fc244333000-7fc244334000 r--p 0000c000 fd:01 939871                     /usr/lib/jvm/java-7-openjdk-amd64/jre/lib/amd64/jli/libjli.so
7fc244334000-7fc244335000 rw-p 0000d000 fd:01 939871                     /usr/lib/jvm/java-7-openjdk-amd64/jre/lib/amd64/jli/libjli.so
7fc244335000-7fc244358000 r-xp 00000000 fd:01 393590                     /lib/x86_64-linux-gnu/ld-2.19.so
7fc244361000-7fc244364000 r--s 00017000 fd:01 939916                     /usr/lib/jvm/java-7-openjdk-amd64/jre/lib/jce.jar
7fc244364000-7fc244369000 r--s 0004c000 fd:01 939914                     /usr/lib/jvm/java-7-openjdk-amd64/jre/lib/jsse.jar
7fc244369000-7fc244372000 r--s 000b9000 fd:01 939857                     /usr/lib/jvm/java-7-openjdk-amd64/jre/lib/resources.jar
7fc244372000-7fc244376000 r--s 0003c000 fd:01 939933                     /usr/lib/jvm/java-7-openjdk-amd64/jre/lib/ext/sunpkcs11.jar
7fc244376000-7fc24437a000 r--s 00085000 fd:01 939934                     /usr/lib/jvm/java-7-openjdk-amd64/jre/lib/ext/localedata.jar
7fc24437a000-7fc24437e000 r--s 00034000 fd:01 939935                     /usr/lib/jvm/java-7-openjdk-amd64/jre/lib/ext/sunjce_provider.jar
7fc24437e000-7fc244381000 r--s 0000f000 fd:01 939931                     /usr/lib/jvm/java-7-openjdk-amd64/jre/lib/ext/icedtea-sound.jar
7fc244381000-7fc24438b000 rw-p 00000000 00:00 0 
7fc24438b000-7fc244441000 rw-p 00000000 00:00 0 
7fc244441000-7fc244449000 rw-s 00000000 fd:01 274152                     /tmp/hsperfdata_minecraft/5654
7fc244449000-7fc24444c000 ---p 00000000 00:00 0 
7fc24444c000-7fc244550000 rw-p 00000000 00:00 0                          [stack:5656]
7fc244550000-7fc244551000 r--s 00002000 fd:01 939936                     /usr/lib/jvm/java-7-openjdk-amd64/jre/lib/ext/dnsns.jar
7fc244551000-7fc244553000 r--s 00012000 fd:01 939932                     /usr/lib/jvm/java-7-openjdk-amd64/jre/lib/ext/zipfs.jar
7fc244553000-7fc244554000 rw-p 00000000 00:00 0 
7fc244554000-7fc244555000 ---p 00000000 00:00 0 
7fc244555000-7fc244557000 rw-p 00000000 00:00 0 
7fc244557000-7fc244558000 r--p 00022000 fd:01 393590                     /lib/x86_64-linux-gnu/ld-2.19.so
7fc244558000-7fc244559000 rw-p 00023000 fd:01 393590                     /lib/x86_64-linux-gnu/ld-2.19.so
7fc244559000-7fc24455a000 rw-p 00000000 00:00 0 
7fff75503000-7fff75524000 rw-p 00000000 00:00 0                          [stack]
7fff755d6000-7fff755d8000 r-xp 00000000 00:00 0                          [vdso]
ffffffffff600000-ffffffffff601000 r-xp 00000000 00:00 0                  [vsyscall]

VM Arguments:
jvm_args: -Xms32M -Xmx450M 
java_command: craftbukkit.jar nogui
Launcher Type: SUN_STANDARD

Environment Variables:
PATH=/usr/local/sbin:/usr/local/bin:/usr/bin:/usr/sbin:/sbin:/bin

Signal Handlers:
SIGSEGV: [libjvm.so+0x9495e0], sa_mask[0]=0x7ffbfeff, sa_flags=0x10000004
SIGBUS: [libjvm.so+0x9495e0], sa_mask[0]=0x7ffbfeff, sa_flags=0x10000004
SIGFPE: [libjvm.so+0x7c3410], sa_mask[0]=0x7ffbfeff, sa_flags=0x10000004
SIGPIPE: [libjvm.so+0x7c3410], sa_mask[0]=0x7ffbfeff, sa_flags=0x10000004
SIGXFSZ: [libjvm.so+0x7c3410], sa_mask[0]=0x7ffbfeff, sa_flags=0x10000004
SIGILL: [libjvm.so+0x7c3410], sa_mask[0]=0x7ffbfeff, sa_flags=0x10000004
SIGUSR1: SIG_DFL, sa_mask[0]=0x00000000, sa_flags=0x00000000
SIGUSR2: [libjvm.so+0x7c32b0], sa_mask[0]=0x00000000, sa_flags=0x10000004
SIGHUP: [libjvm.so+0x7c3490], sa_mask[0]=0x7ffbfeff, sa_flags=0x10000004
SIGINT: [libjvm.so+0x7c3490], sa_mask[0]=0x7ffbfeff, sa_flags=0x10000004
SIGTERM: [libjvm.so+0x7c3490], sa_mask[0]=0x7ffbfeff, sa_flags=0x10000004
SIGQUIT: [libjvm.so+0x7c3490], sa_mask[0]=0x7ffbfeff, sa_flags=0x10000004
SIGTRAP: SIG_DFL, sa_mask[0]=0x00000000, sa_flags=0x00000000


---------------  S Y S T E M  ---------------

OS:Ubuntu 14.04 (trusty)
uname:Linux 3.13.0-37-generic #64-Ubuntu SMP Mon Sep 22 21:28:38 UTC 2014 x86_64
libc:glibc 2.19 NPTL 2.19 
rlimit: STACK 8192k, CORE 0k, NPROC 3750, NOFILE 4096, AS infinity
load average:1.29 0.42 0.23

/proc/meminfo:
MemTotal:         501808 kB
MemFree:           30916 kB
Buffers:            1140 kB
Cached:            62048 kB
SwapCached:            0 kB
Active:           410200 kB
Inactive:          32988 kB
Active(anon):     380160 kB
Inactive(anon):      236 kB
Active(file):      30040 kB
Inactive(file):    32752 kB
Unevictable:           0 kB
Mlocked:               0 kB
SwapTotal:             0 kB
SwapFree:              0 kB
Dirty:               180 kB
Writeback:             0 kB
AnonPages:        380060 kB
Mapped:            15664 kB
Shmem:               324 kB
Slab:              14700 kB
SReclaimable:       7372 kB
SUnreclaim:         7328 kB
KernelStack:         688 kB
PageTables:         2500 kB
NFS_Unstable:          0 kB
Bounce:                0 kB
WritebackTmp:          0 kB
CommitLimit:      250904 kB
Committed_AS:     431368 kB
VmallocTotal:   34359738367 kB
VmallocUsed:        7884 kB
VmallocChunk:   34359722268 kB
HardwareCorrupted:     0 kB
AnonHugePages:         0 kB
HugePages_Total:       0
HugePages_Free:        0
HugePages_Rsvd:        0
HugePages_Surp:        0
Hugepagesize:       2048 kB
DirectMap4k:       36856 kB
DirectMap2M:      487424 kB
DirectMap1G:           0 kB


CPU:total 1 (1 cores per cpu, 1 threads per core) family 6 model 62 stepping 4, cmov, cx8, fxsr, mmx, sse, sse2, sse3, ssse3, sse4.1, sse4.2, popcnt, avx, aes, erms, tsc

/proc/cpuinfo:
processor	: 0
vendor_id	: GenuineIntel
cpu family	: 6
model		: 62
model name	: Intel(R) Xeon(R) CPU E5-2630L v2 @ 2.40GHz
stepping	: 4
microcode	: 0x1
cpu MHz		: 2399.998
cache size	: 15360 KB
physical id	: 0
siblings	: 1
core id		: 0
cpu cores	: 1
apicid		: 0
initial apicid	: 0
fpu		: yes
fpu_exception	: yes
cpuid level	: 13
wp		: yes
flags		: fpu vme de pse tsc msr pae mce cx8 apic sep mtrr pge mca cmov pat pse36 clflush mmx fxsr sse sse2 ss syscall nx pdpe1gb rdtscp lm constant_tsc arch_perfmon rep_good nopl eagerfpu pni pclmulqdq vmx ssse3 cx16 pcid sse4_1 sse4_2 x2apic popcnt tsc_deadline_timer aes xsave avx f16c rdrand hypervisor lahf_lm xsaveopt vnmi ept fsgsbase tsc_adjust smep erms
bogomips	: 4799.99
clflush size	: 64
cache_alignment	: 64
address sizes	: 40 bits physical, 48 bits virtual
power management:



Memory: 4k page, physical 501808k(30916k free), swap 0k(0k free)

vm_info: OpenJDK 64-Bit Server VM (24.65-b04) for linux-amd64 JRE (1.7.0_65-b32), built on Oct 22 2014 04:37:44 by "buildd" with gcc 4.8.2

time: Thu Nov 27 09:16:10 2014
elapsed time: 16 seconds

