#
# There is insufficient memory for the Java Runtime Environment to continue.
# Native memory allocation (malloc) failed to allocate 109395968 bytes for committing reserved memory.
# Possible reasons:
#   The system is out of physical RAM or swap space
#   In 32 bit mode, the process size limit was hit
# Possible solutions:
#   Reduce memory load on the system
#   Increase physical memory or swap space
#   Check if swap backing store is full
#   Use 64 bit Java on a 64 bit OS
#   Decrease Java heap size (-Xmx/-Xms)
#   Decrease number of Java threads
#   Decrease Java thread stack sizes (-Xss)
#   Set larger code cache with -XX:ReservedCodeCacheSize=
# This output file may be truncated or incomplete.
#
#  Out of Memory Error (os_linux.cpp:2798), pid=5602, tid=140110925530880
#
# JRE version: OpenJDK Runtime Environment (7.0_65-b32) (build 1.7.0_65-b32)
# Java VM: OpenJDK 64-Bit Server VM (24.65-b04 mixed mode linux-amd64 compressed oops)
# Derivative: IcedTea 2.5.3
# Distribution: Ubuntu 14.04 LTS, package 7u71-2.5.3-0ubuntu0.14.04.1
# Failed to write core dump. Core dumps have been disabled. To enable core dumping, try "ulimit -c unlimited" before starting Java again
#

---------------  T H R E A D  ---------------

Current thread (0x00007f6e18092800):  VMThread [stack: 0x00007f6e1de20000,0x00007f6e1df21000] [id=5605]

Stack: [0x00007f6e1de20000,0x00007f6e1df21000],  sp=0x00007f6e1df1f5a0,  free space=1021k
Native frames: (J=compiled Java code, j=interpreted, Vv=VM code, C=native code)
V  [libjvm.so+0x948b05]  VMError::report_and_die()+0x175
V  [libjvm.so+0x48bc34]  report_vm_out_of_memory(char const*, int, unsigned long, char const*)+0x74
V  [libjvm.so+0x7c7bfb]  os::pd_commit_memory(char*, unsigned long, unsigned long, bool)+0xeb
V  [libjvm.so+0x7c26bf]  os::commit_memory(char*, unsigned long, unsigned long, bool)+0x1f
V  [libjvm.so+0x9459f4]  VirtualSpace::expand_by(unsigned long, bool)+0x1c4
V  [libjvm.so+0x561b1e]  OneContigSpaceCardGeneration::grow_by(unsigned long)+0x1e
V  [libjvm.so+0x561e66]  OneContigSpaceCardGeneration::expand(unsigned long, unsigned long)+0x96
V  [libjvm.so+0x5535f0]  GenCollectedHeap::do_collection(bool, bool, unsigned long, bool, int)+0x7a0
V  [libjvm.so+0x5546ce]  GenCollectedHeap::do_full_collection(bool, int)+0x3e
V  [libjvm.so+0x949bb2]  VM_GenCollectForPermanentAllocation::doit()+0x162
V  [libjvm.so+0x94e9f7]  VM_Operation::evaluate()+0x47
V  [libjvm.so+0x94d368]  VMThread::evaluate_operation(VM_Operation*)+0x318
V  [libjvm.so+0x94d7c9]  VMThread::loop()+0x219
V  [libjvm.so+0x94dc12]  VMThread::run()+0x72
V  [libjvm.so+0x7c4ac2]  java_start(Thread*)+0xf2

VM_Operation (0x00007f6e149a4f90): GenCollectForPermanentAllocation, mode: safepoint, requested by thread 0x00007f6e18885800


---------------  P R O C E S S  ---------------

Java Threads: ( => current thread )
  0x00007f6e0c006000 JavaThread "Keep-Alive-Timer" daemon [_thread_blocked, id=5624, stack(0x00007f6e144a9000,0x00007f6e145aa000)]
  0x00007f6e00002800 JavaThread "Netty IO #0" daemon [_thread_in_native, id=5622, stack(0x00007f6e145aa000,0x00007f6e146ab000)]
  0x00007f6e00004800 JavaThread "Thread-5" [_thread_blocked, id=5619, stack(0x00007f6e146ab000,0x00007f6e147ac000)]
  0x00007f6e00001000 JavaThread "Server console handler" daemon [_thread_blocked, id=5618, stack(0x00007f6e147ac000,0x00007f6e148ad000)]
  0x00007f6e1800a000 JavaThread "DestroyJavaVM" [_thread_blocked, id=5604, stack(0x00007f6e217db000,0x00007f6e218dc000)]
  0x00007f6e18885800 JavaThread "Server thread" [_thread_blocked, id=5617, stack(0x00007f6e148ad000,0x00007f6e149ae000)]
  0x00007f6e18884000 JavaThread "Server Infinisleeper" daemon [_thread_blocked, id=5616, stack(0x00007f6e149ae000,0x00007f6e14aaf000)]
  0x00007f6e18813000 JavaThread "process reaper" daemon [_thread_blocked, id=5615, stack(0x00007f6e1c07b000,0x00007f6e1c0b4000)]
  0x00007f6e187fb000 JavaThread "Snooper Timer" daemon [_thread_blocked, id=5613, stack(0x00007f6e14aaf000,0x00007f6e14bb0000)]
  0x00007f6e180cc800 JavaThread "Service Thread" daemon [_thread_blocked, id=5611, stack(0x00007f6e1d81a000,0x00007f6e1d91b000)]
  0x00007f6e180c9800 JavaThread "C2 CompilerThread1" daemon [_thread_blocked, id=5610, stack(0x00007f6e1d91b000,0x00007f6e1da1c000)]
  0x00007f6e180c7800 JavaThread "C2 CompilerThread0" daemon [_thread_blocked, id=5609, stack(0x00007f6e1da1c000,0x00007f6e1db1d000)]
  0x00007f6e180c5800 JavaThread "Signal Dispatcher" daemon [_thread_blocked, id=5608, stack(0x00007f6e1db1d000,0x00007f6e1dc1e000)]
  0x00007f6e18099000 JavaThread "Finalizer" daemon [_thread_blocked, id=5607, stack(0x00007f6e1dc1e000,0x00007f6e1dd1f000)]
  0x00007f6e18097000 JavaThread "Reference Handler" daemon [_thread_blocked, id=5606, stack(0x00007f6e1dd1f000,0x00007f6e1de20000)]

Other Threads:
=>0x00007f6e18092800 VMThread [stack: 0x00007f6e1de20000,0x00007f6e1df21000] [id=5605]
  0x00007f6e180d7800 WatcherThread [stack: 0x00007f6e1d719000,0x00007f6e1d81a000] [id=5612]

VM state:at safepoint (normal execution)

VM Mutex/Monitor currently owned by a thread:  ([mutex/lock_event])
[0x00007f6e18006360] Threads_lock - owner thread: 0x00007f6e18092800
[0x00007f6e18006860] Heap_lock - owner thread: 0x00007f6e18885800

Heap
 def new generation   total 90240K, used 0K [0x00000000d9800000, 0x00000000df9e0000, 0x00000000e2e00000)
  eden space 80256K,   0% used [0x00000000d9800000, 0x00000000d9800000, 0x00000000de660000)
  from space 9984K,   0% used [0x00000000df020000, 0x00000000df020000, 0x00000000df9e0000)
  to   space 9984K,   0% used [0x00000000de660000, 0x00000000de660000, 0x00000000df020000)
 tenured generation   total 200368K, used 196347K [0x00000000e2e00000, 0x00000000ef1ac000, 0x00000000f5a00000)
   the space 200368K,  97% used [0x00000000e2e00000, 0x00000000eedbefa8, 0x00000000eedbf000, 0x00000000ef1ac000)
 compacting perm gen  total 60096K, used 60094K [0x00000000f5a00000, 0x00000000f94b0000, 0x0000000100000000)
   the space 60096K,  99% used [0x00000000f5a00000, 0x00000000f94afa08, 0x00000000f94afc00, 0x00000000f94b0000)
No shared spaces configured.

Card table byte_map: [0x00007f6e1e2d7000,0x00007f6e1e40c000] byte_map_base: 0x00007f6e1dc0b000

Polling page: 0x00007f6e218e6000

Code Cache  [0x00007f6e15000000, 0x00007f6e15270000, 0x00007f6e18000000)
 total_blobs=936 nmethods=489 adapters=400 free_code_cache=47654Kb largest_free_block=48758336

Compilation events (10 events):
Event: 16.501 Thread 0x00007f6e180c7800 nmethod 553 0x00007f6e1507db90 code [0x00007f6e1507dce0, 0x00007f6e1507dec8]
Event: 16.501 Thread 0x00007f6e180c7800  554             java.lang.StringBuilder::setLength (6 bytes)
Event: 16.516 Thread 0x00007f6e180c7800 nmethod 554 0x00007f6e151709d0 code [0x00007f6e15170b20, 0x00007f6e15170d08]
Event: 16.516 Thread 0x00007f6e180c7800  555             org.jruby.lexer.yacc.Token::getPosition (5 bytes)
Event: 16.516 Thread 0x00007f6e180c7800 nmethod 555 0x00007f6e150fa0d0 code [0x00007f6e150fa200, 0x00007f6e150fa258]
Event: 16.516 Thread 0x00007f6e180c7800  556             org.jruby.lexer.yacc.ByteArrayLexerSource::read (10 bytes)
Event: 16.519 Thread 0x00007f6e180c7800 nmethod 556 0x00007f6e1516e8d0 code [0x00007f6e1516ea60, 0x00007f6e1516ecd0]
Event: 16.533 Thread 0x00007f6e180c7800  557             org.jruby.lexer.yacc.Token::<init> (25 bytes)
Event: 16.533 Thread 0x00007f6e180c7800 nmethod 557 0x00007f6e1515e450 code [0x00007f6e1515e580, 0x00007f6e1515e5f8]
Event: 16.553 Thread 0x00007f6e180c7800  558             org.jruby.lexer.yacc.RubyYaccLexer::identifier (751 bytes)

GC Heap History (10 events):
Event: 12.472 GC heap after
Heap after GC invocations=38 (full 6):
 def new generation   total 51264K, used 5632K [0x00000000d9800000, 0x00000000dcf90000, 0x00000000e2e00000)
  eden space 45632K,   0% used [0x00000000d9800000, 0x00000000d9800000, 0x00000000dc490000)
  from space 5632K, 100% used [0x00000000dca10000, 0x00000000dcf90000, 0x00000000dcf90000)
  to   space 5632K,   0% used [0x00000000dc490000, 0x00000000dc490000, 0x00000000dca10000)
 tenured generation   total 113648K, used 107194K [0x00000000e2e00000, 0x00000000e9cfc000, 0x00000000f5a00000)
   the space 113648K,  94% used [0x00000000e2e00000, 0x00000000e96aeab0, 0x00000000e96aec00, 0x00000000e9cfc000)
 compacting perm gen  total 53056K, used 52890K [0x00000000f5a00000, 0x00000000f8dd0000, 0x0000000100000000)
   the space 53056K,  99% used [0x00000000f5a00000, 0x00000000f8da68f8, 0x00000000f8da6a00, 0x00000000f8dd0000)
No shared spaces configured.
}
Event: 12.868 GC heap before
{Heap before GC invocations=38 (full 6):
 def new generation   total 51264K, used 51264K [0x00000000d9800000, 0x00000000dcf90000, 0x00000000e2e00000)
  eden space 45632K, 100% used [0x00000000d9800000, 0x00000000dc490000, 0x00000000dc490000)
  from space 5632K, 100% used [0x00000000dca10000, 0x00000000dcf90000, 0x00000000dcf90000)
  to   space 5632K,   0% used [0x00000000dc490000, 0x00000000dc490000, 0x00000000dca10000)
 tenured generation   total 113648K, used 107194K [0x00000000e2e00000, 0x00000000e9cfc000, 0x00000000f5a00000)
   the space 113648K,  94% used [0x00000000e2e00000, 0x00000000e96aeab0, 0x00000000e96aec00, 0x00000000e9cfc000)
 compacting perm gen  total 54656K, used 54614K [0x00000000f5a00000, 0x00000000f8f60000, 0x0000000100000000)
   the space 54656K,  99% used [0x00000000f5a00000, 0x00000000f8f55998, 0x00000000f8f55a00, 0x00000000f8f60000)
No shared spaces configured.
Event: 13.300 GC heap after
Heap after GC invocations=39 (full 7):
 def new generation   total 90240K, used 0K [0x00000000d9800000, 0x00000000df9e0000, 0x00000000e2e00000)
  eden space 80256K,   0% used [0x00000000d9800000, 0x00000000d9800000, 0x00000000de660000)
  from space 9984K,   0% used [0x00000000de660000, 0x00000000de660000, 0x00000000df020000)
  to   space 9984K,   0% used [0x00000000df020000, 0x00000000df020000, 0x00000000df9e0000)
 tenured generation   total 200368K, used 120219K [0x00000000e2e00000, 0x00000000ef1ac000, 0x00000000f5a00000)
   the space 200368K,  59% used [0x00000000e2e00000, 0x00000000ea366d78, 0x00000000ea366e00, 0x00000000ef1ac000)
 compacting perm gen  total 54656K, used 54614K [0x00000000f5a00000, 0x00000000f8f60000, 0x0000000100000000)
   the space 54656K,  99% used [0x00000000f5a00000, 0x00000000f8f55998, 0x00000000f8f55a00, 0x00000000f8f60000)
No shared spaces configured.
}
Event: 14.045 GC heap before
{Heap before GC invocations=39 (full 7):
 def new generation   total 90240K, used 71910K [0x00000000d9800000, 0x00000000df9e0000, 0x00000000e2e00000)
  eden space 80256K,  89% used [0x00000000d9800000, 0x00000000dde39a00, 0x00000000de660000)
  from space 9984K,   0% used [0x00000000de660000, 0x00000000de660000, 0x00000000df020000)
  to   space 9984K,   0% used [0x00000000df020000, 0x00000000df020000, 0x00000000df9e0000)
 tenured generation   total 200368K, used 120219K [0x00000000e2e00000, 0x00000000ef1ac000, 0x00000000f5a00000)
   the space 200368K,  59% used [0x00000000e2e00000, 0x00000000ea366d78, 0x00000000ea366e00, 0x00000000ef1ac000)
 compacting perm gen  total 57216K, used 57117K [0x00000000f5a00000, 0x00000000f91e0000, 0x0000000100000000)
   the space 57216K,  99% used [0x00000000f5a00000, 0x00000000f91c75e8, 0x00000000f91c7600, 0x00000000f91e0000)
No shared spaces configured.
Event: 14.145 GC heap after
Heap after GC invocations=40 (full 7):
 def new generation   total 90240K, used 9984K [0x00000000d9800000, 0x00000000df9e0000, 0x00000000e2e00000)
  eden space 80256K,   0% used [0x00000000d9800000, 0x00000000d9800000, 0x00000000de660000)
  from space 9984K, 100% used [0x00000000df020000, 0x00000000df9e0000, 0x00000000df9e0000)
  to   space 9984K,   0% used [0x00000000de660000, 0x00000000de660000, 0x00000000df020000)
 tenured generation   total 200368K, used 130576K [0x00000000e2e00000, 0x00000000ef1ac000, 0x00000000f5a00000)
   the space 200368K,  65% used [0x00000000e2e00000, 0x00000000ead84380, 0x00000000ead84400, 0x00000000ef1ac000)
 compacting perm gen  total 57216K, used 57117K [0x00000000f5a00000, 0x00000000f91e0000, 0x0000000100000000)
   the space 57216K,  99% used [0x00000000f5a00000, 0x00000000f91c75e8, 0x00000000f91c7600, 0x00000000f91e0000)
No shared spaces configured.
}
Event: 14.800 GC heap before
{Heap before GC invocations=40 (full 7):
 def new generation   total 90240K, used 90240K [0x00000000d9800000, 0x00000000df9e0000, 0x00000000e2e00000)
  eden space 80256K, 100% used [0x00000000d9800000, 0x00000000de660000, 0x00000000de660000)
  from space 9984K, 100% used [0x00000000df020000, 0x00000000df9e0000, 0x00000000df9e0000)
  to   space 9984K,   0% used [0x00000000de660000, 0x00000000de660000, 0x00000000df020000)
 tenured generation   total 200368K, used 130576K [0x00000000e2e00000, 0x00000000ef1ac000, 0x00000000f5a00000)
   the space 200368K,  65% used [0x00000000e2e00000, 0x00000000ead84380, 0x00000000ead84400, 0x00000000ef1ac000)
 compacting perm gen  total 59136K, used 58821K [0x00000000f5a00000, 0x00000000f93c0000, 0x0000000100000000)
   the space 59136K,  99% used [0x00000000f5a00000, 0x00000000f9371610, 0x00000000f9371800, 0x00000000f93c0000)
No shared spaces configured.
Event: 14.917 GC heap after
Heap after GC invocations=41 (full 7):
 def new generation   total 90240K, used 9984K [0x00000000d9800000, 0x00000000df9e0000, 0x00000000e2e00000)
  eden space 80256K,   0% used [0x00000000d9800000, 0x00000000d9800000, 0x00000000de660000)
  from space 9984K, 100% used [0x00000000de660000, 0x00000000df020000, 0x00000000df020000)
  to   space 9984K,   0% used [0x00000000df020000, 0x00000000df020000, 0x00000000df9e0000)
 tenured generation   total 200368K, used 162061K [0x00000000e2e00000, 0x00000000ef1ac000, 0x00000000f5a00000)
   the space 200368K,  80% used [0x00000000e2e00000, 0x00000000ecc437a8, 0x00000000ecc43800, 0x00000000ef1ac000)
 compacting perm gen  total 59136K, used 58821K [0x00000000f5a00000, 0x00000000f93c0000, 0x0000000100000000)
   the space 59136K,  99% used [0x00000000f5a00000, 0x00000000f9371610, 0x00000000f9371800, 0x00000000f93c0000)
No shared spaces configured.
}
Event: 15.832 GC heap before
{Heap before GC invocations=41 (full 7):
 def new generation   total 90240K, used 90240K [0x00000000d9800000, 0x00000000df9e0000, 0x00000000e2e00000)
  eden space 80256K, 100% used [0x00000000d9800000, 0x00000000de660000, 0x00000000de660000)
  from space 9984K, 100% used [0x00000000de660000, 0x00000000df020000, 0x00000000df020000)
  to   space 9984K,   0% used [0x00000000df020000, 0x00000000df020000, 0x00000000df9e0000)
 tenured generation   total 200368K, used 162061K [0x00000000e2e00000, 0x00000000ef1ac000, 0x00000000f5a00000)
   the space 200368K,  80% used [0x00000000e2e00000, 0x00000000ecc437a8, 0x00000000ecc43800, 0x00000000ef1ac000)
 compacting perm gen  total 59776K, used 59673K [0x00000000f5a00000, 0x00000000f9460000, 0x0000000100000000)
   the space 59776K,  99% used [0x00000000f5a00000, 0x00000000f9446528, 0x00000000f9446600, 0x00000000f9460000)
No shared spaces configured.
Event: 15.955 GC heap after
Heap after GC invocations=42 (full 7):
 def new generation   total 90240K, used 9984K [0x00000000d9800000, 0x00000000df9e0000, 0x00000000e2e00000)
  eden space 80256K,   0% used [0x00000000d9800000, 0x00000000d9800000, 0x00000000de660000)
  from space 9984K, 100% used [0x00000000df020000, 0x00000000df9e0000, 0x00000000df9e0000)
  to   space 9984K,   0% used [0x00000000de660000, 0x00000000de660000, 0x00000000df020000)
 tenured generation   total 200368K, used 185804K [0x00000000e2e00000, 0x00000000ef1ac000, 0x00000000f5a00000)
   the space 200368K,  92% used [0x00000000e2e00000, 0x00000000ee3731f8, 0x00000000ee373200, 0x00000000ef1ac000)
 compacting perm gen  total 59776K, used 59673K [0x00000000f5a00000, 0x00000000f9460000, 0x0000000100000000)
   the space 59776K,  99% used [0x00000000f5a00000, 0x00000000f9446528, 0x00000000f9446600, 0x00000000f9460000)
No shared spaces configured.
}
Event: 16.761 GC heap before
{Heap before GC invocations=42 (full 7):
 def new generation   total 90240K, used 65189K [0x00000000d9800000, 0x00000000df9e0000, 0x00000000e2e00000)
  eden space 80256K,  68% used [0x00000000d9800000, 0x00000000dcde9500, 0x00000000de660000)
  from space 9984K, 100% used [0x00000000df020000, 0x00000000df9e0000, 0x00000000df9e0000)
  to   space 9984K,   0% used [0x00000000de660000, 0x00000000de660000, 0x00000000df020000)
 tenured generation   total 200368K, used 185804K [0x00000000e2e00000, 0x00000000ef1ac000, 0x00000000f5a00000)
   the space 200368K,  92% used [0x00000000e2e00000, 0x00000000ee3731f8, 0x00000000ee373200, 0x00000000ef1ac000)
 compacting perm gen  total 60096K, used 60095K [0x00000000f5a00000, 0x00000000f94b0000, 0x0000000100000000)
   the space 60096K,  99% used [0x00000000f5a00000, 0x00000000f94aff90, 0x00000000f94b0000, 0x00000000f94b0000)
No shared spaces configured.

Deoptimization events (10 events):
Event: 16.574 Thread 0x00007f6e18885800 Uncommon trap: reason=bimorphic action=maybe_recompile pc=0x00007f6e15175930 method=org.jruby.compiler.ASTInspector.inspect(Lorg/jruby/ast/Node;)V @ 3087
Event: 16.574 Thread 0x00007f6e18885800 Uncommon trap: reason=bimorphic action=maybe_recompile pc=0x00007f6e15175930 method=org.jruby.compiler.ASTInspector.inspect(Lorg/jruby/ast/Node;)V @ 3087
Event: 16.574 Thread 0x00007f6e18885800 Uncommon trap: reason=bimorphic action=maybe_recompile pc=0x00007f6e15175930 method=org.jruby.compiler.ASTInspector.inspect(Lorg/jruby/ast/Node;)V @ 3087
Event: 16.574 Thread 0x00007f6e18885800 Uncommon trap: reason=bimorphic action=maybe_recompile pc=0x00007f6e15175930 method=org.jruby.compiler.ASTInspector.inspect(Lorg/jruby/ast/Node;)V @ 3087
Event: 16.574 Thread 0x00007f6e18885800 Uncommon trap: reason=bimorphic action=maybe_recompile pc=0x00007f6e15175930 method=org.jruby.compiler.ASTInspector.inspect(Lorg/jruby/ast/Node;)V @ 3087
Event: 16.574 Thread 0x00007f6e18885800 Uncommon trap: reason=bimorphic action=maybe_recompile pc=0x00007f6e15175930 method=org.jruby.compiler.ASTInspector.inspect(Lorg/jruby/ast/Node;)V @ 3087
Event: 16.668 Thread 0x00007f6e18885800 Uncommon trap: reason=class_check action=maybe_recompile pc=0x00007f6e15064e20 method=java.lang.String.equals(Ljava/lang/Object;)Z @ 8
Event: 16.722 Thread 0x00007f6e18885800 Uncommon trap: reason=class_check action=maybe_recompile pc=0x00007f6e15064e20 method=java.lang.String.equals(Ljava/lang/Object;)Z @ 8
Event: 16.722 Thread 0x00007f6e18885800 Uncommon trap: reason=class_check action=maybe_recompile pc=0x00007f6e15064e20 method=java.lang.String.equals(Ljava/lang/Object;)Z @ 8
Event: 16.723 Thread 0x00007f6e18885800 Uncommon trap: reason=class_check action=maybe_recompile pc=0x00007f6e15064e20 method=java.lang.String.equals(Ljava/lang/Object;)Z @ 8

Internal exceptions (10 events):
Event: 16.757 Thread 0x00007f6e18885800 Threw 0x00000000dcc59e38 at /build/buildd/openjdk-7-7u71-2.5.3/build/openjdk/hotspot/src/share/vm/prims/jvm.cpp:1284
Event: 16.757 Thread 0x00007f6e18885800 Threw 0x00000000dcc5a8f0 at /build/buildd/openjdk-7-7u71-2.5.3/build/openjdk/hotspot/src/share/vm/prims/jvm.cpp:1284
Event: 16.757 Thread 0x00007f6e18885800 Threw 0x00000000dcc5e8c0 at /build/buildd/openjdk-7-7u71-2.5.3/build/openjdk/hotspot/src/share/vm/prims/jvm.cpp:1284
Event: 16.757 Thread 0x00007f6e18885800 Threw 0x00000000dcc5f380 at /build/buildd/openjdk-7-7u71-2.5.3/build/openjdk/hotspot/src/share/vm/prims/jvm.cpp:1284
Event: 16.758 Thread 0x00007f6e18885800 Threw 0x00000000dcc62898 at /build/buildd/openjdk-7-7u71-2.5.3/build/openjdk/hotspot/src/share/vm/prims/jvm.cpp:1284
Event: 16.758 Thread 0x00007f6e18885800 Threw 0x00000000dcc63538 at /build/buildd/openjdk-7-7u71-2.5.3/build/openjdk/hotspot/src/share/vm/prims/jvm.cpp:1284
Event: 16.758 Thread 0x00007f6e18885800 Threw 0x00000000dcc69f10 at /build/buildd/openjdk-7-7u71-2.5.3/build/openjdk/hotspot/src/share/vm/prims/jvm.cpp:1284
Event: 16.758 Thread 0x00007f6e18885800 Threw 0x00000000dcc6a9d0 at /build/buildd/openjdk-7-7u71-2.5.3/build/openjdk/hotspot/src/share/vm/prims/jvm.cpp:1284
Event: 16.759 Thread 0x00007f6e18885800 Threw 0x00000000dcdb6398 at /build/buildd/openjdk-7-7u71-2.5.3/build/openjdk/hotspot/src/share/vm/prims/jvm.cpp:1284
Event: 16.759 Thread 0x00007f6e18885800 Threw 0x00000000dcdb6e50 at /build/buildd/openjdk-7-7u71-2.5.3/build/openjdk/hotspot/src/share/vm/prims/jvm.cpp:1284

Events (10 events):
Event: 16.757 loading class 0x00007f6e004f9350 done
Event: 16.757 loading class 0x00007f6e004f8b90
Event: 16.757 loading class 0x00007f6e004f8b90 done
Event: 16.758 loading class 0x00007f6e004f8b00
Event: 16.758 loading class 0x00007f6e004f8b00 done
Event: 16.758 loading class 0x00007f6e004f9440
Event: 16.758 loading class 0x00007f6e004f9440 done
Event: 16.759 loading class 0x00007f6e004f8840
Event: 16.759 loading class 0x00007f6e004f8840 done
Event: 16.761 Executing VM operation: GenCollectForPermanentAllocation


Dynamic libraries:
00400000-00401000 r-xp 00000000 fd:01 939968                             /usr/lib/jvm/java-7-openjdk-amd64/jre/bin/java
00600000-00601000 r--p 00000000 fd:01 939968                             /usr/lib/jvm/java-7-openjdk-amd64/jre/bin/java
00601000-00602000 rw-p 00001000 fd:01 939968                             /usr/lib/jvm/java-7-openjdk-amd64/jre/bin/java
02594000-025b5000 rw-p 00000000 00:00 0                                  [heap]
d9800000-df9e0000 rw-p 00000000 00:00 0 
df9e0000-e2e00000 rw-p 00000000 00:00 0 
e2e00000-ef1ac000 rw-p 00000000 00:00 0 
f5a00000-f94b0000 rw-p 00000000 00:00 0 
f94b0000-100000000 rw-p 00000000 00:00 0 
7f6df8000000-7f6df897e000 rw-p 00000000 00:00 0 
7f6df897e000-7f6dfc000000 ---p 00000000 00:00 0 
7f6dfc000000-7f6dfc021000 rw-p 00000000 00:00 0 
7f6dfc021000-7f6e00000000 ---p 00000000 00:00 0 
7f6e00000000-7f6e00520000 rw-p 00000000 00:00 0 
7f6e00520000-7f6e04000000 ---p 00000000 00:00 0 
7f6e04000000-7f6e04c9e000 rw-p 00000000 00:00 0 
7f6e04c9e000-7f6e08000000 ---p 00000000 00:00 0 
7f6e08000000-7f6e08021000 rw-p 00000000 00:00 0 
7f6e08021000-7f6e0c000000 ---p 00000000 00:00 0 
7f6e0c000000-7f6e0c021000 rw-p 00000000 00:00 0 
7f6e0c021000-7f6e10000000 ---p 00000000 00:00 0 
7f6e10000000-7f6e102c6000 rw-p 00000000 00:00 0 
7f6e102c6000-7f6e14000000 ---p 00000000 00:00 0 
7f6e1404e000-7f6e1417c000 r--s 011d3000 fd:01 787194                     /srv/minecraft/minecraft_server/craftbukkit.jar
7f6e1417c000-7f6e14181000 r-xp 00000000 fd:01 393583                     /lib/x86_64-linux-gnu/libnss_dns-2.19.so
7f6e14181000-7f6e14380000 ---p 00005000 fd:01 393583                     /lib/x86_64-linux-gnu/libnss_dns-2.19.so
7f6e14380000-7f6e14381000 r--p 00004000 fd:01 393583                     /lib/x86_64-linux-gnu/libnss_dns-2.19.so
7f6e14381000-7f6e14382000 rw-p 00005000 fd:01 393583                     /lib/x86_64-linux-gnu/libnss_dns-2.19.so
7f6e14382000-7f6e144a9000 r--s 013c7000 fd:01 787302                     /srv/minecraft/minecraft_server/plugins/purugin-0.7.1-bukkit-1.7.2-R0.3.jar
7f6e144a9000-7f6e144ac000 ---p 00000000 00:00 0 
7f6e144ac000-7f6e145aa000 rw-p 00000000 00:00 0                          [stack:5624]
7f6e145aa000-7f6e145ad000 ---p 00000000 00:00 0 
7f6e145ad000-7f6e146ab000 rw-p 00000000 00:00 0                          [stack:5622]
7f6e146ab000-7f6e146ae000 ---p 00000000 00:00 0 
7f6e146ae000-7f6e147ac000 rw-p 00000000 00:00 0                          [stack:5619]
7f6e147ac000-7f6e147af000 ---p 00000000 00:00 0 
7f6e147af000-7f6e148ad000 rw-p 00000000 00:00 0                          [stack:5618]
7f6e148ad000-7f6e148b0000 ---p 00000000 00:00 0 
7f6e148b0000-7f6e149ae000 rw-p 00000000 00:00 0                          [stack:5617]
7f6e149ae000-7f6e149b1000 ---p 00000000 00:00 0 
7f6e149b1000-7f6e14aaf000 rw-p 00000000 00:00 0                          [stack:5616]
7f6e14aaf000-7f6e14ab2000 ---p 00000000 00:00 0 
7f6e14ab2000-7f6e14bb0000 rw-p 00000000 00:00 0                          [stack:5613]
7f6e14bb0000-7f6e14bc0000 r-xp 00000000 fd:01 939889                     /usr/lib/jvm/java-7-openjdk-amd64/jre/lib/amd64/libnio.so
7f6e14bc0000-7f6e14dc0000 ---p 00010000 fd:01 939889                     /usr/lib/jvm/java-7-openjdk-amd64/jre/lib/amd64/libnio.so
7f6e14dc0000-7f6e14dc1000 r--p 00010000 fd:01 939889                     /usr/lib/jvm/java-7-openjdk-amd64/jre/lib/amd64/libnio.so
7f6e14dc1000-7f6e14dc2000 rw-p 00011000 fd:01 939889                     /usr/lib/jvm/java-7-openjdk-amd64/jre/lib/amd64/libnio.so
7f6e14dc2000-7f6e14dff000 r-xp 00000000 fd:01 393459                     /lib/x86_64-linux-gnu/libpcre.so.3.13.1
7f6e14dff000-7f6e14ffe000 ---p 0003d000 fd:01 393459                     /lib/x86_64-linux-gnu/libpcre.so.3.13.1
7f6e14ffe000-7f6e14fff000 r--p 0003c000 fd:01 393459                     /lib/x86_64-linux-gnu/libpcre.so.3.13.1
7f6e14fff000-7f6e15000000 rw-p 0003d000 fd:01 393459                     /lib/x86_64-linux-gnu/libpcre.so.3.13.1
7f6e15000000-7f6e15270000 rwxp 00000000 00:00 0 
7f6e15270000-7f6e1888b000 rw-p 00000000 00:00 0 
7f6e1888b000-7f6e1c000000 ---p 00000000 00:00 0 
7f6e1c07b000-7f6e1c07e000 ---p 00000000 00:00 0 
7f6e1c07e000-7f6e1c0b4000 rw-p 00000000 00:00 0                          [stack:5615]
7f6e1c0b4000-7f6e1c0bb000 r-xp 00000000 fd:01 920338                     /usr/lib/x86_64-linux-gnu/libffi.so.6.0.1
7f6e1c0bb000-7f6e1c2ba000 ---p 00007000 fd:01 920338                     /usr/lib/x86_64-linux-gnu/libffi.so.6.0.1
7f6e1c2ba000-7f6e1c2bb000 r--p 00006000 fd:01 920338                     /usr/lib/x86_64-linux-gnu/libffi.so.6.0.1
7f6e1c2bb000-7f6e1c2bc000 rw-p 00007000 fd:01 920338                     /usr/lib/x86_64-linux-gnu/libffi.so.6.0.1
7f6e1c2bc000-7f6e1c2d3000 r-xp 00000000 fd:01 393396                     /lib/x86_64-linux-gnu/libresolv-2.19.so
7f6e1c2d3000-7f6e1c4d3000 ---p 00017000 fd:01 393396                     /lib/x86_64-linux-gnu/libresolv-2.19.so
7f6e1c4d3000-7f6e1c4d4000 r--p 00017000 fd:01 393396                     /lib/x86_64-linux-gnu/libresolv-2.19.so
7f6e1c4d4000-7f6e1c4d5000 rw-p 00018000 fd:01 393396                     /lib/x86_64-linux-gnu/libresolv-2.19.so
7f6e1c4d5000-7f6e1c4d7000 rw-p 00000000 00:00 0 
7f6e1c4d7000-7f6e1c4f7000 r-xp 00000000 fd:01 393377                     /lib/x86_64-linux-gnu/libselinux.so.1
7f6e1c4f7000-7f6e1c6f6000 ---p 00020000 fd:01 393377                     /lib/x86_64-linux-gnu/libselinux.so.1
7f6e1c6f6000-7f6e1c6f7000 r--p 0001f000 fd:01 393377                     /lib/x86_64-linux-gnu/libselinux.so.1
7f6e1c6f7000-7f6e1c6f8000 rw-p 00020000 fd:01 393377                     /lib/x86_64-linux-gnu/libselinux.so.1
7f6e1c6f8000-7f6e1c6fa000 rw-p 00000000 00:00 0 
7f6e1c6fa000-7f6e1c6fd000 r-xp 00000000 fd:01 929358                     /usr/lib/x86_64-linux-gnu/libgmodule-2.0.so.0.4000.0
7f6e1c6fd000-7f6e1c8fc000 ---p 00003000 fd:01 929358                     /usr/lib/x86_64-linux-gnu/libgmodule-2.0.so.0.4000.0
7f6e1c8fc000-7f6e1c8fd000 r--p 00002000 fd:01 929358                     /usr/lib/x86_64-linux-gnu/libgmodule-2.0.so.0.4000.0
7f6e1c8fd000-7f6e1c8fe000 rw-p 00003000 fd:01 929358                     /usr/lib/x86_64-linux-gnu/libgmodule-2.0.so.0.4000.0
7f6e1c8fe000-7f6e1ca04000 r-xp 00000000 fd:01 398033                     /lib/x86_64-linux-gnu/libglib-2.0.so.0.4000.0
7f6e1ca04000-7f6e1cc03000 ---p 00106000 fd:01 398033                     /lib/x86_64-linux-gnu/libglib-2.0.so.0.4000.0
7f6e1cc03000-7f6e1cc04000 r--p 00105000 fd:01 398033                     /lib/x86_64-linux-gnu/libglib-2.0.so.0.4000.0
7f6e1cc04000-7f6e1cc05000 rw-p 00106000 fd:01 398033                     /lib/x86_64-linux-gnu/libglib-2.0.so.0.4000.0
7f6e1cc05000-7f6e1cc06000 rw-p 00000000 00:00 0 
7f6e1cc06000-7f6e1cc55000 r-xp 00000000 fd:01 929356                     /usr/lib/x86_64-linux-gnu/libgobject-2.0.so.0.4000.0
7f6e1cc55000-7f6e1ce55000 ---p 0004f000 fd:01 929356                     /usr/lib/x86_64-linux-gnu/libgobject-2.0.so.0.4000.0
7f6e1ce55000-7f6e1ce56000 r--p 0004f000 fd:01 929356                     /usr/lib/x86_64-linux-gnu/libgobject-2.0.so.0.4000.0
7f6e1ce56000-7f6e1ce57000 rw-p 00050000 fd:01 929356                     /usr/lib/x86_64-linux-gnu/libgobject-2.0.so.0.4000.0
7f6e1ce57000-7f6e1cfc2000 r-xp 00000000 fd:01 929357                     /usr/lib/x86_64-linux-gnu/libgio-2.0.so.0.4000.0
7f6e1cfc2000-7f6e1d1c2000 ---p 0016b000 fd:01 929357                     /usr/lib/x86_64-linux-gnu/libgio-2.0.so.0.4000.0
7f6e1d1c2000-7f6e1d1c6000 r--p 0016b000 fd:01 929357                     /usr/lib/x86_64-linux-gnu/libgio-2.0.so.0.4000.0
7f6e1d1c6000-7f6e1d1c8000 rw-p 0016f000 fd:01 929357                     /usr/lib/x86_64-linux-gnu/libgio-2.0.so.0.4000.0
7f6e1d1c8000-7f6e1d1ca000 rw-p 00000000 00:00 0 
7f6e1d1ca000-7f6e1d1e1000 r-xp 00000000 fd:01 939874                     /usr/lib/jvm/java-7-openjdk-amd64/jre/lib/amd64/libnet.so
7f6e1d1e1000-7f6e1d3e0000 ---p 00017000 fd:01 939874                     /usr/lib/jvm/java-7-openjdk-amd64/jre/lib/amd64/libnet.so
7f6e1d3e0000-7f6e1d3e1000 r--p 00016000 fd:01 939874                     /usr/lib/jvm/java-7-openjdk-amd64/jre/lib/amd64/libnet.so
7f6e1d3e1000-7f6e1d3e2000 rw-p 00017000 fd:01 939874                     /usr/lib/jvm/java-7-openjdk-amd64/jre/lib/amd64/libnet.so
7f6e1d3e2000-7f6e1d3ea000 r-xp 00000000 fd:01 939890                     /usr/lib/jvm/java-7-openjdk-amd64/jre/lib/amd64/libmanagement.so
7f6e1d3ea000-7f6e1d5e9000 ---p 00008000 fd:01 939890                     /usr/lib/jvm/java-7-openjdk-amd64/jre/lib/amd64/libmanagement.so
7f6e1d5e9000-7f6e1d5ea000 r--p 00007000 fd:01 939890                     /usr/lib/jvm/java-7-openjdk-amd64/jre/lib/amd64/libmanagement.so
7f6e1d5ea000-7f6e1d5eb000 rw-p 00008000 fd:01 939890                     /usr/lib/jvm/java-7-openjdk-amd64/jre/lib/amd64/libmanagement.so
7f6e1d5eb000-7f6e1d719000 r--s 011d3000 fd:01 787194                     /srv/minecraft/minecraft_server/craftbukkit.jar
7f6e1d719000-7f6e1d71a000 ---p 00000000 00:00 0 
7f6e1d71a000-7f6e1d81a000 rw-p 00000000 00:00 0                          [stack:5612]
7f6e1d81a000-7f6e1d81d000 ---p 00000000 00:00 0 
7f6e1d81d000-7f6e1d91b000 rw-p 00000000 00:00 0                          [stack:5611]
7f6e1d91b000-7f6e1d91e000 ---p 00000000 00:00 0 
7f6e1d91e000-7f6e1da1c000 rw-p 00000000 00:00 0                          [stack:5610]
7f6e1da1c000-7f6e1da1f000 ---p 00000000 00:00 0 
7f6e1da1f000-7f6e1db1d000 rw-p 00000000 00:00 0                          [stack:5609]
7f6e1db1d000-7f6e1db20000 ---p 00000000 00:00 0 
7f6e1db20000-7f6e1dc1e000 rw-p 00000000 00:00 0                          [stack:5608]
7f6e1dc1e000-7f6e1dc21000 ---p 00000000 00:00 0 
7f6e1dc21000-7f6e1dd1f000 rw-p 00000000 00:00 0                          [stack:5607]
7f6e1dd1f000-7f6e1dd22000 ---p 00000000 00:00 0 
7f6e1dd22000-7f6e1de20000 rw-p 00000000 00:00 0                          [stack:5606]
7f6e1de20000-7f6e1de21000 ---p 00000000 00:00 0 
7f6e1de21000-7f6e1df6a000 rw-p 00000000 00:00 0                          [stack:5605]
7f6e1df6a000-7f6e1e11b000 r--s 01d25000 fd:01 939937                     /usr/lib/jvm/java-7-openjdk-amd64/jre/lib/rt.jar
7f6e1e11b000-7f6e1e20a000 rw-p 00000000 00:00 0 
7f6e1e20a000-7f6e1e240000 rw-p 00000000 00:00 0 
7f6e1e240000-7f6e1e2a2000 rw-p 00000000 00:00 0 
7f6e1e2a2000-7f6e1e2d7000 rw-p 00000000 00:00 0 
7f6e1e2d7000-7f6e1e308000 rw-p 00000000 00:00 0 
7f6e1e308000-7f6e1e322000 rw-p 00000000 00:00 0 
7f6e1e322000-7f6e1e384000 rw-p 00000000 00:00 0 
7f6e1e384000-7f6e1e3b8000 rw-p 00000000 00:00 0 
7f6e1e3b8000-7f6e1e3d6000 rw-p 00000000 00:00 0 
7f6e1e3d6000-7f6e1e40b000 rw-p 00000000 00:00 0 
7f6e1e40b000-7f6e1e40c000 rw-p 00000000 00:00 0 
7f6e1e40c000-7f6e1e414000 r-xp 00000000 fd:01 939866                     /usr/lib/jvm/java-7-openjdk-amd64/jre/lib/amd64/libzip.so
7f6e1e414000-7f6e1e613000 ---p 00008000 fd:01 939866                     /usr/lib/jvm/java-7-openjdk-amd64/jre/lib/amd64/libzip.so
7f6e1e613000-7f6e1e614000 r--p 00007000 fd:01 939866                     /usr/lib/jvm/java-7-openjdk-amd64/jre/lib/amd64/libzip.so
7f6e1e614000-7f6e1e615000 rw-p 00008000 fd:01 939866                     /usr/lib/jvm/java-7-openjdk-amd64/jre/lib/amd64/libzip.so
7f6e1e615000-7f6e1e620000 r-xp 00000000 fd:01 393625                     /lib/x86_64-linux-gnu/libnss_files-2.19.so
7f6e1e620000-7f6e1e81f000 ---p 0000b000 fd:01 393625                     /lib/x86_64-linux-gnu/libnss_files-2.19.so
7f6e1e81f000-7f6e1e820000 r--p 0000a000 fd:01 393625                     /lib/x86_64-linux-gnu/libnss_files-2.19.so
7f6e1e820000-7f6e1e821000 rw-p 0000b000 fd:01 393625                     /lib/x86_64-linux-gnu/libnss_files-2.19.so
7f6e1e821000-7f6e1e82c000 r-xp 00000000 fd:01 393627                     /lib/x86_64-linux-gnu/libnss_nis-2.19.so
7f6e1e82c000-7f6e1ea2b000 ---p 0000b000 fd:01 393627                     /lib/x86_64-linux-gnu/libnss_nis-2.19.so
7f6e1ea2b000-7f6e1ea2c000 r--p 0000a000 fd:01 393627                     /lib/x86_64-linux-gnu/libnss_nis-2.19.so
7f6e1ea2c000-7f6e1ea2d000 rw-p 0000b000 fd:01 393627                     /lib/x86_64-linux-gnu/libnss_nis-2.19.so
7f6e1ea2d000-7f6e1ea44000 r-xp 00000000 fd:01 393398                     /lib/x86_64-linux-gnu/libnsl-2.19.so
7f6e1ea44000-7f6e1ec43000 ---p 00017000 fd:01 393398                     /lib/x86_64-linux-gnu/libnsl-2.19.so
7f6e1ec43000-7f6e1ec44000 r--p 00016000 fd:01 393398                     /lib/x86_64-linux-gnu/libnsl-2.19.so
7f6e1ec44000-7f6e1ec45000 rw-p 00017000 fd:01 393398                     /lib/x86_64-linux-gnu/libnsl-2.19.so
7f6e1ec45000-7f6e1ec47000 rw-p 00000000 00:00 0 
7f6e1ec47000-7f6e1ec50000 r-xp 00000000 fd:01 393378                     /lib/x86_64-linux-gnu/libnss_compat-2.19.so
7f6e1ec50000-7f6e1ee4f000 ---p 00009000 fd:01 393378                     /lib/x86_64-linux-gnu/libnss_compat-2.19.so
7f6e1ee4f000-7f6e1ee50000 r--p 00008000 fd:01 393378                     /lib/x86_64-linux-gnu/libnss_compat-2.19.so
7f6e1ee50000-7f6e1ee51000 rw-p 00009000 fd:01 393378                     /lib/x86_64-linux-gnu/libnss_compat-2.19.so
7f6e1ee51000-7f6e1ee7c000 r-xp 00000000 fd:01 939873                     /usr/lib/jvm/java-7-openjdk-amd64/jre/lib/amd64/libjava.so
7f6e1ee7c000-7f6e1f07b000 ---p 0002b000 fd:01 939873                     /usr/lib/jvm/java-7-openjdk-amd64/jre/lib/amd64/libjava.so
7f6e1f07b000-7f6e1f07c000 r--p 0002a000 fd:01 939873                     /usr/lib/jvm/java-7-openjdk-amd64/jre/lib/amd64/libjava.so
7f6e1f07c000-7f6e1f07e000 rw-p 0002b000 fd:01 939873                     /usr/lib/jvm/java-7-openjdk-amd64/jre/lib/amd64/libjava.so
7f6e1f07e000-7f6e1f08e000 r-xp 00000000 fd:01 939888                     /usr/lib/jvm/java-7-openjdk-amd64/jre/lib/amd64/libverify.so
7f6e1f08e000-7f6e1f28d000 ---p 00010000 fd:01 939888                     /usr/lib/jvm/java-7-openjdk-amd64/jre/lib/amd64/libverify.so
7f6e1f28d000-7f6e1f28f000 r--p 0000f000 fd:01 939888                     /usr/lib/jvm/java-7-openjdk-amd64/jre/lib/amd64/libverify.so
7f6e1f28f000-7f6e1f290000 rw-p 00011000 fd:01 939888                     /usr/lib/jvm/java-7-openjdk-amd64/jre/lib/amd64/libverify.so
7f6e1f290000-7f6e1f297000 r-xp 00000000 fd:01 393482                     /lib/x86_64-linux-gnu/librt-2.19.so
7f6e1f297000-7f6e1f496000 ---p 00007000 fd:01 393482                     /lib/x86_64-linux-gnu/librt-2.19.so
7f6e1f496000-7f6e1f497000 r--p 00006000 fd:01 393482                     /lib/x86_64-linux-gnu/librt-2.19.so
7f6e1f497000-7f6e1f498000 rw-p 00007000 fd:01 393482                     /lib/x86_64-linux-gnu/librt-2.19.so
7f6e1f498000-7f6e1f4ae000 r-xp 00000000 fd:01 393365                     /lib/x86_64-linux-gnu/libgcc_s.so.1
7f6e1f4ae000-7f6e1f6ad000 ---p 00016000 fd:01 393365                     /lib/x86_64-linux-gnu/libgcc_s.so.1
7f6e1f6ad000-7f6e1f6ae000 rw-p 00015000 fd:01 393365                     /lib/x86_64-linux-gnu/libgcc_s.so.1
7f6e1f6ae000-7f6e1f7b3000 r-xp 00000000 fd:01 393618                     /lib/x86_64-linux-gnu/libm-2.19.so
7f6e1f7b3000-7f6e1f9b2000 ---p 00105000 fd:01 393618                     /lib/x86_64-linux-gnu/libm-2.19.so
7f6e1f9b2000-7f6e1f9b3000 r--p 00104000 fd:01 393618                     /lib/x86_64-linux-gnu/libm-2.19.so
7f6e1f9b3000-7f6e1f9b4000 rw-p 00105000 fd:01 393618                     /lib/x86_64-linux-gnu/libm-2.19.so
7f6e1f9b4000-7f6e1fa9a000 r-xp 00000000 fd:01 920378                     /usr/lib/x86_64-linux-gnu/libstdc++.so.6.0.19
7f6e1fa9a000-7f6e1fc99000 ---p 000e6000 fd:01 920378                     /usr/lib/x86_64-linux-gnu/libstdc++.so.6.0.19
7f6e1fc99000-7f6e1fca1000 r--p 000e5000 fd:01 920378                     /usr/lib/x86_64-linux-gnu/libstdc++.so.6.0.19
7f6e1fca1000-7f6e1fca3000 rw-p 000ed000 fd:01 920378                     /usr/lib/x86_64-linux-gnu/libstdc++.so.6.0.19
7f6e1fca3000-7f6e1fcb8000 rw-p 00000000 00:00 0 
7f6e1fcb8000-7f6e207ce000 r-xp 00000000 fd:01 939895                     /usr/lib/jvm/java-7-openjdk-amd64/jre/lib/amd64/server/libjvm.so
7f6e207ce000-7f6e209cd000 ---p 00b16000 fd:01 939895                     /usr/lib/jvm/java-7-openjdk-amd64/jre/lib/amd64/server/libjvm.so
7f6e209cd000-7f6e20a67000 r--p 00b15000 fd:01 939895                     /usr/lib/jvm/java-7-openjdk-amd64/jre/lib/amd64/server/libjvm.so
7f6e20a67000-7f6e20a8a000 rw-p 00baf000 fd:01 939895                     /usr/lib/jvm/java-7-openjdk-amd64/jre/lib/amd64/server/libjvm.so
7f6e20a8a000-7f6e20ab8000 rw-p 00000000 00:00 0 
7f6e20ab8000-7f6e20ad0000 r-xp 00000000 fd:01 393502                     /lib/x86_64-linux-gnu/libz.so.1.2.8
7f6e20ad0000-7f6e20ccf000 ---p 00018000 fd:01 393502                     /lib/x86_64-linux-gnu/libz.so.1.2.8
7f6e20ccf000-7f6e20cd0000 r--p 00017000 fd:01 393502                     /lib/x86_64-linux-gnu/libz.so.1.2.8
7f6e20cd0000-7f6e20cd1000 rw-p 00018000 fd:01 393502                     /lib/x86_64-linux-gnu/libz.so.1.2.8
7f6e20cd1000-7f6e20cea000 r-xp 00000000 fd:01 395321                     /lib/x86_64-linux-gnu/libpthread-2.19.so
7f6e20cea000-7f6e20ee9000 ---p 00019000 fd:01 395321                     /lib/x86_64-linux-gnu/libpthread-2.19.so
7f6e20ee9000-7f6e20eea000 r--p 00018000 fd:01 395321                     /lib/x86_64-linux-gnu/libpthread-2.19.so
7f6e20eea000-7f6e20eeb000 rw-p 00019000 fd:01 395321                     /lib/x86_64-linux-gnu/libpthread-2.19.so
7f6e20eeb000-7f6e20eef000 rw-p 00000000 00:00 0 
7f6e20eef000-7f6e20ef2000 r-xp 00000000 fd:01 393633                     /lib/x86_64-linux-gnu/libdl-2.19.so
7f6e20ef2000-7f6e210f1000 ---p 00003000 fd:01 393633                     /lib/x86_64-linux-gnu/libdl-2.19.so
7f6e210f1000-7f6e210f2000 r--p 00002000 fd:01 393633                     /lib/x86_64-linux-gnu/libdl-2.19.so
7f6e210f2000-7f6e210f3000 rw-p 00003000 fd:01 393633                     /lib/x86_64-linux-gnu/libdl-2.19.so
7f6e210f3000-7f6e212ae000 r-xp 00000000 fd:01 393589                     /lib/x86_64-linux-gnu/libc-2.19.so
7f6e212ae000-7f6e214ae000 ---p 001bb000 fd:01 393589                     /lib/x86_64-linux-gnu/libc-2.19.so
7f6e214ae000-7f6e214b2000 r--p 001bb000 fd:01 393589                     /lib/x86_64-linux-gnu/libc-2.19.so
7f6e214b2000-7f6e214b4000 rw-p 001bf000 fd:01 393589                     /lib/x86_64-linux-gnu/libc-2.19.so
7f6e214b4000-7f6e214b9000 rw-p 00000000 00:00 0 
7f6e214b9000-7f6e214c6000 r-xp 00000000 fd:01 939871                     /usr/lib/jvm/java-7-openjdk-amd64/jre/lib/amd64/jli/libjli.so
7f6e214c6000-7f6e216c5000 ---p 0000d000 fd:01 939871                     /usr/lib/jvm/java-7-openjdk-amd64/jre/lib/amd64/jli/libjli.so
7f6e216c5000-7f6e216c6000 r--p 0000c000 fd:01 939871                     /usr/lib/jvm/java-7-openjdk-amd64/jre/lib/amd64/jli/libjli.so
7f6e216c6000-7f6e216c7000 rw-p 0000d000 fd:01 939871                     /usr/lib/jvm/java-7-openjdk-amd64/jre/lib/amd64/jli/libjli.so
7f6e216c7000-7f6e216ea000 r-xp 00000000 fd:01 393590                     /lib/x86_64-linux-gnu/ld-2.19.so
7f6e216f3000-7f6e216f6000 r--s 00017000 fd:01 939916                     /usr/lib/jvm/java-7-openjdk-amd64/jre/lib/jce.jar
7f6e216f6000-7f6e216fb000 r--s 0004c000 fd:01 939914                     /usr/lib/jvm/java-7-openjdk-amd64/jre/lib/jsse.jar
7f6e216fb000-7f6e21704000 r--s 000b9000 fd:01 939857                     /usr/lib/jvm/java-7-openjdk-amd64/jre/lib/resources.jar
7f6e21704000-7f6e21708000 r--s 0003c000 fd:01 939933                     /usr/lib/jvm/java-7-openjdk-amd64/jre/lib/ext/sunpkcs11.jar
7f6e21708000-7f6e2170c000 r--s 00085000 fd:01 939934                     /usr/lib/jvm/java-7-openjdk-amd64/jre/lib/ext/localedata.jar
7f6e2170c000-7f6e21710000 r--s 00034000 fd:01 939935                     /usr/lib/jvm/java-7-openjdk-amd64/jre/lib/ext/sunjce_provider.jar
7f6e21710000-7f6e21713000 r--s 0000f000 fd:01 939931                     /usr/lib/jvm/java-7-openjdk-amd64/jre/lib/ext/icedtea-sound.jar
7f6e21713000-7f6e2171d000 rw-p 00000000 00:00 0 
7f6e2171d000-7f6e217d3000 rw-p 00000000 00:00 0 
7f6e217d3000-7f6e217db000 rw-s 00000000 fd:01 274152                     /tmp/hsperfdata_minecraft/5602
7f6e217db000-7f6e217de000 ---p 00000000 00:00 0 
7f6e217de000-7f6e218e2000 rw-p 00000000 00:00 0                          [stack:5604]
7f6e218e2000-7f6e218e3000 r--s 00002000 fd:01 939936                     /usr/lib/jvm/java-7-openjdk-amd64/jre/lib/ext/dnsns.jar
7f6e218e3000-7f6e218e5000 r--s 00012000 fd:01 939932                     /usr/lib/jvm/java-7-openjdk-amd64/jre/lib/ext/zipfs.jar
7f6e218e5000-7f6e218e6000 rw-p 00000000 00:00 0 
7f6e218e6000-7f6e218e7000 ---p 00000000 00:00 0 
7f6e218e7000-7f6e218e9000 rw-p 00000000 00:00 0 
7f6e218e9000-7f6e218ea000 r--p 00022000 fd:01 393590                     /lib/x86_64-linux-gnu/ld-2.19.so
7f6e218ea000-7f6e218eb000 rw-p 00023000 fd:01 393590                     /lib/x86_64-linux-gnu/ld-2.19.so
7f6e218eb000-7f6e218ec000 rw-p 00000000 00:00 0 
7fffb8834000-7fffb8855000 rw-p 00000000 00:00 0                          [stack]
7fffb88ef000-7fffb88f1000 r-xp 00000000 00:00 0                          [vdso]
ffffffffff600000-ffffffffff601000 r-xp 00000000 00:00 0                  [vsyscall]

VM Arguments:
jvm_args: -Xms32M -Xmx450M 
java_command: craftbukkit.jar nogui
Launcher Type: SUN_STANDARD

Environment Variables:
PATH=/usr/local/sbin:/usr/local/bin:/usr/bin:/usr/sbin:/sbin:/bin

Signal Handlers:
SIGSEGV: [libjvm.so+0x9495e0], sa_mask[0]=0x7ffbfeff, sa_flags=0x10000004
SIGBUS: [libjvm.so+0x9495e0], sa_mask[0]=0x7ffbfeff, sa_flags=0x10000004
SIGFPE: [libjvm.so+0x7c3410], sa_mask[0]=0x7ffbfeff, sa_flags=0x10000004
SIGPIPE: [libjvm.so+0x7c3410], sa_mask[0]=0x7ffbfeff, sa_flags=0x10000004
SIGXFSZ: [libjvm.so+0x7c3410], sa_mask[0]=0x7ffbfeff, sa_flags=0x10000004
SIGILL: [libjvm.so+0x7c3410], sa_mask[0]=0x7ffbfeff, sa_flags=0x10000004
SIGUSR1: SIG_DFL, sa_mask[0]=0x00000000, sa_flags=0x00000000
SIGUSR2: [libjvm.so+0x7c32b0], sa_mask[0]=0x00000000, sa_flags=0x10000004
SIGHUP: [libjvm.so+0x7c3490], sa_mask[0]=0x7ffbfeff, sa_flags=0x10000004
SIGINT: [libjvm.so+0x7c3490], sa_mask[0]=0x7ffbfeff, sa_flags=0x10000004
SIGTERM: [libjvm.so+0x7c3490], sa_mask[0]=0x7ffbfeff, sa_flags=0x10000004
SIGQUIT: [libjvm.so+0x7c3490], sa_mask[0]=0x7ffbfeff, sa_flags=0x10000004
SIGTRAP: SIG_DFL, sa_mask[0]=0x00000000, sa_flags=0x00000000


---------------  S Y S T E M  ---------------

OS:Ubuntu 14.04 (trusty)
uname:Linux 3.13.0-37-generic #64-Ubuntu SMP Mon Sep 22 21:28:38 UTC 2014 x86_64
libc:glibc 2.19 NPTL 2.19 
rlimit: STACK 8192k, CORE 0k, NPROC 3750, NOFILE 4096, AS infinity
load average:0.53 0.19 0.15

/proc/meminfo:
MemTotal:         501808 kB
MemFree:            5504 kB
Buffers:            1056 kB
Cached:            52908 kB
SwapCached:            0 kB
Active:           438184 kB
Inactive:          25608 kB
Active(anon):     409980 kB
Inactive(anon):      236 kB
Active(file):      28204 kB
Inactive(file):    25372 kB
Unevictable:           0 kB
Mlocked:               0 kB
SwapTotal:             0 kB
SwapFree:              0 kB
Dirty:               212 kB
Writeback:             0 kB
AnonPages:        409880 kB
Mapped:            16020 kB
Shmem:               324 kB
Slab:              19452 kB
SReclaimable:      12124 kB
SUnreclaim:         7328 kB
KernelStack:         688 kB
PageTables:         2564 kB
NFS_Unstable:          0 kB
Bounce:                0 kB
WritebackTmp:          0 kB
CommitLimit:      250904 kB
Committed_AS:     427936 kB
VmallocTotal:   34359738367 kB
VmallocUsed:        7884 kB
VmallocChunk:   34359722460 kB
HardwareCorrupted:     0 kB
AnonHugePages:         0 kB
HugePages_Total:       0
HugePages_Free:        0
HugePages_Rsvd:        0
HugePages_Surp:        0
Hugepagesize:       2048 kB
DirectMap4k:       36856 kB
DirectMap2M:      487424 kB
DirectMap1G:           0 kB


CPU:total 1 (1 cores per cpu, 1 threads per core) family 6 model 62 stepping 4, cmov, cx8, fxsr, mmx, sse, sse2, sse3, ssse3, sse4.1, sse4.2, popcnt, avx, aes, erms, tsc

/proc/cpuinfo:
processor	: 0
vendor_id	: GenuineIntel
cpu family	: 6
model		: 62
model name	: Intel(R) Xeon(R) CPU E5-2630L v2 @ 2.40GHz
stepping	: 4
microcode	: 0x1
cpu MHz		: 2399.998
cache size	: 15360 KB
physical id	: 0
siblings	: 1
core id		: 0
cpu cores	: 1
apicid		: 0
initial apicid	: 0
fpu		: yes
fpu_exception	: yes
cpuid level	: 13
wp		: yes
flags		: fpu vme de pse tsc msr pae mce cx8 apic sep mtrr pge mca cmov pat pse36 clflush mmx fxsr sse sse2 ss syscall nx pdpe1gb rdtscp lm constant_tsc arch_perfmon rep_good nopl eagerfpu pni pclmulqdq vmx ssse3 cx16 pcid sse4_1 sse4_2 x2apic popcnt tsc_deadline_timer aes xsave avx f16c rdrand hypervisor lahf_lm xsaveopt vnmi ept fsgsbase tsc_adjust smep erms
bogomips	: 4799.99
clflush size	: 64
cache_alignment	: 64
address sizes	: 40 bits physical, 48 bits virtual
power management:



Memory: 4k page, physical 501808k(5504k free), swap 0k(0k free)

vm_info: OpenJDK 64-Bit Server VM (24.65-b04) for linux-amd64 JRE (1.7.0_65-b32), built on Oct 22 2014 04:37:44 by "buildd" with gcc 4.8.2

time: Thu Nov 27 09:15:33 2014
elapsed time: 17 seconds

