#
# There is insufficient memory for the Java Runtime Environment to continue.
# Native memory allocation (malloc) failed to allocate 107798528 bytes for committing reserved memory.
# Possible reasons:
#   The system is out of physical RAM or swap space
#   In 32 bit mode, the process size limit was hit
# Possible solutions:
#   Reduce memory load on the system
#   Increase physical memory or swap space
#   Check if swap backing store is full
#   Use 64 bit Java on a 64 bit OS
#   Decrease Java heap size (-Xmx/-Xms)
#   Decrease number of Java threads
#   Decrease Java thread stack sizes (-Xss)
#   Set larger code cache with -XX:ReservedCodeCacheSize=
# This output file may be truncated or incomplete.
#
#  Out of Memory Error (os_linux.cpp:2798), pid=5789, tid=139883166418688
#
# JRE version: OpenJDK Runtime Environment (7.0_65-b32) (build 1.7.0_65-b32)
# Java VM: OpenJDK 64-Bit Server VM (24.65-b04 mixed mode linux-amd64 compressed oops)
# Derivative: IcedTea 2.5.3
# Distribution: Ubuntu 14.04 LTS, package 7u71-2.5.3-0ubuntu0.14.04.1
# Failed to write core dump. Core dumps have been disabled. To enable core dumping, try "ulimit -c unlimited" before starting Java again
#

---------------  T H R E A D  ---------------

Current thread (0x00007f3910092800):  VMThread [stack: 0x00007f391661c000,0x00007f391671d000] [id=5792]

Stack: [0x00007f391661c000,0x00007f391671d000],  sp=0x00007f391671b5a0,  free space=1021k
Native frames: (J=compiled Java code, j=interpreted, Vv=VM code, C=native code)
V  [libjvm.so+0x948b05]  VMError::report_and_die()+0x175
V  [libjvm.so+0x48bc34]  report_vm_out_of_memory(char const*, int, unsigned long, char const*)+0x74
V  [libjvm.so+0x7c7bfb]  os::pd_commit_memory(char*, unsigned long, unsigned long, bool)+0xeb
V  [libjvm.so+0x7c26bf]  os::commit_memory(char*, unsigned long, unsigned long, bool)+0x1f
V  [libjvm.so+0x9459f4]  VirtualSpace::expand_by(unsigned long, bool)+0x1c4
V  [libjvm.so+0x561b1e]  OneContigSpaceCardGeneration::grow_by(unsigned long)+0x1e
V  [libjvm.so+0x561e66]  OneContigSpaceCardGeneration::expand(unsigned long, unsigned long)+0x96
V  [libjvm.so+0x5535f0]  GenCollectedHeap::do_collection(bool, bool, unsigned long, bool, int)+0x7a0
V  [libjvm.so+0x5546ce]  GenCollectedHeap::do_full_collection(bool, int)+0x3e
V  [libjvm.so+0x949bb2]  VM_GenCollectForPermanentAllocation::doit()+0x162
V  [libjvm.so+0x94e9f7]  VM_Operation::evaluate()+0x47
V  [libjvm.so+0x94d368]  VMThread::evaluate_operation(VM_Operation*)+0x318
V  [libjvm.so+0x94d7c9]  VMThread::loop()+0x219
V  [libjvm.so+0x94dc12]  VMThread::run()+0x72
V  [libjvm.so+0x7c4ac2]  java_start(Thread*)+0xf2

VM_Operation (0x00007f391421cb80): GenCollectForPermanentAllocation, mode: safepoint, requested by thread 0x00007f391087d000


---------------  P R O C E S S  ---------------

Java Threads: ( => current thread )
  0x00007f3904006000 JavaThread "Keep-Alive-Timer" daemon [_thread_blocked, id=5811, stack(0x00007f390c8cf000,0x00007f390c9d0000)]
  0x00007f38f800d000 JavaThread "Netty IO #0" daemon [_thread_blocked, id=5809, stack(0x00007f390cdfe000,0x00007f390ceff000)]
  0x00007f38f8004800 JavaThread "Thread-5" [_thread_blocked, id=5806, stack(0x00007f390ceff000,0x00007f390d000000)]
  0x00007f38f8001000 JavaThread "Server console handler" daemon [_thread_blocked, id=5805, stack(0x00007f3914023000,0x00007f3914124000)]
  0x00007f391000a000 JavaThread "DestroyJavaVM" [_thread_blocked, id=5791, stack(0x00007f3919fd7000,0x00007f391a0d8000)]
  0x00007f391087d000 JavaThread "Server thread" [_thread_blocked, id=5804, stack(0x00007f3914124000,0x00007f3914225000)]
  0x00007f391087c000 JavaThread "Server Infinisleeper" daemon [_thread_blocked, id=5803, stack(0x00007f3914225000,0x00007f3914326000)]
  0x00007f391080b000 JavaThread "process reaper" daemon [_thread_blocked, id=5802, stack(0x00007f3914326000,0x00007f391435f000)]
  0x00007f391025d000 JavaThread "Snooper Timer" daemon [_thread_blocked, id=5800, stack(0x00007f391435f000,0x00007f3914460000)]
  0x00007f39100cc800 JavaThread "Service Thread" daemon [_thread_blocked, id=5798, stack(0x00007f3916016000,0x00007f3916117000)]
  0x00007f39100c9800 JavaThread "C2 CompilerThread1" daemon [_thread_blocked, id=5797, stack(0x00007f3916117000,0x00007f3916218000)]
  0x00007f39100c7800 JavaThread "C2 CompilerThread0" daemon [_thread_blocked, id=5796, stack(0x00007f3916218000,0x00007f3916319000)]
  0x00007f39100c5800 JavaThread "Signal Dispatcher" daemon [_thread_blocked, id=5795, stack(0x00007f3916319000,0x00007f391641a000)]
  0x00007f3910099000 JavaThread "Finalizer" daemon [_thread_blocked, id=5794, stack(0x00007f391641a000,0x00007f391651b000)]
  0x00007f3910097000 JavaThread "Reference Handler" daemon [_thread_blocked, id=5793, stack(0x00007f391651b000,0x00007f391661c000)]

Other Threads:
=>0x00007f3910092800 VMThread [stack: 0x00007f391661c000,0x00007f391671d000] [id=5792]
  0x00007f39100d7800 WatcherThread [stack: 0x00007f3915f15000,0x00007f3916016000] [id=5799]

VM state:at safepoint (normal execution)

VM Mutex/Monitor currently owned by a thread:  ([mutex/lock_event])
[0x00007f3910006360] Threads_lock - owner thread: 0x00007f3910092800
[0x00007f3910006860] Heap_lock - owner thread: 0x00007f391087d000

Heap
 def new generation   total 90944K, used 3768K [0x00000000d9800000, 0x00000000dfaa0000, 0x00000000e2e00000)
  eden space 80896K,   4% used [0x00000000d9800000, 0x00000000d9bae078, 0x00000000de700000)
  from space 10048K,   0% used [0x00000000df0d0000, 0x00000000df0d0000, 0x00000000dfaa0000)
  to   space 10048K,   0% used [0x00000000de700000, 0x00000000de700000, 0x00000000df0d0000)
 tenured generation   total 201928K, used 201927K [0x00000000e2e00000, 0x00000000ef332000, 0x00000000f5a00000)
   the space 201928K,  99% used [0x00000000e2e00000, 0x00000000ef331ff0, 0x00000000ef332000, 0x00000000ef332000)
 compacting perm gen  total 59776K, used 59774K [0x00000000f5a00000, 0x00000000f9460000, 0x0000000100000000)
   the space 59776K,  99% used [0x00000000f5a00000, 0x00000000f945fad8, 0x00000000f945fc00, 0x00000000f9460000)
No shared spaces configured.

Card table byte_map: [0x00007f3916ad3000,0x00007f3916c08000] byte_map_base: 0x00007f3916407000

Polling page: 0x00007f391a0e2000

Code Cache  [0x00007f390d000000, 0x00007f390d270000, 0x00007f3910000000)
 total_blobs=928 nmethods=486 adapters=395 free_code_cache=47660Kb largest_free_block=48776064

Compilation events (10 events):
Event: 17.734 Thread 0x00007f39100c7800 nmethod 550 0x00007f390d0b7310 code [0x00007f390d0b7460, 0x00007f390d0b7648]
Event: 17.734 Thread 0x00007f39100c7800  551             org.jruby.lexer.yacc.ByteArrayLexerSource$ByteArrayCursor::unread (72 bytes)
Event: 17.737 Thread 0x00007f39100c7800 nmethod 551 0x00007f390d0b6c10 code [0x00007f390d0b6da0, 0x00007f390d0b6fb8]
Event: 17.737 Thread 0x00007f39100c7800  552             org.jruby.lexer.yacc.Token::getPosition (5 bytes)
Event: 17.737 Thread 0x00007f39100c7800 nmethod 552 0x00007f390d165510 code [0x00007f390d165640, 0x00007f390d165698]
Event: 17.737 Thread 0x00007f39100c7800  553             org.jruby.lexer.yacc.Token::<init> (25 bytes)
Event: 17.737 Thread 0x00007f39100c7800 nmethod 553 0x00007f390d169110 code [0x00007f390d169240, 0x00007f390d1692b8]
Event: 17.737 Thread 0x00007f39100c7800  554             org.jruby.lexer.yacc.ByteArrayLexerSource::read (10 bytes)
Event: 17.755 Thread 0x00007f39100c7800 nmethod 554 0x00007f390d17b510 code [0x00007f390d17b6a0, 0x00007f390d17b910]
Event: 17.755 Thread 0x00007f39100c7800  555             org.jruby.lexer.yacc.RubyYaccLexer::identifier (751 bytes)

GC Heap History (10 events):
Event: 13.321 GC heap after
Heap after GC invocations=38 (full 6):
 def new generation   total 51456K, used 5695K [0x00000000d9800000, 0x00000000dcfd0000, 0x00000000e2e00000)
  eden space 45760K,   0% used [0x00000000d9800000, 0x00000000d9800000, 0x00000000dc4b0000)
  from space 5696K,  99% used [0x00000000dca40000, 0x00000000dcfcfff8, 0x00000000dcfd0000)
  to   space 5696K,   0% used [0x00000000dc4b0000, 0x00000000dc4b0000, 0x00000000dca40000)
 tenured generation   total 114184K, used 107987K [0x00000000e2e00000, 0x00000000e9d82000, 0x00000000f5a00000)
   the space 114184K,  94% used [0x00000000e2e00000, 0x00000000e9774d58, 0x00000000e9774e00, 0x00000000e9d82000)
 compacting perm gen  total 52736K, used 52714K [0x00000000f5a00000, 0x00000000f8d80000, 0x0000000100000000)
   the space 52736K,  99% used [0x00000000f5a00000, 0x00000000f8d7aaf8, 0x00000000f8d7ac00, 0x00000000f8d80000)
No shared spaces configured.
}
Event: 13.734 GC heap before
{Heap before GC invocations=38 (full 6):
 def new generation   total 51456K, used 51455K [0x00000000d9800000, 0x00000000dcfd0000, 0x00000000e2e00000)
  eden space 45760K, 100% used [0x00000000d9800000, 0x00000000dc4b0000, 0x00000000dc4b0000)
  from space 5696K,  99% used [0x00000000dca40000, 0x00000000dcfcfff8, 0x00000000dcfd0000)
  to   space 5696K,   0% used [0x00000000dc4b0000, 0x00000000dc4b0000, 0x00000000dca40000)
 tenured generation   total 114184K, used 107987K [0x00000000e2e00000, 0x00000000e9d82000, 0x00000000f5a00000)
   the space 114184K,  94% used [0x00000000e2e00000, 0x00000000e9774d58, 0x00000000e9774e00, 0x00000000e9d82000)
 compacting perm gen  total 54336K, used 54144K [0x00000000f5a00000, 0x00000000f8f10000, 0x0000000100000000)
   the space 54336K,  99% used [0x00000000f5a00000, 0x00000000f8ee0370, 0x00000000f8ee0400, 0x00000000f8f10000)
No shared spaces configured.
Event: 14.175 GC heap after
Heap after GC invocations=39 (full 7):
 def new generation   total 90944K, used 0K [0x00000000d9800000, 0x00000000dfaa0000, 0x00000000e2e00000)
  eden space 80896K,   0% used [0x00000000d9800000, 0x00000000d9800000, 0x00000000de700000)
  from space 10048K,   0% used [0x00000000de700000, 0x00000000de700000, 0x00000000df0d0000)
  to   space 10048K,   0% used [0x00000000df0d0000, 0x00000000df0d0000, 0x00000000dfaa0000)
 tenured generation   total 201928K, used 121156K [0x00000000e2e00000, 0x00000000ef332000, 0x00000000f5a00000)
   the space 201928K,  59% used [0x00000000e2e00000, 0x00000000ea4512d8, 0x00000000ea451400, 0x00000000ef332000)
 compacting perm gen  total 54336K, used 54144K [0x00000000f5a00000, 0x00000000f8f10000, 0x0000000100000000)
   the space 54336K,  99% used [0x00000000f5a00000, 0x00000000f8ee0370, 0x00000000f8ee0400, 0x00000000f8f10000)
No shared spaces configured.
}
Event: 14.970 GC heap before
{Heap before GC invocations=39 (full 7):
 def new generation   total 90944K, used 80896K [0x00000000d9800000, 0x00000000dfaa0000, 0x00000000e2e00000)
  eden space 80896K, 100% used [0x00000000d9800000, 0x00000000de700000, 0x00000000de700000)
  from space 10048K,   0% used [0x00000000de700000, 0x00000000de700000, 0x00000000df0d0000)
  to   space 10048K,   0% used [0x00000000df0d0000, 0x00000000df0d0000, 0x00000000dfaa0000)
 tenured generation   total 201928K, used 121156K [0x00000000e2e00000, 0x00000000ef332000, 0x00000000f5a00000)
   the space 201928K,  59% used [0x00000000e2e00000, 0x00000000ea4512d8, 0x00000000ea451400, 0x00000000ef332000)
 compacting perm gen  total 56896K, used 56669K [0x00000000f5a00000, 0x00000000f9190000, 0x0000000100000000)
   the space 56896K,  99% used [0x00000000f5a00000, 0x00000000f9157460, 0x00000000f9157600, 0x00000000f9190000)
No shared spaces configured.
Event: 15.086 GC heap after
Heap after GC invocations=40 (full 7):
 def new generation   total 90944K, used 10048K [0x00000000d9800000, 0x00000000dfaa0000, 0x00000000e2e00000)
  eden space 80896K,   0% used [0x00000000d9800000, 0x00000000d9800000, 0x00000000de700000)
  from space 10048K, 100% used [0x00000000df0d0000, 0x00000000dfaa0000, 0x00000000dfaa0000)
  to   space 10048K,   0% used [0x00000000de700000, 0x00000000de700000, 0x00000000df0d0000)
 tenured generation   total 201928K, used 142025K [0x00000000e2e00000, 0x00000000ef332000, 0x00000000f5a00000)
   the space 201928K,  70% used [0x00000000e2e00000, 0x00000000eb8b26a0, 0x00000000eb8b2800, 0x00000000ef332000)
 compacting perm gen  total 56896K, used 56669K [0x00000000f5a00000, 0x00000000f9190000, 0x0000000100000000)
   the space 56896K,  99% used [0x00000000f5a00000, 0x00000000f9157460, 0x00000000f9157600, 0x00000000f9190000)
No shared spaces configured.
}
Event: 15.846 GC heap before
{Heap before GC invocations=40 (full 7):
 def new generation   total 90944K, used 90944K [0x00000000d9800000, 0x00000000dfaa0000, 0x00000000e2e00000)
  eden space 80896K, 100% used [0x00000000d9800000, 0x00000000de700000, 0x00000000de700000)
  from space 10048K, 100% used [0x00000000df0d0000, 0x00000000dfaa0000, 0x00000000dfaa0000)
  to   space 10048K,   0% used [0x00000000de700000, 0x00000000de700000, 0x00000000df0d0000)
 tenured generation   total 201928K, used 142025K [0x00000000e2e00000, 0x00000000ef332000, 0x00000000f5a00000)
   the space 201928K,  70% used [0x00000000e2e00000, 0x00000000eb8b26a0, 0x00000000eb8b2800, 0x00000000ef332000)
 compacting perm gen  total 59136K, used 58825K [0x00000000f5a00000, 0x00000000f93c0000, 0x0000000100000000)
   the space 59136K,  99% used [0x00000000f5a00000, 0x00000000f9372750, 0x00000000f9372800, 0x00000000f93c0000)
No shared spaces configured.
Event: 15.987 GC heap after
Heap after GC invocations=41 (full 7):
 def new generation   total 90944K, used 10047K [0x00000000d9800000, 0x00000000dfaa0000, 0x00000000e2e00000)
  eden space 80896K,   0% used [0x00000000d9800000, 0x00000000d9800000, 0x00000000de700000)
  from space 10048K,  99% used [0x00000000de700000, 0x00000000df0cfff8, 0x00000000df0d0000)
  to   space 10048K,   0% used [0x00000000df0d0000, 0x00000000df0d0000, 0x00000000dfaa0000)
 tenured generation   total 201928K, used 165883K [0x00000000e2e00000, 0x00000000ef332000, 0x00000000f5a00000)
   the space 201928K,  82% used [0x00000000e2e00000, 0x00000000ecffee48, 0x00000000ecfff000, 0x00000000ef332000)
 compacting perm gen  total 59136K, used 58825K [0x00000000f5a00000, 0x00000000f93c0000, 0x0000000100000000)
   the space 59136K,  99% used [0x00000000f5a00000, 0x00000000f9372750, 0x00000000f9372800, 0x00000000f93c0000)
No shared spaces configured.
}
Event: 16.948 GC heap before
{Heap before GC invocations=41 (full 7):
 def new generation   total 90944K, used 90943K [0x00000000d9800000, 0x00000000dfaa0000, 0x00000000e2e00000)
  eden space 80896K, 100% used [0x00000000d9800000, 0x00000000de700000, 0x00000000de700000)
  from space 10048K,  99% used [0x00000000de700000, 0x00000000df0cfff8, 0x00000000df0d0000)
  to   space 10048K,   0% used [0x00000000df0d0000, 0x00000000df0d0000, 0x00000000dfaa0000)
 tenured generation   total 201928K, used 165883K [0x00000000e2e00000, 0x00000000ef332000, 0x00000000f5a00000)
   the space 201928K,  82% used [0x00000000e2e00000, 0x00000000ecffee48, 0x00000000ecfff000, 0x00000000ef332000)
 compacting perm gen  total 59776K, used 59670K [0x00000000f5a00000, 0x00000000f9460000, 0x0000000100000000)
   the space 59776K,  99% used [0x00000000f5a00000, 0x00000000f9445930, 0x00000000f9445a00, 0x00000000f9460000)
No shared spaces configured.
Event: 17.100 GC heap after
Heap after GC invocations=42 (full 7):
 def new generation   total 90944K, used 10048K [0x00000000d9800000, 0x00000000dfaa0000, 0x00000000e2e00000)
  eden space 80896K,   0% used [0x00000000d9800000, 0x00000000d9800000, 0x00000000de700000)
  from space 10048K, 100% used [0x00000000df0d0000, 0x00000000dfaa0000, 0x00000000dfaa0000)
  to   space 10048K,   0% used [0x00000000de700000, 0x00000000de700000, 0x00000000df0d0000)
 tenured generation   total 201928K, used 190143K [0x00000000e2e00000, 0x00000000ef332000, 0x00000000f5a00000)
   the space 201928K,  94% used [0x00000000e2e00000, 0x00000000ee7afca8, 0x00000000ee7afe00, 0x00000000ef332000)
 compacting perm gen  total 59776K, used 59670K [0x00000000f5a00000, 0x00000000f9460000, 0x0000000100000000)
   the space 59776K,  99% used [0x00000000f5a00000, 0x00000000f9445930, 0x00000000f9445a00, 0x00000000f9460000)
No shared spaces configured.
}
Event: 17.832 GC heap before
{Heap before GC invocations=42 (full 7):
 def new generation   total 90944K, used 75928K [0x00000000d9800000, 0x00000000dfaa0000, 0x00000000e2e00000)
  eden space 80896K,  81% used [0x00000000d9800000, 0x00000000dd856178, 0x00000000de700000)
  from space 10048K, 100% used [0x00000000df0d0000, 0x00000000dfaa0000, 0x00000000dfaa0000)
  to   space 10048K,   0% used [0x00000000de700000, 0x00000000de700000, 0x00000000df0d0000)
 tenured generation   total 201928K, used 190143K [0x00000000e2e00000, 0x00000000ef332000, 0x00000000f5a00000)
   the space 201928K,  94% used [0x00000000e2e00000, 0x00000000ee7afca8, 0x00000000ee7afe00, 0x00000000ef332000)
 compacting perm gen  total 59776K, used 59775K [0x00000000f5a00000, 0x00000000f9460000, 0x0000000100000000)
   the space 59776K,  99% used [0x00000000f5a00000, 0x00000000f945ff78, 0x00000000f9460000, 0x00000000f9460000)
No shared spaces configured.

Deoptimization events (10 events):
Event: 17.753 Thread 0x00007f391087d000 Uncommon trap: reason=bimorphic action=maybe_recompile pc=0x00007f390d16ebb0 method=org.jruby.compiler.ASTInspector.inspect(Lorg/jruby/ast/Node;)V @ 3087
Event: 17.753 Thread 0x00007f391087d000 Uncommon trap: reason=bimorphic action=maybe_recompile pc=0x00007f390d16ebb0 method=org.jruby.compiler.ASTInspector.inspect(Lorg/jruby/ast/Node;)V @ 3087
Event: 17.753 Thread 0x00007f391087d000 Uncommon trap: reason=bimorphic action=maybe_recompile pc=0x00007f390d16ebb0 method=org.jruby.compiler.ASTInspector.inspect(Lorg/jruby/ast/Node;)V @ 3087
Event: 17.753 Thread 0x00007f391087d000 Uncommon trap: reason=bimorphic action=maybe_recompile pc=0x00007f390d16ebb0 method=org.jruby.compiler.ASTInspector.inspect(Lorg/jruby/ast/Node;)V @ 3087
Event: 17.753 Thread 0x00007f391087d000 Uncommon trap: reason=bimorphic action=maybe_recompile pc=0x00007f390d16ebb0 method=org.jruby.compiler.ASTInspector.inspect(Lorg/jruby/ast/Node;)V @ 3087
Event: 17.753 Thread 0x00007f391087d000 Uncommon trap: reason=bimorphic action=maybe_recompile pc=0x00007f390d16ebb0 method=org.jruby.compiler.ASTInspector.inspect(Lorg/jruby/ast/Node;)V @ 3087
Event: 17.753 Thread 0x00007f391087d000 Uncommon trap: reason=bimorphic action=maybe_recompile pc=0x00007f390d16ebb0 method=org.jruby.compiler.ASTInspector.inspect(Lorg/jruby/ast/Node;)V @ 3087
Event: 17.753 Thread 0x00007f391087d000 Uncommon trap: reason=bimorphic action=maybe_recompile pc=0x00007f390d16ebb0 method=org.jruby.compiler.ASTInspector.inspect(Lorg/jruby/ast/Node;)V @ 3087
Event: 17.753 Thread 0x00007f391087d000 Uncommon trap: reason=bimorphic action=maybe_recompile pc=0x00007f390d16ebb0 method=org.jruby.compiler.ASTInspector.inspect(Lorg/jruby/ast/Node;)V @ 3087
Event: 17.753 Thread 0x00007f391087d000 Uncommon trap: reason=bimorphic action=maybe_recompile pc=0x00007f390d16ebb0 method=org.jruby.compiler.ASTInspector.inspect(Lorg/jruby/ast/Node;)V @ 3087

Internal exceptions (10 events):
Event: 17.826 Thread 0x00007f391087d000 Threw 0x00000000dd6e67a8 at /build/buildd/openjdk-7-7u71-2.5.3/build/openjdk/hotspot/src/share/vm/prims/jvm.cpp:1284
Event: 17.826 Thread 0x00007f391087d000 Threw 0x00000000dd6e7218 at /build/buildd/openjdk-7-7u71-2.5.3/build/openjdk/hotspot/src/share/vm/prims/jvm.cpp:1284
Event: 17.830 Thread 0x00007f391087d000 Threw 0x00000000dd6ea7a0 at /build/buildd/openjdk-7-7u71-2.5.3/build/openjdk/hotspot/src/share/vm/prims/jvm.cpp:1284
Event: 17.830 Thread 0x00007f391087d000 Threw 0x00000000dd6eb1c0 at /build/buildd/openjdk-7-7u71-2.5.3/build/openjdk/hotspot/src/share/vm/prims/jvm.cpp:1284
Event: 17.830 Thread 0x00007f391087d000 Threw 0x00000000dd6ed728 at /build/buildd/openjdk-7-7u71-2.5.3/build/openjdk/hotspot/src/share/vm/prims/jvm.cpp:1284
Event: 17.830 Thread 0x00007f391087d000 Threw 0x00000000dd6ee1c8 at /build/buildd/openjdk-7-7u71-2.5.3/build/openjdk/hotspot/src/share/vm/prims/jvm.cpp:1284
Event: 17.830 Thread 0x00007f391087d000 Threw 0x00000000dd6f1640 at /build/buildd/openjdk-7-7u71-2.5.3/build/openjdk/hotspot/src/share/vm/prims/jvm.cpp:1284
Event: 17.830 Thread 0x00007f391087d000 Threw 0x00000000dd6f2090 at /build/buildd/openjdk-7-7u71-2.5.3/build/openjdk/hotspot/src/share/vm/prims/jvm.cpp:1284
Event: 17.831 Thread 0x00007f391087d000 Threw 0x00000000dd6f4360 at /build/buildd/openjdk-7-7u71-2.5.3/build/openjdk/hotspot/src/share/vm/prims/jvm.cpp:1284
Event: 17.831 Thread 0x00007f391087d000 Threw 0x00000000dd6f4d78 at /build/buildd/openjdk-7-7u71-2.5.3/build/openjdk/hotspot/src/share/vm/prims/jvm.cpp:1284

Events (10 events):
Event: 17.825 loading class 0x00007f38f8491cc0 done
Event: 17.830 loading class 0x00007f38f8491870
Event: 17.830 loading class 0x00007f38f8491870 done
Event: 17.830 loading class 0x00007f38f842ea00
Event: 17.830 loading class 0x00007f38f842ea00 done
Event: 17.830 loading class 0x00007f38f84969f0
Event: 17.830 loading class 0x00007f38f84969f0 done
Event: 17.831 loading class 0x00007f38f83285d0
Event: 17.831 loading class 0x00007f38f83285d0 done
Event: 17.831 Executing VM operation: GenCollectForPermanentAllocation


Dynamic libraries:
00400000-00401000 r-xp 00000000 fd:01 939968                             /usr/lib/jvm/java-7-openjdk-amd64/jre/bin/java
00600000-00601000 r--p 00000000 fd:01 939968                             /usr/lib/jvm/java-7-openjdk-amd64/jre/bin/java
00601000-00602000 rw-p 00001000 fd:01 939968                             /usr/lib/jvm/java-7-openjdk-amd64/jre/bin/java
02506000-02527000 rw-p 00000000 00:00 0                                  [heap]
d9800000-dfaa0000 rw-p 00000000 00:00 0 
dfaa0000-e2e00000 rw-p 00000000 00:00 0 
e2e00000-ef332000 rw-p 00000000 00:00 0 
f5a00000-f9460000 rw-p 00000000 00:00 0 
f9460000-100000000 rw-p 00000000 00:00 0 
7f38f0000000-7f38f0b85000 rw-p 00000000 00:00 0 
7f38f0b85000-7f38f4000000 ---p 00000000 00:00 0 
7f38f4000000-7f38f4021000 rw-p 00000000 00:00 0 
7f38f4021000-7f38f8000000 ---p 00000000 00:00 0 
7f38f8000000-7f38f84b9000 rw-p 00000000 00:00 0 
7f38f84b9000-7f38fc000000 ---p 00000000 00:00 0 
7f38fc000000-7f38fc7ae000 rw-p 00000000 00:00 0 
7f38fc7ae000-7f3900000000 ---p 00000000 00:00 0 
7f3900000000-7f3900021000 rw-p 00000000 00:00 0 
7f3900021000-7f3904000000 ---p 00000000 00:00 0 
7f3904000000-7f3904021000 rw-p 00000000 00:00 0 
7f3904021000-7f3908000000 ---p 00000000 00:00 0 
7f3908000000-7f3908355000 rw-p 00000000 00:00 0 
7f3908355000-7f390c000000 ---p 00000000 00:00 0 
7f390c7a1000-7f390c8cf000 r--s 011d3000 fd:01 787194                     /srv/minecraft/minecraft_server/craftbukkit.jar
7f390c8cf000-7f390c8d2000 ---p 00000000 00:00 0 
7f390c8d2000-7f390c9d0000 rw-p 00000000 00:00 0                          [stack:5811]
7f390c9d0000-7f390c9d5000 r-xp 00000000 fd:01 393583                     /lib/x86_64-linux-gnu/libnss_dns-2.19.so
7f390c9d5000-7f390cbd4000 ---p 00005000 fd:01 393583                     /lib/x86_64-linux-gnu/libnss_dns-2.19.so
7f390cbd4000-7f390cbd5000 r--p 00004000 fd:01 393583                     /lib/x86_64-linux-gnu/libnss_dns-2.19.so
7f390cbd5000-7f390cbd6000 rw-p 00005000 fd:01 393583                     /lib/x86_64-linux-gnu/libnss_dns-2.19.so
7f390cbd6000-7f390ccfd000 r--s 013c7000 fd:01 787302                     /srv/minecraft/minecraft_server/plugins/purugin-0.7.1-bukkit-1.7.2-R0.3.jar
7f390ccfd000-7f390cd00000 ---p 00000000 00:00 0 
7f390cd00000-7f390cdfe000 rw-p 00000000 00:00 0 
7f390cdfe000-7f390ce01000 ---p 00000000 00:00 0 
7f390ce01000-7f390ceff000 rw-p 00000000 00:00 0                          [stack:5809]
7f390ceff000-7f390cf02000 ---p 00000000 00:00 0 
7f390cf02000-7f390d000000 rw-p 00000000 00:00 0                          [stack:5806]
7f390d000000-7f390d270000 rwxp 00000000 00:00 0 
7f390d270000-7f3910883000 rw-p 00000000 00:00 0 
7f3910883000-7f3914000000 ---p 00000000 00:00 0 
7f3914023000-7f3914026000 ---p 00000000 00:00 0 
7f3914026000-7f3914124000 rw-p 00000000 00:00 0                          [stack:5805]
7f3914124000-7f3914127000 ---p 00000000 00:00 0 
7f3914127000-7f3914225000 rw-p 00000000 00:00 0                          [stack:5804]
7f3914225000-7f3914228000 ---p 00000000 00:00 0 
7f3914228000-7f3914326000 rw-p 00000000 00:00 0                          [stack:5803]
7f3914326000-7f3914329000 ---p 00000000 00:00 0 
7f3914329000-7f391435f000 rw-p 00000000 00:00 0                          [stack:5802]
7f391435f000-7f3914362000 ---p 00000000 00:00 0 
7f3914362000-7f3914460000 rw-p 00000000 00:00 0                          [stack:5800]
7f3914460000-7f3914470000 r-xp 00000000 fd:01 939889                     /usr/lib/jvm/java-7-openjdk-amd64/jre/lib/amd64/libnio.so
7f3914470000-7f3914670000 ---p 00010000 fd:01 939889                     /usr/lib/jvm/java-7-openjdk-amd64/jre/lib/amd64/libnio.so
7f3914670000-7f3914671000 r--p 00010000 fd:01 939889                     /usr/lib/jvm/java-7-openjdk-amd64/jre/lib/amd64/libnio.so
7f3914671000-7f3914672000 rw-p 00011000 fd:01 939889                     /usr/lib/jvm/java-7-openjdk-amd64/jre/lib/amd64/libnio.so
7f3914672000-7f39146af000 r-xp 00000000 fd:01 393459                     /lib/x86_64-linux-gnu/libpcre.so.3.13.1
7f39146af000-7f39148ae000 ---p 0003d000 fd:01 393459                     /lib/x86_64-linux-gnu/libpcre.so.3.13.1
7f39148ae000-7f39148af000 r--p 0003c000 fd:01 393459                     /lib/x86_64-linux-gnu/libpcre.so.3.13.1
7f39148af000-7f39148b0000 rw-p 0003d000 fd:01 393459                     /lib/x86_64-linux-gnu/libpcre.so.3.13.1
7f39148b0000-7f39148b7000 r-xp 00000000 fd:01 920338                     /usr/lib/x86_64-linux-gnu/libffi.so.6.0.1
7f39148b7000-7f3914ab6000 ---p 00007000 fd:01 920338                     /usr/lib/x86_64-linux-gnu/libffi.so.6.0.1
7f3914ab6000-7f3914ab7000 r--p 00006000 fd:01 920338                     /usr/lib/x86_64-linux-gnu/libffi.so.6.0.1
7f3914ab7000-7f3914ab8000 rw-p 00007000 fd:01 920338                     /usr/lib/x86_64-linux-gnu/libffi.so.6.0.1
7f3914ab8000-7f3914acf000 r-xp 00000000 fd:01 393396                     /lib/x86_64-linux-gnu/libresolv-2.19.so
7f3914acf000-7f3914ccf000 ---p 00017000 fd:01 393396                     /lib/x86_64-linux-gnu/libresolv-2.19.so
7f3914ccf000-7f3914cd0000 r--p 00017000 fd:01 393396                     /lib/x86_64-linux-gnu/libresolv-2.19.so
7f3914cd0000-7f3914cd1000 rw-p 00018000 fd:01 393396                     /lib/x86_64-linux-gnu/libresolv-2.19.so
7f3914cd1000-7f3914cd3000 rw-p 00000000 00:00 0 
7f3914cd3000-7f3914cf3000 r-xp 00000000 fd:01 393377                     /lib/x86_64-linux-gnu/libselinux.so.1
7f3914cf3000-7f3914ef2000 ---p 00020000 fd:01 393377                     /lib/x86_64-linux-gnu/libselinux.so.1
7f3914ef2000-7f3914ef3000 r--p 0001f000 fd:01 393377                     /lib/x86_64-linux-gnu/libselinux.so.1
7f3914ef3000-7f3914ef4000 rw-p 00020000 fd:01 393377                     /lib/x86_64-linux-gnu/libselinux.so.1
7f3914ef4000-7f3914ef6000 rw-p 00000000 00:00 0 
7f3914ef6000-7f3914ef9000 r-xp 00000000 fd:01 929358                     /usr/lib/x86_64-linux-gnu/libgmodule-2.0.so.0.4000.0
7f3914ef9000-7f39150f8000 ---p 00003000 fd:01 929358                     /usr/lib/x86_64-linux-gnu/libgmodule-2.0.so.0.4000.0
7f39150f8000-7f39150f9000 r--p 00002000 fd:01 929358                     /usr/lib/x86_64-linux-gnu/libgmodule-2.0.so.0.4000.0
7f39150f9000-7f39150fa000 rw-p 00003000 fd:01 929358                     /usr/lib/x86_64-linux-gnu/libgmodule-2.0.so.0.4000.0
7f39150fa000-7f3915200000 r-xp 00000000 fd:01 398033                     /lib/x86_64-linux-gnu/libglib-2.0.so.0.4000.0
7f3915200000-7f39153ff000 ---p 00106000 fd:01 398033                     /lib/x86_64-linux-gnu/libglib-2.0.so.0.4000.0
7f39153ff000-7f3915400000 r--p 00105000 fd:01 398033                     /lib/x86_64-linux-gnu/libglib-2.0.so.0.4000.0
7f3915400000-7f3915401000 rw-p 00106000 fd:01 398033                     /lib/x86_64-linux-gnu/libglib-2.0.so.0.4000.0
7f3915401000-7f3915402000 rw-p 00000000 00:00 0 
7f3915402000-7f3915451000 r-xp 00000000 fd:01 929356                     /usr/lib/x86_64-linux-gnu/libgobject-2.0.so.0.4000.0
7f3915451000-7f3915651000 ---p 0004f000 fd:01 929356                     /usr/lib/x86_64-linux-gnu/libgobject-2.0.so.0.4000.0
7f3915651000-7f3915652000 r--p 0004f000 fd:01 929356                     /usr/lib/x86_64-linux-gnu/libgobject-2.0.so.0.4000.0
7f3915652000-7f3915653000 rw-p 00050000 fd:01 929356                     /usr/lib/x86_64-linux-gnu/libgobject-2.0.so.0.4000.0
7f3915653000-7f39157be000 r-xp 00000000 fd:01 929357                     /usr/lib/x86_64-linux-gnu/libgio-2.0.so.0.4000.0
7f39157be000-7f39159be000 ---p 0016b000 fd:01 929357                     /usr/lib/x86_64-linux-gnu/libgio-2.0.so.0.4000.0
7f39159be000-7f39159c2000 r--p 0016b000 fd:01 929357                     /usr/lib/x86_64-linux-gnu/libgio-2.0.so.0.4000.0
7f39159c2000-7f39159c4000 rw-p 0016f000 fd:01 929357                     /usr/lib/x86_64-linux-gnu/libgio-2.0.so.0.4000.0
7f39159c4000-7f39159c6000 rw-p 00000000 00:00 0 
7f39159c6000-7f39159dd000 r-xp 00000000 fd:01 939874                     /usr/lib/jvm/java-7-openjdk-amd64/jre/lib/amd64/libnet.so
7f39159dd000-7f3915bdc000 ---p 00017000 fd:01 939874                     /usr/lib/jvm/java-7-openjdk-amd64/jre/lib/amd64/libnet.so
7f3915bdc000-7f3915bdd000 r--p 00016000 fd:01 939874                     /usr/lib/jvm/java-7-openjdk-amd64/jre/lib/amd64/libnet.so
7f3915bdd000-7f3915bde000 rw-p 00017000 fd:01 939874                     /usr/lib/jvm/java-7-openjdk-amd64/jre/lib/amd64/libnet.so
7f3915bde000-7f3915be6000 r-xp 00000000 fd:01 939890                     /usr/lib/jvm/java-7-openjdk-amd64/jre/lib/amd64/libmanagement.so
7f3915be6000-7f3915de5000 ---p 00008000 fd:01 939890                     /usr/lib/jvm/java-7-openjdk-amd64/jre/lib/amd64/libmanagement.so
7f3915de5000-7f3915de6000 r--p 00007000 fd:01 939890                     /usr/lib/jvm/java-7-openjdk-amd64/jre/lib/amd64/libmanagement.so
7f3915de6000-7f3915de7000 rw-p 00008000 fd:01 939890                     /usr/lib/jvm/java-7-openjdk-amd64/jre/lib/amd64/libmanagement.so
7f3915de7000-7f3915f15000 r--s 011d3000 fd:01 787194                     /srv/minecraft/minecraft_server/craftbukkit.jar
7f3915f15000-7f3915f16000 ---p 00000000 00:00 0 
7f3915f16000-7f3916016000 rw-p 00000000 00:00 0                          [stack:5799]
7f3916016000-7f3916019000 ---p 00000000 00:00 0 
7f3916019000-7f3916117000 rw-p 00000000 00:00 0                          [stack:5798]
7f3916117000-7f391611a000 ---p 00000000 00:00 0 
7f391611a000-7f3916218000 rw-p 00000000 00:00 0                          [stack:5797]
7f3916218000-7f391621b000 ---p 00000000 00:00 0 
7f391621b000-7f3916319000 rw-p 00000000 00:00 0                          [stack:5796]
7f3916319000-7f391631c000 ---p 00000000 00:00 0 
7f391631c000-7f391641a000 rw-p 00000000 00:00 0                          [stack:5795]
7f391641a000-7f391641d000 ---p 00000000 00:00 0 
7f391641d000-7f391651b000 rw-p 00000000 00:00 0                          [stack:5794]
7f391651b000-7f391651e000 ---p 00000000 00:00 0 
7f391651e000-7f391661c000 rw-p 00000000 00:00 0                          [stack:5793]
7f391661c000-7f391661d000 ---p 00000000 00:00 0 
7f391661d000-7f3916766000 rw-p 00000000 00:00 0                          [stack:5792]
7f3916766000-7f3916917000 r--s 01d25000 fd:01 939937                     /usr/lib/jvm/java-7-openjdk-amd64/jre/lib/rt.jar
7f3916917000-7f3916a06000 rw-p 00000000 00:00 0 
7f3916a06000-7f3916a3c000 rw-p 00000000 00:00 0 
7f3916a3c000-7f3916a9f000 rw-p 00000000 00:00 0 
7f3916a9f000-7f3916ad3000 rw-p 00000000 00:00 0 
7f3916ad3000-7f3916b05000 rw-p 00000000 00:00 0 
7f3916b05000-7f3916b1e000 rw-p 00000000 00:00 0 
7f3916b1e000-7f3916b81000 rw-p 00000000 00:00 0 
7f3916b81000-7f3916bb4000 rw-p 00000000 00:00 0 
7f3916bb4000-7f3916bd2000 rw-p 00000000 00:00 0 
7f3916bd2000-7f3916c07000 rw-p 00000000 00:00 0 
7f3916c07000-7f3916c08000 rw-p 00000000 00:00 0 
7f3916c08000-7f3916c10000 r-xp 00000000 fd:01 939866                     /usr/lib/jvm/java-7-openjdk-amd64/jre/lib/amd64/libzip.so
7f3916c10000-7f3916e0f000 ---p 00008000 fd:01 939866                     /usr/lib/jvm/java-7-openjdk-amd64/jre/lib/amd64/libzip.so
7f3916e0f000-7f3916e10000 r--p 00007000 fd:01 939866                     /usr/lib/jvm/java-7-openjdk-amd64/jre/lib/amd64/libzip.so
7f3916e10000-7f3916e11000 rw-p 00008000 fd:01 939866                     /usr/lib/jvm/java-7-openjdk-amd64/jre/lib/amd64/libzip.so
7f3916e11000-7f3916e1c000 r-xp 00000000 fd:01 393625                     /lib/x86_64-linux-gnu/libnss_files-2.19.so
7f3916e1c000-7f391701b000 ---p 0000b000 fd:01 393625                     /lib/x86_64-linux-gnu/libnss_files-2.19.so
7f391701b000-7f391701c000 r--p 0000a000 fd:01 393625                     /lib/x86_64-linux-gnu/libnss_files-2.19.so
7f391701c000-7f391701d000 rw-p 0000b000 fd:01 393625                     /lib/x86_64-linux-gnu/libnss_files-2.19.so
7f391701d000-7f3917028000 r-xp 00000000 fd:01 393627                     /lib/x86_64-linux-gnu/libnss_nis-2.19.so
7f3917028000-7f3917227000 ---p 0000b000 fd:01 393627                     /lib/x86_64-linux-gnu/libnss_nis-2.19.so
7f3917227000-7f3917228000 r--p 0000a000 fd:01 393627                     /lib/x86_64-linux-gnu/libnss_nis-2.19.so
7f3917228000-7f3917229000 rw-p 0000b000 fd:01 393627                     /lib/x86_64-linux-gnu/libnss_nis-2.19.so
7f3917229000-7f3917240000 r-xp 00000000 fd:01 393398                     /lib/x86_64-linux-gnu/libnsl-2.19.so
7f3917240000-7f391743f000 ---p 00017000 fd:01 393398                     /lib/x86_64-linux-gnu/libnsl-2.19.so
7f391743f000-7f3917440000 r--p 00016000 fd:01 393398                     /lib/x86_64-linux-gnu/libnsl-2.19.so
7f3917440000-7f3917441000 rw-p 00017000 fd:01 393398                     /lib/x86_64-linux-gnu/libnsl-2.19.so
7f3917441000-7f3917443000 rw-p 00000000 00:00 0 
7f3917443000-7f391744c000 r-xp 00000000 fd:01 393378                     /lib/x86_64-linux-gnu/libnss_compat-2.19.so
7f391744c000-7f391764b000 ---p 00009000 fd:01 393378                     /lib/x86_64-linux-gnu/libnss_compat-2.19.so
7f391764b000-7f391764c000 r--p 00008000 fd:01 393378                     /lib/x86_64-linux-gnu/libnss_compat-2.19.so
7f391764c000-7f391764d000 rw-p 00009000 fd:01 393378                     /lib/x86_64-linux-gnu/libnss_compat-2.19.so
7f391764d000-7f3917678000 r-xp 00000000 fd:01 939873                     /usr/lib/jvm/java-7-openjdk-amd64/jre/lib/amd64/libjava.so
7f3917678000-7f3917877000 ---p 0002b000 fd:01 939873                     /usr/lib/jvm/java-7-openjdk-amd64/jre/lib/amd64/libjava.so
7f3917877000-7f3917878000 r--p 0002a000 fd:01 939873                     /usr/lib/jvm/java-7-openjdk-amd64/jre/lib/amd64/libjava.so
7f3917878000-7f391787a000 rw-p 0002b000 fd:01 939873                     /usr/lib/jvm/java-7-openjdk-amd64/jre/lib/amd64/libjava.so
7f391787a000-7f391788a000 r-xp 00000000 fd:01 939888                     /usr/lib/jvm/java-7-openjdk-amd64/jre/lib/amd64/libverify.so
7f391788a000-7f3917a89000 ---p 00010000 fd:01 939888                     /usr/lib/jvm/java-7-openjdk-amd64/jre/lib/amd64/libverify.so
7f3917a89000-7f3917a8b000 r--p 0000f000 fd:01 939888                     /usr/lib/jvm/java-7-openjdk-amd64/jre/lib/amd64/libverify.so
7f3917a8b000-7f3917a8c000 rw-p 00011000 fd:01 939888                     /usr/lib/jvm/java-7-openjdk-amd64/jre/lib/amd64/libverify.so
7f3917a8c000-7f3917a93000 r-xp 00000000 fd:01 393482                     /lib/x86_64-linux-gnu/librt-2.19.so
7f3917a93000-7f3917c92000 ---p 00007000 fd:01 393482                     /lib/x86_64-linux-gnu/librt-2.19.so
7f3917c92000-7f3917c93000 r--p 00006000 fd:01 393482                     /lib/x86_64-linux-gnu/librt-2.19.so
7f3917c93000-7f3917c94000 rw-p 00007000 fd:01 393482                     /lib/x86_64-linux-gnu/librt-2.19.so
7f3917c94000-7f3917caa000 r-xp 00000000 fd:01 393365                     /lib/x86_64-linux-gnu/libgcc_s.so.1
7f3917caa000-7f3917ea9000 ---p 00016000 fd:01 393365                     /lib/x86_64-linux-gnu/libgcc_s.so.1
7f3917ea9000-7f3917eaa000 rw-p 00015000 fd:01 393365                     /lib/x86_64-linux-gnu/libgcc_s.so.1
7f3917eaa000-7f3917faf000 r-xp 00000000 fd:01 393618                     /lib/x86_64-linux-gnu/libm-2.19.so
7f3917faf000-7f39181ae000 ---p 00105000 fd:01 393618                     /lib/x86_64-linux-gnu/libm-2.19.so
7f39181ae000-7f39181af000 r--p 00104000 fd:01 393618                     /lib/x86_64-linux-gnu/libm-2.19.so
7f39181af000-7f39181b0000 rw-p 00105000 fd:01 393618                     /lib/x86_64-linux-gnu/libm-2.19.so
7f39181b0000-7f3918296000 r-xp 00000000 fd:01 920378                     /usr/lib/x86_64-linux-gnu/libstdc++.so.6.0.19
7f3918296000-7f3918495000 ---p 000e6000 fd:01 920378                     /usr/lib/x86_64-linux-gnu/libstdc++.so.6.0.19
7f3918495000-7f391849d000 r--p 000e5000 fd:01 920378                     /usr/lib/x86_64-linux-gnu/libstdc++.so.6.0.19
7f391849d000-7f391849f000 rw-p 000ed000 fd:01 920378                     /usr/lib/x86_64-linux-gnu/libstdc++.so.6.0.19
7f391849f000-7f39184b4000 rw-p 00000000 00:00 0 
7f39184b4000-7f3918fca000 r-xp 00000000 fd:01 939895                     /usr/lib/jvm/java-7-openjdk-amd64/jre/lib/amd64/server/libjvm.so
7f3918fca000-7f39191c9000 ---p 00b16000 fd:01 939895                     /usr/lib/jvm/java-7-openjdk-amd64/jre/lib/amd64/server/libjvm.so
7f39191c9000-7f3919263000 r--p 00b15000 fd:01 939895                     /usr/lib/jvm/java-7-openjdk-amd64/jre/lib/amd64/server/libjvm.so
7f3919263000-7f3919286000 rw-p 00baf000 fd:01 939895                     /usr/lib/jvm/java-7-openjdk-amd64/jre/lib/amd64/server/libjvm.so
7f3919286000-7f39192b4000 rw-p 00000000 00:00 0 
7f39192b4000-7f39192cc000 r-xp 00000000 fd:01 393502                     /lib/x86_64-linux-gnu/libz.so.1.2.8
7f39192cc000-7f39194cb000 ---p 00018000 fd:01 393502                     /lib/x86_64-linux-gnu/libz.so.1.2.8
7f39194cb000-7f39194cc000 r--p 00017000 fd:01 393502                     /lib/x86_64-linux-gnu/libz.so.1.2.8
7f39194cc000-7f39194cd000 rw-p 00018000 fd:01 393502                     /lib/x86_64-linux-gnu/libz.so.1.2.8
7f39194cd000-7f39194e6000 r-xp 00000000 fd:01 395321                     /lib/x86_64-linux-gnu/libpthread-2.19.so
7f39194e6000-7f39196e5000 ---p 00019000 fd:01 395321                     /lib/x86_64-linux-gnu/libpthread-2.19.so
7f39196e5000-7f39196e6000 r--p 00018000 fd:01 395321                     /lib/x86_64-linux-gnu/libpthread-2.19.so
7f39196e6000-7f39196e7000 rw-p 00019000 fd:01 395321                     /lib/x86_64-linux-gnu/libpthread-2.19.so
7f39196e7000-7f39196eb000 rw-p 00000000 00:00 0 
7f39196eb000-7f39196ee000 r-xp 00000000 fd:01 393633                     /lib/x86_64-linux-gnu/libdl-2.19.so
7f39196ee000-7f39198ed000 ---p 00003000 fd:01 393633                     /lib/x86_64-linux-gnu/libdl-2.19.so
7f39198ed000-7f39198ee000 r--p 00002000 fd:01 393633                     /lib/x86_64-linux-gnu/libdl-2.19.so
7f39198ee000-7f39198ef000 rw-p 00003000 fd:01 393633                     /lib/x86_64-linux-gnu/libdl-2.19.so
7f39198ef000-7f3919aaa000 r-xp 00000000 fd:01 393589                     /lib/x86_64-linux-gnu/libc-2.19.so
7f3919aaa000-7f3919caa000 ---p 001bb000 fd:01 393589                     /lib/x86_64-linux-gnu/libc-2.19.so
7f3919caa000-7f3919cae000 r--p 001bb000 fd:01 393589                     /lib/x86_64-linux-gnu/libc-2.19.so
7f3919cae000-7f3919cb0000 rw-p 001bf000 fd:01 393589                     /lib/x86_64-linux-gnu/libc-2.19.so
7f3919cb0000-7f3919cb5000 rw-p 00000000 00:00 0 
7f3919cb5000-7f3919cc2000 r-xp 00000000 fd:01 939871                     /usr/lib/jvm/java-7-openjdk-amd64/jre/lib/amd64/jli/libjli.so
7f3919cc2000-7f3919ec1000 ---p 0000d000 fd:01 939871                     /usr/lib/jvm/java-7-openjdk-amd64/jre/lib/amd64/jli/libjli.so
7f3919ec1000-7f3919ec2000 r--p 0000c000 fd:01 939871                     /usr/lib/jvm/java-7-openjdk-amd64/jre/lib/amd64/jli/libjli.so
7f3919ec2000-7f3919ec3000 rw-p 0000d000 fd:01 939871                     /usr/lib/jvm/java-7-openjdk-amd64/jre/lib/amd64/jli/libjli.so
7f3919ec3000-7f3919ee6000 r-xp 00000000 fd:01 393590                     /lib/x86_64-linux-gnu/ld-2.19.so
7f3919eef000-7f3919ef2000 r--s 00017000 fd:01 939916                     /usr/lib/jvm/java-7-openjdk-amd64/jre/lib/jce.jar
7f3919ef2000-7f3919ef7000 r--s 0004c000 fd:01 939914                     /usr/lib/jvm/java-7-openjdk-amd64/jre/lib/jsse.jar
7f3919ef7000-7f3919f00000 r--s 000b9000 fd:01 939857                     /usr/lib/jvm/java-7-openjdk-amd64/jre/lib/resources.jar
7f3919f00000-7f3919f04000 r--s 0003c000 fd:01 939933                     /usr/lib/jvm/java-7-openjdk-amd64/jre/lib/ext/sunpkcs11.jar
7f3919f04000-7f3919f08000 r--s 00085000 fd:01 939934                     /usr/lib/jvm/java-7-openjdk-amd64/jre/lib/ext/localedata.jar
7f3919f08000-7f3919f0c000 r--s 00034000 fd:01 939935                     /usr/lib/jvm/java-7-openjdk-amd64/jre/lib/ext/sunjce_provider.jar
7f3919f0c000-7f3919f0f000 r--s 0000f000 fd:01 939931                     /usr/lib/jvm/java-7-openjdk-amd64/jre/lib/ext/icedtea-sound.jar
7f3919f0f000-7f3919f19000 rw-p 00000000 00:00 0 
7f3919f19000-7f3919fcf000 rw-p 00000000 00:00 0 
7f3919fcf000-7f3919fd7000 rw-s 00000000 fd:01 274152                     /tmp/hsperfdata_minecraft/5789
7f3919fd7000-7f3919fda000 ---p 00000000 00:00 0 
7f3919fda000-7f391a0de000 rw-p 00000000 00:00 0                          [stack:5791]
7f391a0de000-7f391a0df000 r--s 00002000 fd:01 939936                     /usr/lib/jvm/java-7-openjdk-amd64/jre/lib/ext/dnsns.jar
7f391a0df000-7f391a0e1000 r--s 00012000 fd:01 939932                     /usr/lib/jvm/java-7-openjdk-amd64/jre/lib/ext/zipfs.jar
7f391a0e1000-7f391a0e2000 rw-p 00000000 00:00 0 
7f391a0e2000-7f391a0e3000 ---p 00000000 00:00 0 
7f391a0e3000-7f391a0e5000 rw-p 00000000 00:00 0 
7f391a0e5000-7f391a0e6000 r--p 00022000 fd:01 393590                     /lib/x86_64-linux-gnu/ld-2.19.so
7f391a0e6000-7f391a0e7000 rw-p 00023000 fd:01 393590                     /lib/x86_64-linux-gnu/ld-2.19.so
7f391a0e7000-7f391a0e8000 rw-p 00000000 00:00 0 
7fff5c091000-7fff5c0b2000 rw-p 00000000 00:00 0                          [stack]
7fff5c126000-7fff5c128000 r-xp 00000000 00:00 0                          [vdso]
ffffffffff600000-ffffffffff601000 r-xp 00000000 00:00 0                  [vsyscall]

VM Arguments:
jvm_args: -Xms32M -Xmx450M 
java_command: craftbukkit.jar nogui
Launcher Type: SUN_STANDARD

Environment Variables:
PATH=/usr/local/sbin:/usr/local/bin:/usr/bin:/usr/sbin:/sbin:/bin

Signal Handlers:
SIGSEGV: [libjvm.so+0x9495e0], sa_mask[0]=0x7ffbfeff, sa_flags=0x10000004
SIGBUS: [libjvm.so+0x9495e0], sa_mask[0]=0x7ffbfeff, sa_flags=0x10000004
SIGFPE: [libjvm.so+0x7c3410], sa_mask[0]=0x7ffbfeff, sa_flags=0x10000004
SIGPIPE: [libjvm.so+0x7c3410], sa_mask[0]=0x7ffbfeff, sa_flags=0x10000004
SIGXFSZ: [libjvm.so+0x7c3410], sa_mask[0]=0x7ffbfeff, sa_flags=0x10000004
SIGILL: [libjvm.so+0x7c3410], sa_mask[0]=0x7ffbfeff, sa_flags=0x10000004
SIGUSR1: SIG_DFL, sa_mask[0]=0x00000000, sa_flags=0x00000000
SIGUSR2: [libjvm.so+0x7c32b0], sa_mask[0]=0x00000000, sa_flags=0x10000004
SIGHUP: [libjvm.so+0x7c3490], sa_mask[0]=0x7ffbfeff, sa_flags=0x10000004
SIGINT: [libjvm.so+0x7c3490], sa_mask[0]=0x7ffbfeff, sa_flags=0x10000004
SIGTERM: [libjvm.so+0x7c3490], sa_mask[0]=0x7ffbfeff, sa_flags=0x10000004
SIGQUIT: [libjvm.so+0x7c3490], sa_mask[0]=0x7ffbfeff, sa_flags=0x10000004
SIGTRAP: SIG_DFL, sa_mask[0]=0x00000000, sa_flags=0x00000000


---------------  S Y S T E M  ---------------

OS:Ubuntu 14.04 (trusty)
uname:Linux 3.13.0-37-generic #64-Ubuntu SMP Mon Sep 22 21:28:38 UTC 2014 x86_64
libc:glibc 2.19 NPTL 2.19 
rlimit: STACK 8192k, CORE 0k, NPROC 3750, NOFILE 4096, AS infinity
load average:2.26 0.99 0.44

/proc/meminfo:
MemTotal:         501808 kB
MemFree:            4800 kB
Buffers:             356 kB
Cached:            56080 kB
SwapCached:            0 kB
Active:           441284 kB
Inactive:          28088 kB
Active(anon):     413076 kB
Inactive(anon):      236 kB
Active(file):      28208 kB
Inactive(file):    27852 kB
Unevictable:           0 kB
Mlocked:               0 kB
SwapTotal:             0 kB
SwapFree:              0 kB
Dirty:                32 kB
Writeback:             0 kB
AnonPages:        413012 kB
Mapped:            15384 kB
Shmem:               324 kB
Slab:              14672 kB
SReclaimable:       7340 kB
SUnreclaim:         7332 kB
KernelStack:         696 kB
PageTables:         2616 kB
NFS_Unstable:          0 kB
Bounce:                0 kB
WritebackTmp:          0 kB
CommitLimit:      250904 kB
Committed_AS:     430972 kB
VmallocTotal:   34359738367 kB
VmallocUsed:        7884 kB
VmallocChunk:   34359721788 kB
HardwareCorrupted:     0 kB
AnonHugePages:         0 kB
HugePages_Total:       0
HugePages_Free:        0
HugePages_Rsvd:        0
HugePages_Surp:        0
Hugepagesize:       2048 kB
DirectMap4k:       36856 kB
DirectMap2M:      487424 kB
DirectMap1G:           0 kB


CPU:total 1 (1 cores per cpu, 1 threads per core) family 6 model 62 stepping 4, cmov, cx8, fxsr, mmx, sse, sse2, sse3, ssse3, sse4.1, sse4.2, popcnt, avx, aes, erms, tsc

/proc/cpuinfo:
processor	: 0
vendor_id	: GenuineIntel
cpu family	: 6
model		: 62
model name	: Intel(R) Xeon(R) CPU E5-2630L v2 @ 2.40GHz
stepping	: 4
microcode	: 0x1
cpu MHz		: 2399.998
cache size	: 15360 KB
physical id	: 0
siblings	: 1
core id		: 0
cpu cores	: 1
apicid		: 0
initial apicid	: 0
fpu		: yes
fpu_exception	: yes
cpuid level	: 13
wp		: yes
flags		: fpu vme de pse tsc msr pae mce cx8 apic sep mtrr pge mca cmov pat pse36 clflush mmx fxsr sse sse2 ss syscall nx pdpe1gb rdtscp lm constant_tsc arch_perfmon rep_good nopl eagerfpu pni pclmulqdq vmx ssse3 cx16 pcid sse4_1 sse4_2 x2apic popcnt tsc_deadline_timer aes xsave avx f16c rdrand hypervisor lahf_lm xsaveopt vnmi ept fsgsbase tsc_adjust smep erms
bogomips	: 4799.99
clflush size	: 64
cache_alignment	: 64
address sizes	: 40 bits physical, 48 bits virtual
power management:



Memory: 4k page, physical 501808k(4800k free), swap 0k(0k free)

vm_info: OpenJDK 64-Bit Server VM (24.65-b04) for linux-amd64 JRE (1.7.0_65-b32), built on Oct 22 2014 04:37:44 by "buildd" with gcc 4.8.2

time: Thu Nov 27 09:17:46 2014
elapsed time: 18 seconds

