#
# There is insufficient memory for the Java Runtime Environment to continue.
# Native memory allocation (malloc) failed to allocate 105054208 bytes for committing reserved memory.
# Possible reasons:
#   The system is out of physical RAM or swap space
#   In 32 bit mode, the process size limit was hit
# Possible solutions:
#   Reduce memory load on the system
#   Increase physical memory or swap space
#   Check if swap backing store is full
#   Use 64 bit Java on a 64 bit OS
#   Decrease Java heap size (-Xmx/-Xms)
#   Decrease number of Java threads
#   Decrease Java thread stack sizes (-Xss)
#   Set larger code cache with -XX:ReservedCodeCacheSize=
# This output file may be truncated or incomplete.
#
#  Out of Memory Error (os_linux.cpp:2798), pid=5815, tid=139638798808832
#
# JRE version: OpenJDK Runtime Environment (7.0_65-b32) (build 1.7.0_65-b32)
# Java VM: OpenJDK 64-Bit Server VM (24.65-b04 mixed mode linux-amd64 compressed oops)
# Derivative: IcedTea 2.5.3
# Distribution: Ubuntu 14.04 LTS, package 7u71-2.5.3-0ubuntu0.14.04.1
# Failed to write core dump. Core dumps have been disabled. To enable core dumping, try "ulimit -c unlimited" before starting Java again
#

---------------  T H R E A D  ---------------

Current thread (0x00007f0034092800):  VMThread [stack: 0x00007f0030eff000,0x00007f0031000000] [id=5818]

Stack: [0x00007f0030eff000,0x00007f0031000000],  sp=0x00007f0030ffe590,  free space=1021k
Native frames: (J=compiled Java code, j=interpreted, Vv=VM code, C=native code)
V  [libjvm.so+0x948b05]  VMError::report_and_die()+0x175
V  [libjvm.so+0x48bc34]  report_vm_out_of_memory(char const*, int, unsigned long, char const*)+0x74
V  [libjvm.so+0x7c7bfb]  os::pd_commit_memory(char*, unsigned long, unsigned long, bool)+0xeb
V  [libjvm.so+0x7c26bf]  os::commit_memory(char*, unsigned long, unsigned long, bool)+0x1f
V  [libjvm.so+0x9459f4]  VirtualSpace::expand_by(unsigned long, bool)+0x1c4
V  [libjvm.so+0x561b1e]  OneContigSpaceCardGeneration::grow_by(unsigned long)+0x1e
V  [libjvm.so+0x561e66]  OneContigSpaceCardGeneration::expand(unsigned long, unsigned long)+0x96
V  [libjvm.so+0x5535f0]  GenCollectedHeap::do_collection(bool, bool, unsigned long, bool, int)+0x7a0
V  [libjvm.so+0x425812]  GenCollectorPolicy::satisfy_failed_allocation(unsigned long, bool)+0xb2
V  [libjvm.so+0x949e01]  VM_GenCollectForAllocation::doit()+0x81
V  [libjvm.so+0x94e9f7]  VM_Operation::evaluate()+0x47
V  [libjvm.so+0x94d368]  VMThread::evaluate_operation(VM_Operation*)+0x318
V  [libjvm.so+0x94d7c9]  VMThread::loop()+0x219
V  [libjvm.so+0x94dc12]  VMThread::run()+0x72
V  [libjvm.so+0x7c4ac2]  java_start(Thread*)+0xf2

VM_Operation (0x00007f00129e6850): GenCollectForAllocation, mode: safepoint, requested by thread 0x00007f001c001000


---------------  P R O C E S S  ---------------

Java Threads: ( => current thread )
  0x00007f0028006000 JavaThread "Keep-Alive-Timer" daemon [_thread_blocked, id=5837, stack(0x00007f00121b6000,0x00007f00122b7000)]
  0x00007f001c044000 JavaThread "Netty IO #0" daemon [_thread_blocked, id=5835, stack(0x00007f00126e5000,0x00007f00127e6000)]
  0x00007f001c004800 JavaThread "Thread-5" [_thread_blocked, id=5832, stack(0x00007f00127e6000,0x00007f00128e7000)]
  0x00007f001c001000 JavaThread "Server console handler" daemon [_thread_blocked, id=5831, stack(0x00007f00128e7000,0x00007f00129e8000)]
  0x00007f003400a000 JavaThread "DestroyJavaVM" [_thread_blocked, id=5817, stack(0x00007f003b8fa000,0x00007f003b9fb000)]
  0x00007f0034875800 JavaThread "Server thread" [_thread_blocked, id=5830, stack(0x00007f00129e8000,0x00007f0012ae9000)]
  0x00007f0034874000 JavaThread "Server Infinisleeper" daemon [_thread_blocked, id=5829, stack(0x00007f0012ae9000,0x00007f0012bea000)]
  0x00007f0034803000 JavaThread "process reaper" daemon [_thread_blocked, id=5828, stack(0x00007f0038007000,0x00007f0038040000)]
  0x00007f00342b8000 JavaThread "Snooper Timer" daemon [_thread_blocked, id=5826, stack(0x00007f0012bea000,0x00007f0012ceb000)]
  0x00007f00340cc800 JavaThread "Service Thread" daemon [_thread_blocked, id=5824, stack(0x00007f00308f9000,0x00007f00309fa000)]
  0x00007f00340c9800 JavaThread "C2 CompilerThread1" daemon [_thread_blocked, id=5823, stack(0x00007f00309fa000,0x00007f0030afb000)]
  0x00007f00340c7800 JavaThread "C2 CompilerThread0" daemon [_thread_blocked, id=5822, stack(0x00007f0030afb000,0x00007f0030bfc000)]
  0x00007f00340c5800 JavaThread "Signal Dispatcher" daemon [_thread_blocked, id=5821, stack(0x00007f0030bfc000,0x00007f0030cfd000)]
  0x00007f0034099000 JavaThread "Finalizer" daemon [_thread_blocked, id=5820, stack(0x00007f0030cfd000,0x00007f0030dfe000)]
  0x00007f0034097000 JavaThread "Reference Handler" daemon [_thread_blocked, id=5819, stack(0x00007f0030dfe000,0x00007f0030eff000)]

Other Threads:
=>0x00007f0034092800 VMThread [stack: 0x00007f0030eff000,0x00007f0031000000] [id=5818]
  0x00007f00340d7800 WatcherThread [stack: 0x00007f00307f8000,0x00007f00308f9000] [id=5825]

VM state:at safepoint (normal execution)

VM Mutex/Monitor currently owned by a thread:  ([mutex/lock_event])
[0x00007f0034006360] Threads_lock - owner thread: 0x00007f0034092800
[0x00007f0034006860] Heap_lock - owner thread: 0x00007f001c001000

Heap
 def new generation   total 87488K, used 0K [0x00000000d9800000, 0x00000000df6e0000, 0x00000000e2e00000)
  eden space 77824K,   0% used [0x00000000d9800000, 0x00000000d9800000, 0x00000000de400000)
  from space 9664K,   0% used [0x00000000de400000, 0x00000000de400000, 0x00000000ded70000)
  to   space 9664K,   0% used [0x00000000ded70000, 0x00000000ded70000, 0x00000000df6e0000)
 tenured generation   total 204608K, used 198351K [0x00000000e2e00000, 0x00000000ef5d0000, 0x00000000f5a00000)
   the space 204608K,  96% used [0x00000000e2e00000, 0x00000000eefb3f48, 0x00000000eefb4000, 0x00000000ef5d0000)
 compacting perm gen  total 60096K, used 59902K [0x00000000f5a00000, 0x00000000f94b0000, 0x0000000100000000)
   the space 60096K,  99% used [0x00000000f5a00000, 0x00000000f947fba8, 0x00000000f947fc00, 0x00000000f94b0000)
No shared spaces configured.

Card table byte_map: [0x00007f00383f6000,0x00007f003852b000] byte_map_base: 0x00007f0037d2a000

Polling page: 0x00007f003ba05000

Code Cache  [0x00007f0031000000, 0x00007f0031270000, 0x00007f0034000000)
 total_blobs=930 nmethods=486 adapters=397 free_code_cache=47667Kb largest_free_block=48758720

Compilation events (10 events):
Event: 16.611 Thread 0x00007f00340c9800 nmethod 553 0x00007f0031168090 code [0x00007f00311681e0, 0x00007f00311683c8]
Event: 16.611 Thread 0x00007f00340c9800  554             java.lang.StringBuilder::setLength (6 bytes)
Event: 16.627 Thread 0x00007f00340c9800 nmethod 554 0x00007f0031148350 code [0x00007f00311484a0, 0x00007f0031148688]
Event: 16.627 Thread 0x00007f00340c9800  555             org.jruby.lexer.yacc.Token::getPosition (5 bytes)
Event: 16.628 Thread 0x00007f00340c9800 nmethod 555 0x00007f0031169010 code [0x00007f0031169140, 0x00007f0031169198]
Event: 16.628 Thread 0x00007f00340c9800  556             org.jruby.lexer.yacc.ByteArrayLexerSource::read (10 bytes)
Event: 16.642 Thread 0x00007f00340c9800 nmethod 556 0x00007f0031147bd0 code [0x00007f0031147d60, 0x00007f0031147fd0]
Event: 16.642 Thread 0x00007f00340c9800  557             org.jruby.lexer.yacc.Token::<init> (25 bytes)
Event: 16.643 Thread 0x00007f00340c9800 nmethod 557 0x00007f00311479d0 code [0x00007f0031147b00, 0x00007f0031147b78]
Event: 16.654 Thread 0x00007f00340c9800  558             org.jruby.lexer.yacc.RubyYaccLexer::identifier (751 bytes)

GC Heap History (10 events):
Event: 12.431 GC heap after
Heap after GC invocations=38 (full 6):
 def new generation   total 52480K, used 5823K [0x00000000d9800000, 0x00000000dd0f0000, 0x00000000e2e00000)
  eden space 46656K,   0% used [0x00000000d9800000, 0x00000000d9800000, 0x00000000dc590000)
  from space 5824K,  99% used [0x00000000dcb40000, 0x00000000dd0efff8, 0x00000000dd0f0000)
  to   space 5824K,   0% used [0x00000000dc590000, 0x00000000dc590000, 0x00000000dcb40000)
 tenured generation   total 116544K, used 109432K [0x00000000e2e00000, 0x00000000e9fd0000, 0x00000000f5a00000)
   the space 116544K,  93% used [0x00000000e2e00000, 0x00000000e98de268, 0x00000000e98de400, 0x00000000e9fd0000)
 compacting perm gen  total 53376K, used 53222K [0x00000000f5a00000, 0x00000000f8e20000, 0x0000000100000000)
   the space 53376K,  99% used [0x00000000f5a00000, 0x00000000f8df9858, 0x00000000f8df9a00, 0x00000000f8e20000)
No shared spaces configured.
}
Event: 12.826 GC heap before
{Heap before GC invocations=38 (full 6):
 def new generation   total 52480K, used 50448K [0x00000000d9800000, 0x00000000dd0f0000, 0x00000000e2e00000)
  eden space 46656K,  95% used [0x00000000d9800000, 0x00000000dc394270, 0x00000000dc590000)
  from space 5824K,  99% used [0x00000000dcb40000, 0x00000000dd0efff8, 0x00000000dd0f0000)
  to   space 5824K,   0% used [0x00000000dc590000, 0x00000000dc590000, 0x00000000dcb40000)
 tenured generation   total 116544K, used 109432K [0x00000000e2e00000, 0x00000000e9fd0000, 0x00000000f5a00000)
   the space 116544K,  93% used [0x00000000e2e00000, 0x00000000e98de268, 0x00000000e98de400, 0x00000000e9fd0000)
 compacting perm gen  total 54656K, used 54655K [0x00000000f5a00000, 0x00000000f8f60000, 0x0000000100000000)
   the space 54656K,  99% used [0x00000000f5a00000, 0x00000000f8f5fef8, 0x00000000f8f60000, 0x00000000f8f60000)
No shared spaces configured.
Event: 13.303 GC heap after
Heap after GC invocations=39 (full 7):
 def new generation   total 87488K, used 5843K [0x00000000d9800000, 0x00000000df6e0000, 0x00000000e2e00000)
  eden space 77824K,   7% used [0x00000000d9800000, 0x00000000d9db4d00, 0x00000000de400000)
  from space 9664K,   0% used [0x00000000de400000, 0x00000000de400000, 0x00000000ded70000)
  to   space 9664K,   0% used [0x00000000ded70000, 0x00000000ded70000, 0x00000000df6e0000)
 tenured generation   total 194240K, used 116543K [0x00000000e2e00000, 0x00000000eebb0000, 0x00000000f5a00000)
   the space 194240K,  59% used [0x00000000e2e00000, 0x00000000e9fcfff8, 0x00000000e9fd0000, 0x00000000eebb0000)
 compacting perm gen  total 54656K, used 54655K [0x00000000f5a00000, 0x00000000f8f60000, 0x0000000100000000)
   the space 54656K,  99% used [0x00000000f5a00000, 0x00000000f8f5fef8, 0x00000000f8f60000, 0x00000000f8f60000)
No shared spaces configured.
}
Event: 13.992 GC heap before
{Heap before GC invocations=39 (full 7):
 def new generation   total 87488K, used 69901K [0x00000000d9800000, 0x00000000df6e0000, 0x00000000e2e00000)
  eden space 77824K,  89% used [0x00000000d9800000, 0x00000000ddc43518, 0x00000000de400000)
  from space 9664K,   0% used [0x00000000de400000, 0x00000000de400000, 0x00000000ded70000)
  to   space 9664K,   0% used [0x00000000ded70000, 0x00000000ded70000, 0x00000000df6e0000)
 tenured generation   total 194240K, used 116543K [0x00000000e2e00000, 0x00000000eebb0000, 0x00000000f5a00000)
   the space 194240K,  59% used [0x00000000e2e00000, 0x00000000e9fcfff8, 0x00000000e9fd0000, 0x00000000eebb0000)
 compacting perm gen  total 56896K, used 56836K [0x00000000f5a00000, 0x00000000f9190000, 0x0000000100000000)
   the space 56896K,  99% used [0x00000000f5a00000, 0x00000000f91813a0, 0x00000000f9181400, 0x00000000f9190000)
No shared spaces configured.
Event: 14.174 GC heap after
Heap after GC invocations=40 (full 7):
 def new generation   total 87488K, used 9664K [0x00000000d9800000, 0x00000000df6e0000, 0x00000000e2e00000)
  eden space 77824K,   0% used [0x00000000d9800000, 0x00000000d9800000, 0x00000000de400000)
  from space 9664K, 100% used [0x00000000ded70000, 0x00000000df6e0000, 0x00000000df6e0000)
  to   space 9664K,   0% used [0x00000000de400000, 0x00000000de400000, 0x00000000ded70000)
 tenured generation   total 194240K, used 130834K [0x00000000e2e00000, 0x00000000eebb0000, 0x00000000f5a00000)
   the space 194240K,  67% used [0x00000000e2e00000, 0x00000000eadc4a30, 0x00000000eadc4c00, 0x00000000eebb0000)
 compacting perm gen  total 56896K, used 56836K [0x00000000f5a00000, 0x00000000f9190000, 0x0000000100000000)
   the space 56896K,  99% used [0x00000000f5a00000, 0x00000000f91813a0, 0x00000000f9181400, 0x00000000f9190000)
No shared spaces configured.
}
Event: 14.775 GC heap before
{Heap before GC invocations=40 (full 7):
 def new generation   total 87488K, used 87488K [0x00000000d9800000, 0x00000000df6e0000, 0x00000000e2e00000)
  eden space 77824K, 100% used [0x00000000d9800000, 0x00000000de400000, 0x00000000de400000)
  from space 9664K, 100% used [0x00000000ded70000, 0x00000000df6e0000, 0x00000000df6e0000)
  to   space 9664K,   0% used [0x00000000de400000, 0x00000000de400000, 0x00000000ded70000)
 tenured generation   total 194240K, used 130834K [0x00000000e2e00000, 0x00000000eebb0000, 0x00000000f5a00000)
   the space 194240K,  67% used [0x00000000e2e00000, 0x00000000eadc4a30, 0x00000000eadc4c00, 0x00000000eebb0000)
 compacting perm gen  total 58816K, used 58770K [0x00000000f5a00000, 0x00000000f9370000, 0x0000000100000000)
   the space 58816K,  99% used [0x00000000f5a00000, 0x00000000f9364868, 0x00000000f9364a00, 0x00000000f9370000)
No shared spaces configured.
Event: 14.896 GC heap after
Heap after GC invocations=41 (full 7):
 def new generation   total 87488K, used 9664K [0x00000000d9800000, 0x00000000df6e0000, 0x00000000e2e00000)
  eden space 77824K,   0% used [0x00000000d9800000, 0x00000000d9800000, 0x00000000de400000)
  from space 9664K, 100% used [0x00000000de400000, 0x00000000ded70000, 0x00000000ded70000)
  to   space 9664K,   0% used [0x00000000ded70000, 0x00000000ded70000, 0x00000000df6e0000)
 tenured generation   total 194240K, used 161155K [0x00000000e2e00000, 0x00000000eebb0000, 0x00000000f5a00000)
   the space 194240K,  82% used [0x00000000e2e00000, 0x00000000ecb60ea0, 0x00000000ecb61000, 0x00000000eebb0000)
 compacting perm gen  total 58816K, used 58770K [0x00000000f5a00000, 0x00000000f9370000, 0x0000000100000000)
   the space 58816K,  99% used [0x00000000f5a00000, 0x00000000f9364868, 0x00000000f9364a00, 0x00000000f9370000)
No shared spaces configured.
}
Event: 15.725 GC heap before
{Heap before GC invocations=41 (full 7):
 def new generation   total 87488K, used 87488K [0x00000000d9800000, 0x00000000df6e0000, 0x00000000e2e00000)
  eden space 77824K, 100% used [0x00000000d9800000, 0x00000000de400000, 0x00000000de400000)
  from space 9664K, 100% used [0x00000000de400000, 0x00000000ded70000, 0x00000000ded70000)
  to   space 9664K,   0% used [0x00000000ded70000, 0x00000000ded70000, 0x00000000df6e0000)
 tenured generation   total 194240K, used 161155K [0x00000000e2e00000, 0x00000000eebb0000, 0x00000000f5a00000)
   the space 194240K,  82% used [0x00000000e2e00000, 0x00000000ecb60ea0, 0x00000000ecb61000, 0x00000000eebb0000)
 compacting perm gen  total 59776K, used 59623K [0x00000000f5a00000, 0x00000000f9460000, 0x0000000100000000)
   the space 59776K,  99% used [0x00000000f5a00000, 0x00000000f9439c40, 0x00000000f9439e00, 0x00000000f9460000)
No shared spaces configured.
Event: 15.835 GC heap after
Heap after GC invocations=42 (full 7):
 def new generation   total 87488K, used 9664K [0x00000000d9800000, 0x00000000df6e0000, 0x00000000e2e00000)
  eden space 77824K,   0% used [0x00000000d9800000, 0x00000000d9800000, 0x00000000de400000)
  from space 9664K, 100% used [0x00000000ded70000, 0x00000000df6e0000, 0x00000000df6e0000)
  to   space 9664K,   0% used [0x00000000de400000, 0x00000000de400000, 0x00000000ded70000)
 tenured generation   total 194240K, used 184809K [0x00000000e2e00000, 0x00000000eebb0000, 0x00000000f5a00000)
   the space 194240K,  95% used [0x00000000e2e00000, 0x00000000ee27a748, 0x00000000ee27a800, 0x00000000eebb0000)
 compacting perm gen  total 59776K, used 59623K [0x00000000f5a00000, 0x00000000f9460000, 0x0000000100000000)
   the space 59776K,  99% used [0x00000000f5a00000, 0x00000000f9439c40, 0x00000000f9439e00, 0x00000000f9460000)
No shared spaces configured.
}
Event: 16.807 GC heap before
{Heap before GC invocations=42 (full 7):
 def new generation   total 87488K, used 77380K [0x00000000d9800000, 0x00000000df6e0000, 0x00000000e2e00000)
  eden space 77824K,  87% used [0x00000000d9800000, 0x00000000dda21350, 0x00000000de400000)
  from space 9664K, 100% used [0x00000000ded70000, 0x00000000df6e0000, 0x00000000df6e0000)
  to   space 9664K,   0% used [0x00000000de400000, 0x00000000de400000, 0x00000000ded70000)
 tenured generation   total 194240K, used 184809K [0x00000000e2e00000, 0x00000000eebb0000, 0x00000000f5a00000)
   the space 194240K,  95% used [0x00000000e2e00000, 0x00000000ee27a748, 0x00000000ee27a800, 0x00000000eebb0000)
 compacting perm gen  total 60096K, used 59904K [0x00000000f5a00000, 0x00000000f94b0000, 0x0000000100000000)
   the space 60096K,  99% used [0x00000000f5a00000, 0x00000000f94800a8, 0x00000000f9480200, 0x00000000f94b0000)
No shared spaces configured.

Deoptimization events (10 events):
Event: 16.671 Thread 0x00007f0034875800 Uncommon trap: reason=bimorphic action=maybe_recompile pc=0x00007f00311757b0 method=org.jruby.compiler.ASTInspector.inspect(Lorg/jruby/ast/Node;)V @ 3087
Event: 16.671 Thread 0x00007f0034875800 Uncommon trap: reason=bimorphic action=maybe_recompile pc=0x00007f00311757b0 method=org.jruby.compiler.ASTInspector.inspect(Lorg/jruby/ast/Node;)V @ 3087
Event: 16.671 Thread 0x00007f0034875800 Uncommon trap: reason=bimorphic action=maybe_recompile pc=0x00007f00311757b0 method=org.jruby.compiler.ASTInspector.inspect(Lorg/jruby/ast/Node;)V @ 3087
Event: 16.671 Thread 0x00007f0034875800 Uncommon trap: reason=bimorphic action=maybe_recompile pc=0x00007f00311757b0 method=org.jruby.compiler.ASTInspector.inspect(Lorg/jruby/ast/Node;)V @ 3087
Event: 16.671 Thread 0x00007f0034875800 Uncommon trap: reason=bimorphic action=maybe_recompile pc=0x00007f00311757b0 method=org.jruby.compiler.ASTInspector.inspect(Lorg/jruby/ast/Node;)V @ 3087
Event: 16.671 Thread 0x00007f0034875800 Uncommon trap: reason=bimorphic action=maybe_recompile pc=0x00007f00311757b0 method=org.jruby.compiler.ASTInspector.inspect(Lorg/jruby/ast/Node;)V @ 3087
Event: 16.671 Thread 0x00007f0034875800 Uncommon trap: reason=bimorphic action=maybe_recompile pc=0x00007f00311757b0 method=org.jruby.compiler.ASTInspector.inspect(Lorg/jruby/ast/Node;)V @ 3087
Event: 16.671 Thread 0x00007f0034875800 Uncommon trap: reason=bimorphic action=maybe_recompile pc=0x00007f00311757b0 method=org.jruby.compiler.ASTInspector.inspect(Lorg/jruby/ast/Node;)V @ 3087
Event: 16.671 Thread 0x00007f0034875800 Uncommon trap: reason=bimorphic action=maybe_recompile pc=0x00007f00311757b0 method=org.jruby.compiler.ASTInspector.inspect(Lorg/jruby/ast/Node;)V @ 3087
Event: 16.775 Thread 0x00007f0034875800 Uncommon trap: reason=class_check action=maybe_recompile pc=0x00007f0031064e20 method=java.lang.String.equals(Ljava/lang/Object;)Z @ 8

Internal exceptions (10 events):
Event: 16.794 Thread 0x00007f0034875800 Threw 0x00000000dd8c2968 at /build/buildd/openjdk-7-7u71-2.5.3/build/openjdk/hotspot/src/share/vm/prims/jvm.cpp:1284
Event: 16.794 Thread 0x00007f0034875800 Threw 0x00000000dd8c3620 at /build/buildd/openjdk-7-7u71-2.5.3/build/openjdk/hotspot/src/share/vm/prims/jvm.cpp:1284
Event: 16.796 Thread 0x00007f0034875800 Threw 0x00000000dd8cb298 at /build/buildd/openjdk-7-7u71-2.5.3/build/openjdk/hotspot/src/share/vm/prims/jvm.cpp:1284
Event: 16.796 Thread 0x00007f0034875800 Threw 0x00000000dd8cbd98 at /build/buildd/openjdk-7-7u71-2.5.3/build/openjdk/hotspot/src/share/vm/prims/jvm.cpp:1284
Event: 16.796 Thread 0x00007f0034875800 Threw 0x00000000dd8cfa38 at /build/buildd/openjdk-7-7u71-2.5.3/build/openjdk/hotspot/src/share/vm/prims/jvm.cpp:1284
Event: 16.796 Thread 0x00007f0034875800 Threw 0x00000000dd8d0518 at /build/buildd/openjdk-7-7u71-2.5.3/build/openjdk/hotspot/src/share/vm/prims/jvm.cpp:1284
Event: 16.797 Thread 0x00007f0034875800 Threw 0x00000000dd8d5a30 at /build/buildd/openjdk-7-7u71-2.5.3/build/openjdk/hotspot/src/share/vm/prims/jvm.cpp:1284
Event: 16.797 Thread 0x00007f0034875800 Threw 0x00000000dd8d64e8 at /build/buildd/openjdk-7-7u71-2.5.3/build/openjdk/hotspot/src/share/vm/prims/jvm.cpp:1284
Event: 16.797 Thread 0x00007f0034875800 Threw 0x00000000dd8d9c68 at /build/buildd/openjdk-7-7u71-2.5.3/build/openjdk/hotspot/src/share/vm/prims/jvm.cpp:1284
Event: 16.797 Thread 0x00007f0034875800 Threw 0x00000000dd8da668 at /build/buildd/openjdk-7-7u71-2.5.3/build/openjdk/hotspot/src/share/vm/prims/jvm.cpp:1284

Events (10 events):
Event: 16.794 loading class 0x00007f001c4c0d90 done
Event: 16.796 loading class 0x00007f001c4c07a0
Event: 16.796 loading class 0x00007f001c4c07a0 done
Event: 16.796 loading class 0x00007f001c4c0810
Event: 16.796 loading class 0x00007f001c4c0810 done
Event: 16.797 loading class 0x00007f001c4ca980
Event: 16.797 loading class 0x00007f001c4ca980 done
Event: 16.797 loading class 0x00007f001c1accd0
Event: 16.797 loading class 0x00007f001c1accd0 done
Event: 16.807 Executing VM operation: GenCollectForAllocation


Dynamic libraries:
00400000-00401000 r-xp 00000000 fd:01 939968                             /usr/lib/jvm/java-7-openjdk-amd64/jre/bin/java
00600000-00601000 r--p 00000000 fd:01 939968                             /usr/lib/jvm/java-7-openjdk-amd64/jre/bin/java
00601000-00602000 rw-p 00001000 fd:01 939968                             /usr/lib/jvm/java-7-openjdk-amd64/jre/bin/java
0253a000-0255b000 rw-p 00000000 00:00 0                                  [heap]
d9800000-df6e0000 rw-p 00000000 00:00 0 
df6e0000-e2e00000 rw-p 00000000 00:00 0 
e2e00000-ef5d0000 rw-p 00000000 00:00 0 
f5a00000-f94b0000 rw-p 00000000 00:00 0 
f94b0000-100000000 rw-p 00000000 00:00 0 
7f0012088000-7f00121b6000 r--s 011d3000 fd:01 787194                     /srv/minecraft/minecraft_server/craftbukkit.jar
7f00121b6000-7f00121b9000 ---p 00000000 00:00 0 
7f00121b9000-7f00122b7000 rw-p 00000000 00:00 0                          [stack:5837]
7f00122b7000-7f00122bc000 r-xp 00000000 fd:01 393583                     /lib/x86_64-linux-gnu/libnss_dns-2.19.so
7f00122bc000-7f00124bb000 ---p 00005000 fd:01 393583                     /lib/x86_64-linux-gnu/libnss_dns-2.19.so
7f00124bb000-7f00124bc000 r--p 00004000 fd:01 393583                     /lib/x86_64-linux-gnu/libnss_dns-2.19.so
7f00124bc000-7f00124bd000 rw-p 00005000 fd:01 393583                     /lib/x86_64-linux-gnu/libnss_dns-2.19.so
7f00124bd000-7f00125e4000 r--s 013c7000 fd:01 787302                     /srv/minecraft/minecraft_server/plugins/purugin-0.7.1-bukkit-1.7.2-R0.3.jar
7f00125e4000-7f00125e7000 ---p 00000000 00:00 0 
7f00125e7000-7f00126e5000 rw-p 00000000 00:00 0 
7f00126e5000-7f00126e8000 ---p 00000000 00:00 0 
7f00126e8000-7f00127e6000 rw-p 00000000 00:00 0                          [stack:5835]
7f00127e6000-7f00127e9000 ---p 00000000 00:00 0 
7f00127e9000-7f00128e7000 rw-p 00000000 00:00 0                          [stack:5832]
7f00128e7000-7f00128ea000 ---p 00000000 00:00 0 
7f00128ea000-7f00129e8000 rw-p 00000000 00:00 0                          [stack:5831]
7f00129e8000-7f00129eb000 ---p 00000000 00:00 0 
7f00129eb000-7f0012ae9000 rw-p 00000000 00:00 0                          [stack:5830]
7f0012ae9000-7f0012aec000 ---p 00000000 00:00 0 
7f0012aec000-7f0012bea000 rw-p 00000000 00:00 0                          [stack:5829]
7f0012bea000-7f0012bed000 ---p 00000000 00:00 0 
7f0012bed000-7f0012ceb000 rw-p 00000000 00:00 0                          [stack:5826]
7f0012ceb000-7f0012cfb000 r-xp 00000000 fd:01 939889                     /usr/lib/jvm/java-7-openjdk-amd64/jre/lib/amd64/libnio.so
7f0012cfb000-7f0012efb000 ---p 00010000 fd:01 939889                     /usr/lib/jvm/java-7-openjdk-amd64/jre/lib/amd64/libnio.so
7f0012efb000-7f0012efc000 r--p 00010000 fd:01 939889                     /usr/lib/jvm/java-7-openjdk-amd64/jre/lib/amd64/libnio.so
7f0012efc000-7f0012efd000 rw-p 00011000 fd:01 939889                     /usr/lib/jvm/java-7-openjdk-amd64/jre/lib/amd64/libnio.so
7f0012efd000-7f0012f3a000 r-xp 00000000 fd:01 393459                     /lib/x86_64-linux-gnu/libpcre.so.3.13.1
7f0012f3a000-7f0013139000 ---p 0003d000 fd:01 393459                     /lib/x86_64-linux-gnu/libpcre.so.3.13.1
7f0013139000-7f001313a000 r--p 0003c000 fd:01 393459                     /lib/x86_64-linux-gnu/libpcre.so.3.13.1
7f001313a000-7f001313b000 rw-p 0003d000 fd:01 393459                     /lib/x86_64-linux-gnu/libpcre.so.3.13.1
7f001313b000-7f0013142000 r-xp 00000000 fd:01 920338                     /usr/lib/x86_64-linux-gnu/libffi.so.6.0.1
7f0013142000-7f0013341000 ---p 00007000 fd:01 920338                     /usr/lib/x86_64-linux-gnu/libffi.so.6.0.1
7f0013341000-7f0013342000 r--p 00006000 fd:01 920338                     /usr/lib/x86_64-linux-gnu/libffi.so.6.0.1
7f0013342000-7f0013343000 rw-p 00007000 fd:01 920338                     /usr/lib/x86_64-linux-gnu/libffi.so.6.0.1
7f0013343000-7f001335a000 r-xp 00000000 fd:01 393396                     /lib/x86_64-linux-gnu/libresolv-2.19.so
7f001335a000-7f001355a000 ---p 00017000 fd:01 393396                     /lib/x86_64-linux-gnu/libresolv-2.19.so
7f001355a000-7f001355b000 r--p 00017000 fd:01 393396                     /lib/x86_64-linux-gnu/libresolv-2.19.so
7f001355b000-7f001355c000 rw-p 00018000 fd:01 393396                     /lib/x86_64-linux-gnu/libresolv-2.19.so
7f001355c000-7f001355e000 rw-p 00000000 00:00 0 
7f001355e000-7f001357e000 r-xp 00000000 fd:01 393377                     /lib/x86_64-linux-gnu/libselinux.so.1
7f001357e000-7f001377d000 ---p 00020000 fd:01 393377                     /lib/x86_64-linux-gnu/libselinux.so.1
7f001377d000-7f001377e000 r--p 0001f000 fd:01 393377                     /lib/x86_64-linux-gnu/libselinux.so.1
7f001377e000-7f001377f000 rw-p 00020000 fd:01 393377                     /lib/x86_64-linux-gnu/libselinux.so.1
7f001377f000-7f0013781000 rw-p 00000000 00:00 0 
7f0013781000-7f0013784000 r-xp 00000000 fd:01 929358                     /usr/lib/x86_64-linux-gnu/libgmodule-2.0.so.0.4000.0
7f0013784000-7f0013983000 ---p 00003000 fd:01 929358                     /usr/lib/x86_64-linux-gnu/libgmodule-2.0.so.0.4000.0
7f0013983000-7f0013984000 r--p 00002000 fd:01 929358                     /usr/lib/x86_64-linux-gnu/libgmodule-2.0.so.0.4000.0
7f0013984000-7f0013985000 rw-p 00003000 fd:01 929358                     /usr/lib/x86_64-linux-gnu/libgmodule-2.0.so.0.4000.0
7f0013985000-7f0013a8b000 r-xp 00000000 fd:01 398033                     /lib/x86_64-linux-gnu/libglib-2.0.so.0.4000.0
7f0013a8b000-7f0013c8a000 ---p 00106000 fd:01 398033                     /lib/x86_64-linux-gnu/libglib-2.0.so.0.4000.0
7f0013c8a000-7f0013c8b000 r--p 00105000 fd:01 398033                     /lib/x86_64-linux-gnu/libglib-2.0.so.0.4000.0
7f0013c8b000-7f0013c8c000 rw-p 00106000 fd:01 398033                     /lib/x86_64-linux-gnu/libglib-2.0.so.0.4000.0
7f0013c8c000-7f0013c8d000 rw-p 00000000 00:00 0 
7f0013c8d000-7f0013df8000 r-xp 00000000 fd:01 929357                     /usr/lib/x86_64-linux-gnu/libgio-2.0.so.0.4000.0
7f0013df8000-7f0013ff8000 ---p 0016b000 fd:01 929357                     /usr/lib/x86_64-linux-gnu/libgio-2.0.so.0.4000.0
7f0013ff8000-7f0013ffc000 r--p 0016b000 fd:01 929357                     /usr/lib/x86_64-linux-gnu/libgio-2.0.so.0.4000.0
7f0013ffc000-7f0013ffe000 rw-p 0016f000 fd:01 929357                     /usr/lib/x86_64-linux-gnu/libgio-2.0.so.0.4000.0
7f0013ffe000-7f0014000000 rw-p 00000000 00:00 0 
7f0014000000-7f00148ae000 rw-p 00000000 00:00 0 
7f00148ae000-7f0018000000 ---p 00000000 00:00 0 
7f0018000000-7f0018021000 rw-p 00000000 00:00 0 
7f0018021000-7f001c000000 ---p 00000000 00:00 0 
7f001c000000-7f001c4e4000 rw-p 00000000 00:00 0 
7f001c4e4000-7f0020000000 ---p 00000000 00:00 0 
7f0020000000-7f0020c96000 rw-p 00000000 00:00 0 
7f0020c96000-7f0024000000 ---p 00000000 00:00 0 
7f0024000000-7f0024021000 rw-p 00000000 00:00 0 
7f0024021000-7f0028000000 ---p 00000000 00:00 0 
7f0028000000-7f0028021000 rw-p 00000000 00:00 0 
7f0028021000-7f002c000000 ---p 00000000 00:00 0 
7f002c000000-7f002c292000 rw-p 00000000 00:00 0 
7f002c292000-7f0030000000 ---p 00000000 00:00 0 
7f0030058000-7f00300a7000 r-xp 00000000 fd:01 929356                     /usr/lib/x86_64-linux-gnu/libgobject-2.0.so.0.4000.0
7f00300a7000-7f00302a7000 ---p 0004f000 fd:01 929356                     /usr/lib/x86_64-linux-gnu/libgobject-2.0.so.0.4000.0
7f00302a7000-7f00302a8000 r--p 0004f000 fd:01 929356                     /usr/lib/x86_64-linux-gnu/libgobject-2.0.so.0.4000.0
7f00302a8000-7f00302a9000 rw-p 00050000 fd:01 929356                     /usr/lib/x86_64-linux-gnu/libgobject-2.0.so.0.4000.0
7f00302a9000-7f00302c0000 r-xp 00000000 fd:01 939874                     /usr/lib/jvm/java-7-openjdk-amd64/jre/lib/amd64/libnet.so
7f00302c0000-7f00304bf000 ---p 00017000 fd:01 939874                     /usr/lib/jvm/java-7-openjdk-amd64/jre/lib/amd64/libnet.so
7f00304bf000-7f00304c0000 r--p 00016000 fd:01 939874                     /usr/lib/jvm/java-7-openjdk-amd64/jre/lib/amd64/libnet.so
7f00304c0000-7f00304c1000 rw-p 00017000 fd:01 939874                     /usr/lib/jvm/java-7-openjdk-amd64/jre/lib/amd64/libnet.so
7f00304c1000-7f00304c9000 r-xp 00000000 fd:01 939890                     /usr/lib/jvm/java-7-openjdk-amd64/jre/lib/amd64/libmanagement.so
7f00304c9000-7f00306c8000 ---p 00008000 fd:01 939890                     /usr/lib/jvm/java-7-openjdk-amd64/jre/lib/amd64/libmanagement.so
7f00306c8000-7f00306c9000 r--p 00007000 fd:01 939890                     /usr/lib/jvm/java-7-openjdk-amd64/jre/lib/amd64/libmanagement.so
7f00306c9000-7f00306ca000 rw-p 00008000 fd:01 939890                     /usr/lib/jvm/java-7-openjdk-amd64/jre/lib/amd64/libmanagement.so
7f00306ca000-7f00307f8000 r--s 011d3000 fd:01 787194                     /srv/minecraft/minecraft_server/craftbukkit.jar
7f00307f8000-7f00307f9000 ---p 00000000 00:00 0 
7f00307f9000-7f00308f9000 rw-p 00000000 00:00 0                          [stack:5825]
7f00308f9000-7f00308fc000 ---p 00000000 00:00 0 
7f00308fc000-7f00309fa000 rw-p 00000000 00:00 0                          [stack:5824]
7f00309fa000-7f00309fd000 ---p 00000000 00:00 0 
7f00309fd000-7f0030afb000 rw-p 00000000 00:00 0                          [stack:5823]
7f0030afb000-7f0030afe000 ---p 00000000 00:00 0 
7f0030afe000-7f0030bfc000 rw-p 00000000 00:00 0                          [stack:5822]
7f0030bfc000-7f0030bff000 ---p 00000000 00:00 0 
7f0030bff000-7f0030cfd000 rw-p 00000000 00:00 0                          [stack:5821]
7f0030cfd000-7f0030d00000 ---p 00000000 00:00 0 
7f0030d00000-7f0030dfe000 rw-p 00000000 00:00 0                          [stack:5820]
7f0030dfe000-7f0030e01000 ---p 00000000 00:00 0 
7f0030e01000-7f0030eff000 rw-p 00000000 00:00 0                          [stack:5819]
7f0030eff000-7f0030f00000 ---p 00000000 00:00 0 
7f0030f00000-7f0031000000 rw-p 00000000 00:00 0                          [stack:5818]
7f0031000000-7f0031270000 rwxp 00000000 00:00 0 
7f0031270000-7f003487b000 rw-p 00000000 00:00 0 
7f003487b000-7f0038000000 ---p 00000000 00:00 0 
7f0038007000-7f003800a000 ---p 00000000 00:00 0 
7f003800a000-7f0038089000 rw-p 00000000 00:00 0                          [stack:5828]
7f0038089000-7f003823a000 r--s 01d25000 fd:01 939937                     /usr/lib/jvm/java-7-openjdk-amd64/jre/lib/rt.jar
7f003823a000-7f0038329000 rw-p 00000000 00:00 0 
7f0038329000-7f003835f000 rw-p 00000000 00:00 0 
7f003835f000-7f00383c3000 rw-p 00000000 00:00 0 
7f00383c3000-7f00383f6000 rw-p 00000000 00:00 0 
7f00383f6000-7f0038426000 rw-p 00000000 00:00 0 
7f0038426000-7f0038441000 rw-p 00000000 00:00 0 
7f0038441000-7f00384a5000 rw-p 00000000 00:00 0 
7f00384a5000-7f00384d7000 rw-p 00000000 00:00 0 
7f00384d7000-7f00384f5000 rw-p 00000000 00:00 0 
7f00384f5000-7f003852a000 rw-p 00000000 00:00 0 
7f003852a000-7f003852b000 rw-p 00000000 00:00 0 
7f003852b000-7f0038533000 r-xp 00000000 fd:01 939866                     /usr/lib/jvm/java-7-openjdk-amd64/jre/lib/amd64/libzip.so
7f0038533000-7f0038732000 ---p 00008000 fd:01 939866                     /usr/lib/jvm/java-7-openjdk-amd64/jre/lib/amd64/libzip.so
7f0038732000-7f0038733000 r--p 00007000 fd:01 939866                     /usr/lib/jvm/java-7-openjdk-amd64/jre/lib/amd64/libzip.so
7f0038733000-7f0038734000 rw-p 00008000 fd:01 939866                     /usr/lib/jvm/java-7-openjdk-amd64/jre/lib/amd64/libzip.so
7f0038734000-7f003873f000 r-xp 00000000 fd:01 393625                     /lib/x86_64-linux-gnu/libnss_files-2.19.so
7f003873f000-7f003893e000 ---p 0000b000 fd:01 393625                     /lib/x86_64-linux-gnu/libnss_files-2.19.so
7f003893e000-7f003893f000 r--p 0000a000 fd:01 393625                     /lib/x86_64-linux-gnu/libnss_files-2.19.so
7f003893f000-7f0038940000 rw-p 0000b000 fd:01 393625                     /lib/x86_64-linux-gnu/libnss_files-2.19.so
7f0038940000-7f003894b000 r-xp 00000000 fd:01 393627                     /lib/x86_64-linux-gnu/libnss_nis-2.19.so
7f003894b000-7f0038b4a000 ---p 0000b000 fd:01 393627                     /lib/x86_64-linux-gnu/libnss_nis-2.19.so
7f0038b4a000-7f0038b4b000 r--p 0000a000 fd:01 393627                     /lib/x86_64-linux-gnu/libnss_nis-2.19.so
7f0038b4b000-7f0038b4c000 rw-p 0000b000 fd:01 393627                     /lib/x86_64-linux-gnu/libnss_nis-2.19.so
7f0038b4c000-7f0038b63000 r-xp 00000000 fd:01 393398                     /lib/x86_64-linux-gnu/libnsl-2.19.so
7f0038b63000-7f0038d62000 ---p 00017000 fd:01 393398                     /lib/x86_64-linux-gnu/libnsl-2.19.so
7f0038d62000-7f0038d63000 r--p 00016000 fd:01 393398                     /lib/x86_64-linux-gnu/libnsl-2.19.so
7f0038d63000-7f0038d64000 rw-p 00017000 fd:01 393398                     /lib/x86_64-linux-gnu/libnsl-2.19.so
7f0038d64000-7f0038d66000 rw-p 00000000 00:00 0 
7f0038d66000-7f0038d6f000 r-xp 00000000 fd:01 393378                     /lib/x86_64-linux-gnu/libnss_compat-2.19.so
7f0038d6f000-7f0038f6e000 ---p 00009000 fd:01 393378                     /lib/x86_64-linux-gnu/libnss_compat-2.19.so
7f0038f6e000-7f0038f6f000 r--p 00008000 fd:01 393378                     /lib/x86_64-linux-gnu/libnss_compat-2.19.so
7f0038f6f000-7f0038f70000 rw-p 00009000 fd:01 393378                     /lib/x86_64-linux-gnu/libnss_compat-2.19.so
7f0038f70000-7f0038f9b000 r-xp 00000000 fd:01 939873                     /usr/lib/jvm/java-7-openjdk-amd64/jre/lib/amd64/libjava.so
7f0038f9b000-7f003919a000 ---p 0002b000 fd:01 939873                     /usr/lib/jvm/java-7-openjdk-amd64/jre/lib/amd64/libjava.so
7f003919a000-7f003919b000 r--p 0002a000 fd:01 939873                     /usr/lib/jvm/java-7-openjdk-amd64/jre/lib/amd64/libjava.so
7f003919b000-7f003919d000 rw-p 0002b000 fd:01 939873                     /usr/lib/jvm/java-7-openjdk-amd64/jre/lib/amd64/libjava.so
7f003919d000-7f00391ad000 r-xp 00000000 fd:01 939888                     /usr/lib/jvm/java-7-openjdk-amd64/jre/lib/amd64/libverify.so
7f00391ad000-7f00393ac000 ---p 00010000 fd:01 939888                     /usr/lib/jvm/java-7-openjdk-amd64/jre/lib/amd64/libverify.so
7f00393ac000-7f00393ae000 r--p 0000f000 fd:01 939888                     /usr/lib/jvm/java-7-openjdk-amd64/jre/lib/amd64/libverify.so
7f00393ae000-7f00393af000 rw-p 00011000 fd:01 939888                     /usr/lib/jvm/java-7-openjdk-amd64/jre/lib/amd64/libverify.so
7f00393af000-7f00393b6000 r-xp 00000000 fd:01 393482                     /lib/x86_64-linux-gnu/librt-2.19.so
7f00393b6000-7f00395b5000 ---p 00007000 fd:01 393482                     /lib/x86_64-linux-gnu/librt-2.19.so
7f00395b5000-7f00395b6000 r--p 00006000 fd:01 393482                     /lib/x86_64-linux-gnu/librt-2.19.so
7f00395b6000-7f00395b7000 rw-p 00007000 fd:01 393482                     /lib/x86_64-linux-gnu/librt-2.19.so
7f00395b7000-7f00395cd000 r-xp 00000000 fd:01 393365                     /lib/x86_64-linux-gnu/libgcc_s.so.1
7f00395cd000-7f00397cc000 ---p 00016000 fd:01 393365                     /lib/x86_64-linux-gnu/libgcc_s.so.1
7f00397cc000-7f00397cd000 rw-p 00015000 fd:01 393365                     /lib/x86_64-linux-gnu/libgcc_s.so.1
7f00397cd000-7f00398d2000 r-xp 00000000 fd:01 393618                     /lib/x86_64-linux-gnu/libm-2.19.so
7f00398d2000-7f0039ad1000 ---p 00105000 fd:01 393618                     /lib/x86_64-linux-gnu/libm-2.19.so
7f0039ad1000-7f0039ad2000 r--p 00104000 fd:01 393618                     /lib/x86_64-linux-gnu/libm-2.19.so
7f0039ad2000-7f0039ad3000 rw-p 00105000 fd:01 393618                     /lib/x86_64-linux-gnu/libm-2.19.so
7f0039ad3000-7f0039bb9000 r-xp 00000000 fd:01 920378                     /usr/lib/x86_64-linux-gnu/libstdc++.so.6.0.19
7f0039bb9000-7f0039db8000 ---p 000e6000 fd:01 920378                     /usr/lib/x86_64-linux-gnu/libstdc++.so.6.0.19
7f0039db8000-7f0039dc0000 r--p 000e5000 fd:01 920378                     /usr/lib/x86_64-linux-gnu/libstdc++.so.6.0.19
7f0039dc0000-7f0039dc2000 rw-p 000ed000 fd:01 920378                     /usr/lib/x86_64-linux-gnu/libstdc++.so.6.0.19
7f0039dc2000-7f0039dd7000 rw-p 00000000 00:00 0 
7f0039dd7000-7f003a8ed000 r-xp 00000000 fd:01 939895                     /usr/lib/jvm/java-7-openjdk-amd64/jre/lib/amd64/server/libjvm.so
7f003a8ed000-7f003aaec000 ---p 00b16000 fd:01 939895                     /usr/lib/jvm/java-7-openjdk-amd64/jre/lib/amd64/server/libjvm.so
7f003aaec000-7f003ab86000 r--p 00b15000 fd:01 939895                     /usr/lib/jvm/java-7-openjdk-amd64/jre/lib/amd64/server/libjvm.so
7f003ab86000-7f003aba9000 rw-p 00baf000 fd:01 939895                     /usr/lib/jvm/java-7-openjdk-amd64/jre/lib/amd64/server/libjvm.so
7f003aba9000-7f003abd7000 rw-p 00000000 00:00 0 
7f003abd7000-7f003abef000 r-xp 00000000 fd:01 393502                     /lib/x86_64-linux-gnu/libz.so.1.2.8
7f003abef000-7f003adee000 ---p 00018000 fd:01 393502                     /lib/x86_64-linux-gnu/libz.so.1.2.8
7f003adee000-7f003adef000 r--p 00017000 fd:01 393502                     /lib/x86_64-linux-gnu/libz.so.1.2.8
7f003adef000-7f003adf0000 rw-p 00018000 fd:01 393502                     /lib/x86_64-linux-gnu/libz.so.1.2.8
7f003adf0000-7f003ae09000 r-xp 00000000 fd:01 395321                     /lib/x86_64-linux-gnu/libpthread-2.19.so
7f003ae09000-7f003b008000 ---p 00019000 fd:01 395321                     /lib/x86_64-linux-gnu/libpthread-2.19.so
7f003b008000-7f003b009000 r--p 00018000 fd:01 395321                     /lib/x86_64-linux-gnu/libpthread-2.19.so
7f003b009000-7f003b00a000 rw-p 00019000 fd:01 395321                     /lib/x86_64-linux-gnu/libpthread-2.19.so
7f003b00a000-7f003b00e000 rw-p 00000000 00:00 0 
7f003b00e000-7f003b011000 r-xp 00000000 fd:01 393633                     /lib/x86_64-linux-gnu/libdl-2.19.so
7f003b011000-7f003b210000 ---p 00003000 fd:01 393633                     /lib/x86_64-linux-gnu/libdl-2.19.so
7f003b210000-7f003b211000 r--p 00002000 fd:01 393633                     /lib/x86_64-linux-gnu/libdl-2.19.so
7f003b211000-7f003b212000 rw-p 00003000 fd:01 393633                     /lib/x86_64-linux-gnu/libdl-2.19.so
7f003b212000-7f003b3cd000 r-xp 00000000 fd:01 393589                     /lib/x86_64-linux-gnu/libc-2.19.so
7f003b3cd000-7f003b5cd000 ---p 001bb000 fd:01 393589                     /lib/x86_64-linux-gnu/libc-2.19.so
7f003b5cd000-7f003b5d1000 r--p 001bb000 fd:01 393589                     /lib/x86_64-linux-gnu/libc-2.19.so
7f003b5d1000-7f003b5d3000 rw-p 001bf000 fd:01 393589                     /lib/x86_64-linux-gnu/libc-2.19.so
7f003b5d3000-7f003b5d8000 rw-p 00000000 00:00 0 
7f003b5d8000-7f003b5e5000 r-xp 00000000 fd:01 939871                     /usr/lib/jvm/java-7-openjdk-amd64/jre/lib/amd64/jli/libjli.so
7f003b5e5000-7f003b7e4000 ---p 0000d000 fd:01 939871                     /usr/lib/jvm/java-7-openjdk-amd64/jre/lib/amd64/jli/libjli.so
7f003b7e4000-7f003b7e5000 r--p 0000c000 fd:01 939871                     /usr/lib/jvm/java-7-openjdk-amd64/jre/lib/amd64/jli/libjli.so
7f003b7e5000-7f003b7e6000 rw-p 0000d000 fd:01 939871                     /usr/lib/jvm/java-7-openjdk-amd64/jre/lib/amd64/jli/libjli.so
7f003b7e6000-7f003b809000 r-xp 00000000 fd:01 393590                     /lib/x86_64-linux-gnu/ld-2.19.so
7f003b812000-7f003b815000 r--s 00017000 fd:01 939916                     /usr/lib/jvm/java-7-openjdk-amd64/jre/lib/jce.jar
7f003b815000-7f003b81a000 r--s 0004c000 fd:01 939914                     /usr/lib/jvm/java-7-openjdk-amd64/jre/lib/jsse.jar
7f003b81a000-7f003b823000 r--s 000b9000 fd:01 939857                     /usr/lib/jvm/java-7-openjdk-amd64/jre/lib/resources.jar
7f003b823000-7f003b827000 r--s 0003c000 fd:01 939933                     /usr/lib/jvm/java-7-openjdk-amd64/jre/lib/ext/sunpkcs11.jar
7f003b827000-7f003b82b000 r--s 00085000 fd:01 939934                     /usr/lib/jvm/java-7-openjdk-amd64/jre/lib/ext/localedata.jar
7f003b82b000-7f003b82f000 r--s 00034000 fd:01 939935                     /usr/lib/jvm/java-7-openjdk-amd64/jre/lib/ext/sunjce_provider.jar
7f003b82f000-7f003b832000 r--s 0000f000 fd:01 939931                     /usr/lib/jvm/java-7-openjdk-amd64/jre/lib/ext/icedtea-sound.jar
7f003b832000-7f003b83c000 rw-p 00000000 00:00 0 
7f003b83c000-7f003b8f2000 rw-p 00000000 00:00 0 
7f003b8f2000-7f003b8fa000 rw-s 00000000 fd:01 274152                     /tmp/hsperfdata_minecraft/5815
7f003b8fa000-7f003b8fd000 ---p 00000000 00:00 0 
7f003b8fd000-7f003ba01000 rw-p 00000000 00:00 0                          [stack:5817]
7f003ba01000-7f003ba02000 r--s 00002000 fd:01 939936                     /usr/lib/jvm/java-7-openjdk-amd64/jre/lib/ext/dnsns.jar
7f003ba02000-7f003ba04000 r--s 00012000 fd:01 939932                     /usr/lib/jvm/java-7-openjdk-amd64/jre/lib/ext/zipfs.jar
7f003ba04000-7f003ba05000 rw-p 00000000 00:00 0 
7f003ba05000-7f003ba06000 ---p 00000000 00:00 0 
7f003ba06000-7f003ba08000 rw-p 00000000 00:00 0 
7f003ba08000-7f003ba09000 r--p 00022000 fd:01 393590                     /lib/x86_64-linux-gnu/ld-2.19.so
7f003ba09000-7f003ba0a000 rw-p 00023000 fd:01 393590                     /lib/x86_64-linux-gnu/ld-2.19.so
7f003ba0a000-7f003ba0b000 rw-p 00000000 00:00 0 
7fff90575000-7fff90596000 rw-p 00000000 00:00 0                          [stack]
7fff905fe000-7fff90600000 r-xp 00000000 00:00 0                          [vdso]
ffffffffff600000-ffffffffff601000 r-xp 00000000 00:00 0                  [vsyscall]

VM Arguments:
jvm_args: -Xms32M -Xmx450M 
java_command: craftbukkit.jar nogui
Launcher Type: SUN_STANDARD

Environment Variables:
PATH=/usr/local/sbin:/usr/local/bin:/usr/bin:/usr/sbin:/sbin:/bin

Signal Handlers:
SIGSEGV: [libjvm.so+0x9495e0], sa_mask[0]=0x7ffbfeff, sa_flags=0x10000004
SIGBUS: [libjvm.so+0x9495e0], sa_mask[0]=0x7ffbfeff, sa_flags=0x10000004
SIGFPE: [libjvm.so+0x7c3410], sa_mask[0]=0x7ffbfeff, sa_flags=0x10000004
SIGPIPE: [libjvm.so+0x7c3410], sa_mask[0]=0x7ffbfeff, sa_flags=0x10000004
SIGXFSZ: [libjvm.so+0x7c3410], sa_mask[0]=0x7ffbfeff, sa_flags=0x10000004
SIGILL: [libjvm.so+0x7c3410], sa_mask[0]=0x7ffbfeff, sa_flags=0x10000004
SIGUSR1: SIG_DFL, sa_mask[0]=0x00000000, sa_flags=0x00000000
SIGUSR2: [libjvm.so+0x7c32b0], sa_mask[0]=0x00000000, sa_flags=0x10000004
SIGHUP: [libjvm.so+0x7c3490], sa_mask[0]=0x7ffbfeff, sa_flags=0x10000004
SIGINT: [libjvm.so+0x7c3490], sa_mask[0]=0x7ffbfeff, sa_flags=0x10000004
SIGTERM: [libjvm.so+0x7c3490], sa_mask[0]=0x7ffbfeff, sa_flags=0x10000004
SIGQUIT: [libjvm.so+0x7c3490], sa_mask[0]=0x7ffbfeff, sa_flags=0x10000004
SIGTRAP: SIG_DFL, sa_mask[0]=0x00000000, sa_flags=0x00000000


---------------  S Y S T E M  ---------------

OS:Ubuntu 14.04 (trusty)
uname:Linux 3.13.0-37-generic #64-Ubuntu SMP Mon Sep 22 21:28:38 UTC 2014 x86_64
libc:glibc 2.19 NPTL 2.19 
rlimit: STACK 8192k, CORE 0k, NPROC 3750, NOFILE 4096, AS infinity
load average:2.20 1.05 0.48

/proc/meminfo:
MemTotal:         501808 kB
MemFree:            7020 kB
Buffers:             364 kB
Cached:            52884 kB
SwapCached:            0 kB
Active:           443872 kB
Inactive:          23304 kB
Active(anon):     414060 kB
Inactive(anon):      236 kB
Active(file):      29812 kB
Inactive(file):    23068 kB
Unevictable:           0 kB
Mlocked:               0 kB
SwapTotal:             0 kB
SwapFree:              0 kB
Dirty:                72 kB
Writeback:             0 kB
AnonPages:        413984 kB
Mapped:            15400 kB
Shmem:               324 kB
Slab:              14672 kB
SReclaimable:       7340 kB
SUnreclaim:         7332 kB
KernelStack:         696 kB
PageTables:         2596 kB
NFS_Unstable:          0 kB
Bounce:                0 kB
WritebackTmp:          0 kB
CommitLimit:      250904 kB
Committed_AS:     430132 kB
VmallocTotal:   34359738367 kB
VmallocUsed:        7884 kB
VmallocChunk:   34359721692 kB
HardwareCorrupted:     0 kB
AnonHugePages:         0 kB
HugePages_Total:       0
HugePages_Free:        0
HugePages_Rsvd:        0
HugePages_Surp:        0
Hugepagesize:       2048 kB
DirectMap4k:       36856 kB
DirectMap2M:      487424 kB
DirectMap1G:           0 kB


CPU:total 1 (1 cores per cpu, 1 threads per core) family 6 model 62 stepping 4, cmov, cx8, fxsr, mmx, sse, sse2, sse3, ssse3, sse4.1, sse4.2, popcnt, avx, aes, erms, tsc

/proc/cpuinfo:
processor	: 0
vendor_id	: GenuineIntel
cpu family	: 6
model		: 62
model name	: Intel(R) Xeon(R) CPU E5-2630L v2 @ 2.40GHz
stepping	: 4
microcode	: 0x1
cpu MHz		: 2399.998
cache size	: 15360 KB
physical id	: 0
siblings	: 1
core id		: 0
cpu cores	: 1
apicid		: 0
initial apicid	: 0
fpu		: yes
fpu_exception	: yes
cpuid level	: 13
wp		: yes
flags		: fpu vme de pse tsc msr pae mce cx8 apic sep mtrr pge mca cmov pat pse36 clflush mmx fxsr sse sse2 ss syscall nx pdpe1gb rdtscp lm constant_tsc arch_perfmon rep_good nopl eagerfpu pni pclmulqdq vmx ssse3 cx16 pcid sse4_1 sse4_2 x2apic popcnt tsc_deadline_timer aes xsave avx f16c rdrand hypervisor lahf_lm xsaveopt vnmi ept fsgsbase tsc_adjust smep erms
bogomips	: 4799.99
clflush size	: 64
cache_alignment	: 64
address sizes	: 40 bits physical, 48 bits virtual
power management:



Memory: 4k page, physical 501808k(7020k free), swap 0k(0k free)

vm_info: OpenJDK 64-Bit Server VM (24.65-b04) for linux-amd64 JRE (1.7.0_65-b32), built on Oct 22 2014 04:37:44 by "buildd" with gcc 4.8.2

time: Thu Nov 27 09:18:04 2014
elapsed time: 17 seconds

